--------
Total Statistics
--------
Total Instructions: 108731492257
Total Cycles: 1357730529364
IPC: 0.0800833

--------
Two level Cache hierarchy
--------
  L1-Data Cache:
    Size(KB):          32
    Block Size(B):     32
    Associativity:      4

  L2-Data Cache:
    Size(KB):         256
    Block Size(B):    256
    Associativity:      8

Latencies:    1   15  250
L1-Sets:  256 - LFU - assoc:   4
L2-Sets:  128 - LFU - assoc:   8
Store_allocation: Yes
L2_inclusive: Yes

L1 Cache Stats:
L1-Load-Hits:       23293292694   67.00%
L1-Load-Misses:     11471983643   33.00%
L1-Load-Accesses:   34765276337  100.00%

L1-Store-Hits:        9267244091   96.58%
L1-Store-Misses:       328579174    3.42%
L1-Store-Accesses:    9595823265  100.00%

L1-Total-Hits:       32560536785   73.40%
L1-Total-Misses:     11800562817   26.60%
L1-Total-Accesses:   44361099602  100.00%

L2 Cache Stats:
L2-Load-Hits:        7478953093   65.19%
L2-Load-Misses:      3993030550   34.81%
L2-Load-Accesses:   11471983643  100.00%

L2-Store-Hits:         211091743   64.24%
L2-Store-Misses:       117487431   35.76%
L2-Store-Accesses:     328579174  100.00%

L2-Total-Hits:        7690044836   65.17%
L2-Total-Misses:      4110517981   34.83%
L2-Total-Accesses:   11800562817  100.00%

