--------
Total Statistics
--------
Total Instructions: 108731492132
Total Cycles: 954250459272
IPC: 0.113944

--------
Two level Cache hierarchy
--------
  L1-Data Cache:
    Size(KB):          32
    Block Size(B):     32
    Associativity:      4

  L2-Data Cache:
    Size(KB):         256
    Block Size(B):     64
    Associativity:      4

Latencies:    1   15  250
L1-Sets:  256 - LRU - assoc:   4
L2-Sets: 1024 - LRU - assoc:   4
Store_allocation: Yes
L2_inclusive: Yes

L1 Cache Stats:
L1-Load-Hits:       28463743724   81.87%
L1-Load-Misses:      6301532571   18.13%
L1-Load-Accesses:   34765276295  100.00%

L1-Store-Hits:        9520080764   99.21%
L1-Store-Misses:        75742501    0.79%
L1-Store-Accesses:    9595823265  100.00%

L1-Total-Hits:       37983824488   85.62%
L1-Total-Misses:      6377275072   14.38%
L1-Total-Accesses:   44361099560  100.00%

L2 Cache Stats:
L2-Load-Hits:        3516542242   55.80%
L2-Load-Misses:      2784990329   44.20%
L2-Load-Accesses:    6301532571  100.00%

L2-Store-Hits:          38737864   51.14%
L2-Store-Misses:        37004637   48.86%
L2-Store-Accesses:      75742501  100.00%

L2-Total-Hits:        3555280106   55.75%
L2-Total-Misses:      2821994966   44.25%
L2-Total-Accesses:    6377275072  100.00%

