--------
Total Statistics
--------
Total Instructions: 108731492545
Total Cycles: 1219578005331
IPC: 0.089155

--------
Two level Cache hierarchy
--------
  L1-Data Cache:
    Size(KB):          32
    Block Size(B):     32
    Associativity:      4

  L2-Data Cache:
    Size(KB):         512
    Block Size(B):    256
    Associativity:      8

Latencies:    1   15  250
L1-Sets:  256 - LFU - assoc:   4
L2-Sets:  256 - LFU - assoc:   8
Store_allocation: Yes
L2_inclusive: Yes

L1 Cache Stats:
L1-Load-Hits:       16825478846   48.40%
L1-Load-Misses:     17939797491   51.60%
L1-Load-Accesses:   34765276337  100.00%

L1-Store-Hits:        8933951864   93.10%
L1-Store-Misses:       661871545    6.90%
L1-Store-Accesses:    9595823409  100.00%

L1-Total-Hits:       25759430710   58.07%
L1-Total-Misses:     18601669036   41.93%
L1-Total-Accesses:   44361099746  100.00%

L2 Cache Stats:
L2-Load-Hits:       14834521687   82.69%
L2-Load-Misses:      3105275804   17.31%
L2-Load-Accesses:   17939797491  100.00%

L2-Store-Hits:         617305839   93.27%
L2-Store-Misses:        44565706    6.73%
L2-Store-Accesses:     661871545  100.00%

L2-Total-Hits:       15451827526   83.07%
L2-Total-Misses:      3149841510   16.93%
L2-Total-Accesses:   18601669036  100.00%

