--------
Total Statistics
--------
Total Instructions: 108731492220
Total Cycles: 551963774349
IPC: 0.19699

--------
Two level Cache hierarchy
--------
  L1-Data Cache:
    Size(KB):          32
    Block Size(B):     32
    Associativity:      4

  L2-Data Cache:
    Size(KB):        2048
    Block Size(B):    256
    Associativity:     16

Latencies:    1   15  250
L1-Sets:  256 - SRRIP - assoc:   4
L2-Sets:  512 - SRRIP - assoc:  16
Store_allocation: Yes
L2_inclusive: Yes

L1 Cache Stats:
L1-Load-Hits:       25905985582   74.52%
L1-Load-Misses:      8859290709   25.48%
L1-Load-Accesses:   34765276291  100.00%

L1-Store-Hits:        9311683687   97.04%
L1-Store-Misses:       284139626    2.96%
L1-Store-Accesses:    9595823313  100.00%

L1-Total-Hits:       35217669269   79.39%
L1-Total-Misses:      9143430335   20.61%
L1-Total-Accesses:   44361099604  100.00%

L2 Cache Stats:
L2-Load-Hits:        7816956477   88.23%
L2-Load-Misses:      1042334232   11.77%
L2-Load-Accesses:    8859290709  100.00%

L2-Store-Hits:         279594948   98.40%
L2-Store-Misses:         4544678    1.60%
L2-Store-Accesses:     284139626  100.00%

L2-Total-Hits:        8096551425   88.55%
L2-Total-Misses:      1046878910   11.45%
L2-Total-Accesses:    9143430335  100.00%

