--------
Total Statistics
--------
Total Instructions: 108731492420
Total Cycles: 902891456984
IPC: 0.120426

--------
Two level Cache hierarchy
--------
  L1-Data Cache:
    Size(KB):          32
    Block Size(B):     32
    Associativity:      4

  L2-Data Cache:
    Size(KB):        1024
    Block Size(B):     64
    Associativity:      8

Latencies:    1   15  250
L1-Sets:  256 - LRU - assoc:   4
L2-Sets: 2048 - LRU - assoc:   8
Store_allocation: Yes
L2_inclusive: Yes

L1 Cache Stats:
L1-Load-Hits:       28467691991   81.89%
L1-Load-Misses:      6297584304   18.11%
L1-Load-Accesses:   34765276295  100.00%

L1-Store-Hits:        9520096939   99.21%
L1-Store-Misses:        75726470    0.79%
L1-Store-Accesses:    9595823409  100.00%

L1-Total-Hits:       37987788930   85.63%
L1-Total-Misses:      6373310774   14.37%
L1-Total-Accesses:   44361099704  100.00%

L2 Cache Stats:
L2-Load-Hits:        3704733678   58.83%
L2-Load-Misses:      2592850626   41.17%
L2-Load-Accesses:    6297584304  100.00%

L2-Store-Hits:          51780283   68.38%
L2-Store-Misses:        23946187   31.62%
L2-Store-Accesses:      75726470  100.00%

L2-Total-Hits:        3756513961   58.94%
L2-Total-Misses:      2616796813   41.06%
L2-Total-Accesses:    6373310774  100.00%

