--------
Total Statistics
--------
Total Instructions: 108731492420
Total Cycles: 653720263129
IPC: 0.166327

--------
Two level Cache hierarchy
--------
  L1-Data Cache:
    Size(KB):          32
    Block Size(B):     32
    Associativity:      4

  L2-Data Cache:
    Size(KB):         256
    Block Size(B):    256
    Associativity:      8

Latencies:    1   15  250
L1-Sets:  256 - Random - assoc:   4
L2-Sets:  128 - Random - assoc:   8
Store_allocation: Yes
L2_inclusive: Yes

L1 Cache Stats:
L1-Load-Hits:       27468575056   79.01%
L1-Load-Misses:      7296701239   20.99%
L1-Load-Accesses:   34765276295  100.00%

L1-Store-Hits:        9477669481   98.77%
L1-Store-Misses:       118153928    1.23%
L1-Store-Accesses:    9595823409  100.00%

L1-Total-Hits:       36946244537   83.29%
L1-Total-Misses:      7414855167   16.71%
L1-Total-Accesses:   44361099704  100.00%

L2 Cache Stats:
L2-Load-Hits:        5749317653   78.79%
L2-Load-Misses:      1547383586   21.21%
L2-Load-Accesses:    7296701239  100.00%

L2-Store-Hits:         107918140   91.34%
L2-Store-Misses:        10235788    8.66%
L2-Store-Accesses:     118153928  100.00%

L2-Total-Hits:        5857235793   78.99%
L2-Total-Misses:      1557619374   21.01%
L2-Total-Accesses:    7414855167  100.00%

