--------
Total Statistics
--------
Total Instructions: 108731492132
Total Cycles: 717220359427
IPC: 0.151601

--------
Two level Cache hierarchy
--------
  L1-Data Cache:
    Size(KB):          32
    Block Size(B):     32
    Associativity:      4

  L2-Data Cache:
    Size(KB):        2048
    Block Size(B):    256
    Associativity:     16

Latencies:    1   15  250
L1-Sets:  256 - LIP - assoc:   4
L2-Sets:  512 - LIP - assoc:  16
Store_allocation: Yes
L2_inclusive: Yes

L1 Cache Stats:
L1-Load-Hits:       21904658115   63.01%
L1-Load-Misses:     12860618180   36.99%
L1-Load-Accesses:   34765276295  100.00%

L1-Store-Hits:        8928739346   93.05%
L1-Store-Misses:       667083919    6.95%
L1-Store-Accesses:    9595823265  100.00%

L1-Total-Hits:       30833397461   69.51%
L1-Total-Misses:     13527702099   30.49%
L1-Total-Accesses:   44361099560  100.00%

L2 Cache Stats:
L2-Load-Hits:       11422343485   88.82%
L2-Load-Misses:      1438274695   11.18%
L2-Load-Accesses:   12860618180  100.00%

L2-Store-Hits:         660509669   99.01%
L2-Store-Misses:         6574250    0.99%
L2-Store-Accesses:     667083919  100.00%

L2-Total-Hits:       12082853154   89.32%
L2-Total-Misses:      1444848945   10.68%
L2-Total-Accesses:   13527702099  100.00%

