--------
Total Statistics
--------
Total Instructions: 108731492220
Total Cycles: 664793685354
IPC: 0.163557

--------
Two level Cache hierarchy
--------
  L1-Data Cache:
    Size(KB):          32
    Block Size(B):     32
    Associativity:      4

  L2-Data Cache:
    Size(KB):         256
    Block Size(B):    256
    Associativity:      8

Latencies:    1   15  250
L1-Sets:  256 - LRU - assoc:   4
L2-Sets:  128 - LRU - assoc:   8
Store_allocation: Yes
L2_inclusive: Yes

L1 Cache Stats:
L1-Load-Hits:       28450243590   81.84%
L1-Load-Misses:      6315032701   18.16%
L1-Load-Accesses:   34765276291  100.00%

L1-Store-Hits:        9520023962   99.21%
L1-Store-Misses:        75799351    0.79%
L1-Store-Accesses:    9595823313  100.00%

L1-Total-Hits:       37970267552   85.59%
L1-Total-Misses:      6390832052   14.41%
L1-Total-Accesses:   44361099604  100.00%

L2 Cache Stats:
L2-Load-Hits:        4661541256   73.82%
L2-Load-Misses:      1653491445   26.18%
L2-Load-Accesses:    6315032701  100.00%

L2-Store-Hits:          65936345   86.99%
L2-Store-Misses:         9863006   13.01%
L2-Store-Accesses:      75799351  100.00%

L2-Total-Hits:        4727477601   73.97%
L2-Total-Misses:      1663354451   26.03%
L2-Total-Accesses:    6390832052  100.00%

