--------
Total Statistics
--------
Total Instructions: 108731492132
Total Cycles: 650059742932
IPC: 0.167264

--------
Two level Cache hierarchy
--------
  L1-Data Cache:
    Size(KB):          32
    Block Size(B):     32
    Associativity:      4

  L2-Data Cache:
    Size(KB):         512
    Block Size(B):    128
    Associativity:      4

Latencies:    1   15  250
L1-Sets:  256 - LRU - assoc:   4
L2-Sets: 1024 - LRU - assoc:   4
Store_allocation: Yes
L2_inclusive: Yes

L1 Cache Stats:
L1-Load-Hits:       28857528975   83.01%
L1-Load-Misses:      5907747320   16.99%
L1-Load-Accesses:   34765276295  100.00%

L1-Store-Hits:        9520156069   99.21%
L1-Store-Misses:        75667196    0.79%
L1-Store-Accesses:    9595823265  100.00%

L1-Total-Hits:       38377685044   86.51%
L1-Total-Misses:      5983414516   13.49%
L1-Total-Accesses:   44361099560  100.00%

L2 Cache Stats:
L2-Load-Hits:        4297030643   72.74%
L2-Load-Misses:      1610716677   27.26%
L2-Load-Accesses:    5907747320  100.00%

L2-Store-Hits:          57520139   76.02%
L2-Store-Misses:        18147057   23.98%
L2-Store-Accesses:      75667196  100.00%

L2-Total-Hits:        4354550782   72.78%
L2-Total-Misses:      1628863734   27.22%
L2-Total-Accesses:    5983414516  100.00%

