--------
Total Statistics
--------
Total Instructions: 108731492436
Total Cycles: 561617492018
IPC: 0.193604

--------
Two level Cache hierarchy
--------
  L1-Data Cache:
    Size(KB):          32
    Block Size(B):     32
    Associativity:      4

  L2-Data Cache:
    Size(KB):         512
    Block Size(B):    256
    Associativity:      8

Latencies:    1   15  250
L1-Sets:  256 - Random - assoc:   4
L2-Sets:  256 - Random - assoc:   8
Store_allocation: Yes
L2_inclusive: Yes

L1 Cache Stats:
L1-Load-Hits:       27488924510   79.07%
L1-Load-Misses:      7276351788   20.93%
L1-Load-Accesses:   34765276298  100.00%

L1-Store-Hits:        9476370922   98.76%
L1-Store-Misses:       119452487    1.24%
L1-Store-Accesses:    9595823409  100.00%

L1-Total-Hits:       36965295432   83.33%
L1-Total-Misses:      7395804275   16.67%
L1-Total-Accesses:   44361099707  100.00%

L2 Cache Stats:
L2-Load-Hits:        6095112455   83.77%
L2-Load-Misses:      1181239333   16.23%
L2-Load-Accesses:    7276351788  100.00%

L2-Store-Hits:         110340477   92.37%
L2-Store-Misses:         9112010    7.63%
L2-Store-Accesses:     119452487  100.00%

L2-Total-Hits:        6205452932   83.91%
L2-Total-Misses:      1190351343   16.09%
L2-Total-Accesses:    7395804275  100.00%

