--------
Total Statistics
--------
Total Instructions: 108731492420
Total Cycles: 928110131919
IPC: 0.117154

--------
Two level Cache hierarchy
--------
  L1-Data Cache:
    Size(KB):          32
    Block Size(B):     32
    Associativity:      4

  L2-Data Cache:
    Size(KB):         256
    Block Size(B):     64
    Associativity:      8

Latencies:    1   15  250
L1-Sets:  256 - LRU - assoc:   4
L2-Sets:  512 - LRU - assoc:   8
Store_allocation: Yes
L2_inclusive: Yes

L1 Cache Stats:
L1-Load-Hits:       28464609576   81.88%
L1-Load-Misses:      6300666719   18.12%
L1-Load-Accesses:   34765276295  100.00%

L1-Store-Hits:        9520112175   99.21%
L1-Store-Misses:        75711234    0.79%
L1-Store-Accesses:    9595823409  100.00%

L1-Total-Hits:       37984721751   85.63%
L1-Total-Misses:      6376377953   14.37%
L1-Total-Accesses:   44361099704  100.00%

L2 Cache Stats:
L2-Load-Hits:        3620573019   57.46%
L2-Load-Misses:      2680093700   42.54%
L2-Load-Accesses:    6300666719  100.00%

L2-Store-Hits:          38317452   50.61%
L2-Store-Misses:        37393782   49.39%
L2-Store-Accesses:      75711234  100.00%

L2-Total-Hits:        3658890471   57.38%
L2-Total-Misses:      2717487482   42.62%
L2-Total-Accesses:    6376377953  100.00%

