--------
Total Statistics
--------
Total Instructions: 108731492132
Total Cycles: 660349000877
IPC: 0.164658

--------
Two level Cache hierarchy
--------
  L1-Data Cache:
    Size(KB):          32
    Block Size(B):     32
    Associativity:      4

  L2-Data Cache:
    Size(KB):         256
    Block Size(B):    256
    Associativity:      4

Latencies:    1   15  250
L1-Sets:  256 - LRU - assoc:   4
L2-Sets:  256 - LRU - assoc:   4
Store_allocation: Yes
L2_inclusive: Yes

L1 Cache Stats:
L1-Load-Hits:       28452229062   81.84%
L1-Load-Misses:      6313047233   18.16%
L1-Load-Accesses:   34765276295  100.00%

L1-Store-Hits:        9520048269   99.21%
L1-Store-Misses:        75774996    0.79%
L1-Store-Accesses:    9595823265  100.00%

L1-Total-Hits:       37972277331   85.60%
L1-Total-Misses:      6388822229   14.40%
L1-Total-Accesses:   44361099560  100.00%

L2 Cache Stats:
L2-Load-Hits:        4677113328   74.09%
L2-Load-Misses:      1635933905   25.91%
L2-Load-Accesses:    6313047233  100.00%

L2-Store-Hits:          66012598   87.12%
L2-Store-Misses:         9762398   12.88%
L2-Store-Accesses:      75774996  100.00%

L2-Total-Hits:        4743125926   74.24%
L2-Total-Misses:      1645696303   25.76%
L2-Total-Accesses:    6388822229  100.00%

