--------
Total Statistics
--------
Total Instructions: 108731492132
Total Cycles: 481419582292
IPC: 0.225856

--------
Two level Cache hierarchy
--------
  L1-Data Cache:
    Size(KB):          32
    Block Size(B):     32
    Associativity:      4

  L2-Data Cache:
    Size(KB):        1024
    Block Size(B):    256
    Associativity:      8

Latencies:    1   15  250
L1-Sets:  256 - LRU - assoc:   4
L2-Sets:  512 - LRU - assoc:   8
Store_allocation: Yes
L2_inclusive: Yes

L1 Cache Stats:
L1-Load-Hits:       28467909432   81.89%
L1-Load-Misses:      6297366863   18.11%
L1-Load-Accesses:   34765276295  100.00%

L1-Store-Hits:        9520107988   99.21%
L1-Store-Misses:        75715277    0.79%
L1-Store-Accesses:    9595823265  100.00%

L1-Total-Hits:       37988017420   85.63%
L1-Total-Misses:      6373082140   14.37%
L1-Total-Accesses:   44361099560  100.00%

L2 Cache Stats:
L2-Load-Hits:        5373087160   85.32%
L2-Load-Misses:       924279703   14.68%
L2-Load-Accesses:    6297366863  100.00%

L2-Store-Hits:          69071946   91.23%
L2-Store-Misses:         6643331    8.77%
L2-Store-Accesses:      75715277  100.00%

L2-Total-Hits:        5442159106   85.39%
L2-Total-Misses:       930923034   14.61%
L2-Total-Accesses:    6373082140  100.00%

