--------
Total Statistics
--------
Total Instructions: 22017479481
Total Cycles: 134958199809
IPC: 0.163143

--------
Two level Cache hierarchy
--------
  L1-Data Cache:
    Size(KB):          32
    Block Size(B):     32
    Associativity:      4

  L2-Data Cache:
    Size(KB):        1024
    Block Size(B):    256
    Associativity:     16

Latencies:    1   15  250
L1-Sets:  256 - SRRIP - assoc:   4
L2-Sets:  256 - SRRIP - assoc:  16
Store_allocation: Yes
L2_inclusive: Yes

L1 Cache Stats:
L1-Load-Hits:        4997409010   74.62%
L1-Load-Misses:      1699937778   25.38%
L1-Load-Accesses:    6697346788  100.00%

L1-Store-Hits:        2004989188   96.31%
L1-Store-Misses:        76877527    3.69%
L1-Store-Accesses:    2081866715  100.00%

L1-Total-Hits:        7002398198   79.76%
L1-Total-Misses:      1776815305   20.24%
L1-Total-Accesses:    8779213503  100.00%

L2 Cache Stats:
L2-Load-Hits:        1394203803   82.01%
L2-Load-Misses:       305733975   17.99%
L2-Load-Accesses:    1699937778  100.00%

L2-Store-Hits:          72574393   94.40%
L2-Store-Misses:         4303134    5.60%
L2-Store-Accesses:      76877527  100.00%

L2-Total-Hits:        1466778196   82.55%
L2-Total-Misses:       310037109   17.45%
L2-Total-Accesses:    1776815305  100.00%

