--------
Total Statistics
--------
Total Instructions: 108731492224
Total Cycles: 748779942191
IPC: 0.145212

--------
Two level Cache hierarchy
--------
  L1-Data Cache:
    Size(KB):          32
    Block Size(B):     32
    Associativity:      4

  L2-Data Cache:
    Size(KB):         256
    Block Size(B):    128
    Associativity:      4

Latencies:    1   15  250
L1-Sets:  256 - LRU - assoc:   4
L2-Sets:  512 - LRU - assoc:   4
Store_allocation: Yes
L2_inclusive: Yes

L1 Cache Stats:
L1-Load-Hits:       28461789121   81.87%
L1-Load-Misses:      6303487196   18.13%
L1-Load-Accesses:   34765276317  100.00%

L1-Store-Hits:        9520053902   99.21%
L1-Store-Misses:        75769363    0.79%
L1-Store-Accesses:    9595823265  100.00%

L1-Total-Hits:       37981843023   85.62%
L1-Total-Misses:      6379256559   14.38%
L1-Total-Accesses:   44361099582  100.00%

L2 Cache Stats:
L2-Load-Hits:        4322378204   68.57%
L2-Load-Misses:      1981108992   31.43%
L2-Load-Accesses:    6303487196  100.00%

L2-Store-Hits:          56884347   75.08%
L2-Store-Misses:        18885016   24.92%
L2-Store-Accesses:      75769363  100.00%

L2-Total-Hits:        4379262551   68.65%
L2-Total-Misses:      1999994008   31.35%
L2-Total-Accesses:    6379256559  100.00%

