--------
Total Statistics
--------
Total Instructions: 108731492220
Total Cycles: 624111925914
IPC: 0.174218

--------
Two level Cache hierarchy
--------
  L1-Data Cache:
    Size(KB):          32
    Block Size(B):     32
    Associativity:      4

  L2-Data Cache:
    Size(KB):        1024
    Block Size(B):    128
    Associativity:     16

Latencies:    1   15  250
L1-Sets:  256 - LRU - assoc:   4
L2-Sets:  512 - LRU - assoc:  16
Store_allocation: Yes
L2_inclusive: Yes

L1 Cache Stats:
L1-Load-Hits:       28468023652   81.89%
L1-Load-Misses:      6297252639   18.11%
L1-Load-Accesses:   34765276291  100.00%

L1-Store-Hits:        9520095596   99.21%
L1-Store-Misses:        75727717    0.79%
L1-Store-Accesses:    9595823313  100.00%

L1-Total-Hits:       37988119248   85.63%
L1-Total-Misses:      6372980356   14.37%
L1-Total-Accesses:   44361099604  100.00%

L2 Cache Stats:
L2-Load-Hits:        4808108080   76.35%
L2-Load-Misses:      1489144559   23.65%
L2-Load-Accesses:    6297252639  100.00%

L2-Store-Hits:          63173761   83.42%
L2-Store-Misses:        12553956   16.58%
L2-Store-Accesses:      75727717  100.00%

L2-Total-Hits:        4871281841   76.44%
L2-Total-Misses:      1501698515   23.56%
L2-Total-Accesses:    6372980356  100.00%

