--------
Total Statistics
--------
Total Instructions: 108731492420
Total Cycles: 579762528699
IPC: 0.187545

--------
Two level Cache hierarchy
--------
  L1-Data Cache:
    Size(KB):          32
    Block Size(B):     32
    Associativity:      4

  L2-Data Cache:
    Size(KB):         512
    Block Size(B):    256
    Associativity:      4

Latencies:    1   15  250
L1-Sets:  256 - LRU - assoc:   4
L2-Sets:  512 - LRU - assoc:   4
Store_allocation: Yes
L2_inclusive: Yes

L1 Cache Stats:
L1-Load-Hits:       28460580279   81.86%
L1-Load-Misses:      6304696016   18.14%
L1-Load-Accesses:   34765276295  100.00%

L1-Store-Hits:        9520086420   99.21%
L1-Store-Misses:        75736989    0.79%
L1-Store-Accesses:    9595823409  100.00%

L1-Total-Hits:       37980666699   85.62%
L1-Total-Misses:      6380433005   14.38%
L1-Total-Accesses:   44361099704  100.00%

L2 Cache Stats:
L2-Load-Hits:        4990234515   79.15%
L2-Load-Misses:      1314461501   20.85%
L2-Load-Accesses:    6304696016  100.00%

L2-Store-Hits:          66344724   87.60%
L2-Store-Misses:         9392265   12.40%
L2-Store-Accesses:      75736989  100.00%

L2-Total-Hits:        5056579239   79.25%
L2-Total-Misses:      1323853766   20.75%
L2-Total-Accesses:    6380433005  100.00%

