--------
Total Statistics
--------
Total Instructions: 108731492220
Total Cycles: 634295379694
IPC: 0.171421

--------
Two level Cache hierarchy
--------
  L1-Data Cache:
    Size(KB):          32
    Block Size(B):     32
    Associativity:      4

  L2-Data Cache:
    Size(KB):         512
    Block Size(B):    128
    Associativity:      8

Latencies:    1   15  250
L1-Sets:  256 - LRU - assoc:   4
L2-Sets:  512 - LRU - assoc:   8
Store_allocation: Yes
L2_inclusive: Yes

L1 Cache Stats:
L1-Load-Hits:       28466673156   81.88%
L1-Load-Misses:      6298603135   18.12%
L1-Load-Accesses:   34765276291  100.00%

L1-Store-Hits:        9520079440   99.21%
L1-Store-Misses:        75743873    0.79%
L1-Store-Accesses:    9595823313  100.00%

L1-Total-Hits:       37986752596   85.63%
L1-Total-Misses:      6374347008   14.37%
L1-Total-Accesses:   44361099604  100.00%

L2 Cache Stats:
L2-Load-Hits:        4774409826   75.80%
L2-Load-Misses:      1524193309   24.20%
L2-Load-Accesses:    6298603135  100.00%

L2-Store-Hits:          57586851   76.03%
L2-Store-Misses:        18157022   23.97%
L2-Store-Accesses:      75743873  100.00%

L2-Total-Hits:        4831996677   75.80%
L2-Total-Misses:      1542350331   24.20%
L2-Total-Accesses:    6374347008  100.00%

