--------
Total Statistics
--------
Total Instructions: 108731492345
Total Cycles: 1157375889191
IPC: 0.0939466

--------
Two level Cache hierarchy
--------
  L1-Data Cache:
    Size(KB):          32
    Block Size(B):     32
    Associativity:      4

  L2-Data Cache:
    Size(KB):        2048
    Block Size(B):    256
    Associativity:     16

Latencies:    1   15  250
L1-Sets:  256 - LFU - assoc:   4
L2-Sets:  512 - LFU - assoc:  16
Store_allocation: Yes
L2_inclusive: Yes

L1 Cache Stats:
L1-Load-Hits:       15723202867   45.23%
L1-Load-Misses:     19042073466   54.77%
L1-Load-Accesses:   34765276333  100.00%

L1-Store-Hits:        8902184499   92.77%
L1-Store-Misses:       693638814    7.23%
L1-Store-Accesses:    9595823313  100.00%

L1-Total-Hits:       24625387366   55.51%
L1-Total-Misses:     19735712280   44.49%
L1-Total-Accesses:   44361099646  100.00%

L2 Cache Stats:
L2-Load-Hits:       16235560860   85.26%
L2-Load-Misses:      2806512606   14.74%
L2-Load-Accesses:   19042073466  100.00%

L2-Store-Hits:         667160968   96.18%
L2-Store-Misses:        26477846    3.82%
L2-Store-Accesses:     693638814  100.00%

L2-Total-Hits:       16902721828   85.65%
L2-Total-Misses:      2832990452   14.35%
L2-Total-Accesses:   19735712280  100.00%

