--------
Total Statistics
--------
Total Instructions: 108731492420
Total Cycles: 657553724379
IPC: 0.165358

--------
Two level Cache hierarchy
--------
  L1-Data Cache:
    Size(KB):          32
    Block Size(B):     32
    Associativity:      4

  L2-Data Cache:
    Size(KB):         512
    Block Size(B):    256
    Associativity:      8

Latencies:    1   15  250
L1-Sets:  256 - SRRIP - assoc:   4
L2-Sets:  256 - SRRIP - assoc:   8
Store_allocation: Yes
L2_inclusive: Yes

L1 Cache Stats:
L1-Load-Hits:       25890809911   74.47%
L1-Load-Misses:      8874466384   25.53%
L1-Load-Accesses:   34765276295  100.00%

L1-Store-Hits:        9310086676   97.02%
L1-Store-Misses:       285736733    2.98%
L1-Store-Accesses:    9595823409  100.00%

L1-Total-Hits:       35200896587   79.35%
L1-Total-Misses:      9160203117   20.65%
L1-Total-Accesses:   44361099704  100.00%

L2 Cache Stats:
L2-Load-Hits:        7416530308   83.57%
L2-Load-Misses:      1457936076   16.43%
L2-Load-Accesses:    8874466384  100.00%

L2-Store-Hits:         275440467   96.40%
L2-Store-Misses:        10296266    3.60%
L2-Store-Accesses:     285736733  100.00%

L2-Total-Hits:        7691970775   83.97%
L2-Total-Misses:      1468232342   16.03%
L2-Total-Accesses:    9160203117  100.00%

