--------
Total Statistics
--------
Total Instructions: 108731492164
Total Cycles: 902951514555
IPC: 0.120418

--------
Two level Cache hierarchy
--------
  L1-Data Cache:
    Size(KB):          32
    Block Size(B):     32
    Associativity:      4

  L2-Data Cache:
    Size(KB):        1024
    Block Size(B):     64
    Associativity:     16

Latencies:    1   15  250
L1-Sets:  256 - LRU - assoc:   4
L2-Sets: 1024 - LRU - assoc:  16
Store_allocation: Yes
L2_inclusive: Yes

L1 Cache Stats:
L1-Load-Hits:       28468100790   81.89%
L1-Load-Misses:      6297175511   18.11%
L1-Load-Accesses:   34765276301  100.00%

L1-Store-Hits:        9520102071   99.21%
L1-Store-Misses:        75721194    0.79%
L1-Store-Accesses:    9595823265  100.00%

L1-Total-Hits:       37988202861   85.63%
L1-Total-Misses:      6372896705   14.37%
L1-Total-Accesses:   44361099566  100.00%

L2 Cache Stats:
L2-Load-Hits:        3704315700   58.83%
L2-Load-Misses:      2592859811   41.17%
L2-Load-Accesses:    6297175511  100.00%

L2-Store-Hits:          51519116   68.04%
L2-Store-Misses:        24202078   31.96%
L2-Store-Accesses:      75721194  100.00%

L2-Total-Hits:        3755834816   58.93%
L2-Total-Misses:      2617061889   41.07%
L2-Total-Accesses:    6372896705  100.00%

