--------
Total Statistics
--------
Total Instructions: 108731492420
Total Cycles: 710318689459
IPC: 0.153074

--------
Two level Cache hierarchy
--------
  L1-Data Cache:
    Size(KB):          32
    Block Size(B):     32
    Associativity:      4

  L2-Data Cache:
    Size(KB):         256
    Block Size(B):    256
    Associativity:      8

Latencies:    1   15  250
L1-Sets:  256 - SRRIP - assoc:   4
L2-Sets:  128 - SRRIP - assoc:   8
Store_allocation: Yes
L2_inclusive: Yes

L1 Cache Stats:
L1-Load-Hits:       25878241955   74.44%
L1-Load-Misses:      8887034340   25.56%
L1-Load-Accesses:   34765276295  100.00%

L1-Store-Hits:        9309198010   97.01%
L1-Store-Misses:       286625399    2.99%
L1-Store-Accesses:    9595823409  100.00%

L1-Total-Hits:       35187439965   79.32%
L1-Total-Misses:      9173659739   20.68%
L1-Total-Accesses:   44361099704  100.00%

L2 Cache Stats:
L2-Load-Hits:        7220913623   81.25%
L2-Load-Misses:      1666120717   18.75%
L2-Load-Accesses:    8887034340  100.00%

L2-Store-Hits:         274261311   95.69%
L2-Store-Misses:        12364088    4.31%
L2-Store-Accesses:     286625399  100.00%

L2-Total-Hits:        7495174934   81.70%
L2-Total-Misses:      1678484805   18.30%
L2-Total-Accesses:    9173659739  100.00%

