--------
Total Statistics
--------
Total Instructions: 108731492228
Total Cycles: 791747677251
IPC: 0.137331

--------
Two level Cache hierarchy
--------
  L1-Data Cache:
    Size(KB):          32
    Block Size(B):     32
    Associativity:      4

  L2-Data Cache:
    Size(KB):         512
    Block Size(B):    256
    Associativity:      8

Latencies:    1   15  250
L1-Sets:  256 - LIP - assoc:   4
L2-Sets:  256 - LIP - assoc:   8
Store_allocation: Yes
L2_inclusive: Yes

L1 Cache Stats:
L1-Load-Hits:       21884057411   62.95%
L1-Load-Misses:     12881218902   37.05%
L1-Load-Accesses:   34765276313  100.00%

L1-Store-Hits:        8928579954   93.05%
L1-Store-Misses:       667243311    6.95%
L1-Store-Accesses:    9595823265  100.00%

L1-Total-Hits:       30812637365   69.46%
L1-Total-Misses:     13548462213   30.54%
L1-Total-Accesses:   44361099578  100.00%

L2 Cache Stats:
L2-Load-Hits:       11154638928   86.60%
L2-Load-Misses:      1726579974   13.40%
L2-Load-Accesses:   12881218902  100.00%

L2-Store-Hits:         652110676   97.73%
L2-Store-Misses:        15132635    2.27%
L2-Store-Accesses:     667243311  100.00%

L2-Total-Hits:       11806749604   87.14%
L2-Total-Misses:      1741712609   12.86%
L2-Total-Accesses:   13548462213  100.00%

