--------
Total Statistics
--------
Total Instructions: 108731492420
Total Cycles: 573608577114
IPC: 0.189557

--------
Two level Cache hierarchy
--------
  L1-Data Cache:
    Size(KB):          32
    Block Size(B):     32
    Associativity:      4

  L2-Data Cache:
    Size(KB):         512
    Block Size(B):    256
    Associativity:      8

Latencies:    1   15  250
L1-Sets:  256 - LRU - assoc:   4
L2-Sets:  256 - LRU - assoc:   8
Store_allocation: Yes
L2_inclusive: Yes

L1 Cache Stats:
L1-Load-Hits:       28457137261   81.86%
L1-Load-Misses:      6308139034   18.14%
L1-Load-Accesses:   34765276295  100.00%

L1-Store-Hits:        9520045027   99.21%
L1-Store-Misses:        75778382    0.79%
L1-Store-Accesses:    9595823409  100.00%

L1-Total-Hits:       37977182288   85.61%
L1-Total-Misses:      6383917416   14.39%
L1-Total-Accesses:   44361099704  100.00%

L2 Cache Stats:
L2-Load-Hits:        5018499083   79.56%
L2-Load-Misses:      1289639951   20.44%
L2-Load-Accesses:    6308139034  100.00%

L2-Store-Hits:          66389438   87.61%
L2-Store-Misses:         9388944   12.39%
L2-Store-Accesses:      75778382  100.00%

L2-Total-Hits:        5084888521   79.65%
L2-Total-Misses:      1299028895   20.35%
L2-Total-Accesses:    6383917416  100.00%

