--------
Total Statistics
--------
Total Instructions: 108731492220
Total Cycles: 889444183079
IPC: 0.122247

--------
Two level Cache hierarchy
--------
  L1-Data Cache:
    Size(KB):          32
    Block Size(B):     32
    Associativity:      4

  L2-Data Cache:
    Size(KB):        2048
    Block Size(B):     64
    Associativity:     16

Latencies:    1   15  250
L1-Sets:  256 - LRU - assoc:   4
L2-Sets: 2048 - LRU - assoc:  16
Store_allocation: Yes
L2_inclusive: Yes

L1 Cache Stats:
L1-Load-Hits:       28467838293   81.89%
L1-Load-Misses:      6297437998   18.11%
L1-Load-Accesses:   34765276291  100.00%

L1-Store-Hits:        9519981794   99.21%
L1-Store-Misses:        75841519    0.79%
L1-Store-Accesses:    9595823313  100.00%

L1-Total-Hits:       37987820087   85.63%
L1-Total-Misses:      6373279517   14.37%
L1-Total-Accesses:   44361099604  100.00%

L2 Cache Stats:
L2-Load-Hits:        3754213776   59.61%
L2-Load-Misses:      2543224222   40.39%
L2-Load-Accesses:    6297437998  100.00%

L2-Store-Hits:          56056147   73.91%
L2-Store-Misses:        19785372   26.09%
L2-Store-Accesses:      75841519  100.00%

L2-Total-Hits:        3810269923   59.79%
L2-Total-Misses:      2563009594   40.21%
L2-Total-Accesses:    6373279517  100.00%

