--------
Total Statistics
--------
Total Instructions: 108731492220
Total Cycles: 619479885644
IPC: 0.175521

--------
Two level Cache hierarchy
--------
  L1-Data Cache:
    Size(KB):          32
    Block Size(B):     32
    Associativity:      4

  L2-Data Cache:
    Size(KB):        2048
    Block Size(B):    128
    Associativity:     16

Latencies:    1   15  250
L1-Sets:  256 - LRU - assoc:   4
L2-Sets: 1024 - LRU - assoc:  16
Store_allocation: Yes
L2_inclusive: Yes

L1 Cache Stats:
L1-Load-Hits:       28469323667   81.89%
L1-Load-Misses:      6295952624   18.11%
L1-Load-Accesses:   34765276291  100.00%

L1-Store-Hits:        9520033649   99.21%
L1-Store-Misses:        75789664    0.79%
L1-Store-Accesses:    9595823313  100.00%

L1-Total-Hits:       37989357316   85.64%
L1-Total-Misses:      6371742288   14.36%
L1-Total-Accesses:   44361099604  100.00%

L2 Cache Stats:
L2-Load-Hits:        4823551294   76.61%
L2-Load-Misses:      1472401330   23.39%
L2-Load-Accesses:    6295952624  100.00%

L2-Store-Hits:          64946356   85.69%
L2-Store-Misses:        10843308   14.31%
L2-Store-Accesses:      75789664  100.00%

L2-Total-Hits:        4888497650   76.72%
L2-Total-Misses:      1483244638   23.28%
L2-Total-Accesses:    6371742288  100.00%

