--------
Total Statistics
--------
Total Instructions: 108731492420
Total Cycles: 508314301009
IPC: 0.213906

--------
Two level Cache hierarchy
--------
  L1-Data Cache:
    Size(KB):          32
    Block Size(B):     32
    Associativity:      4

  L2-Data Cache:
    Size(KB):        1024
    Block Size(B):    256
    Associativity:     16

Latencies:    1   15  250
L1-Sets:  256 - Random - assoc:   4
L2-Sets:  256 - Random - assoc:  16
Store_allocation: Yes
L2_inclusive: Yes

L1 Cache Stats:
L1-Load-Hits:       27494054961   79.08%
L1-Load-Misses:      7271221334   20.92%
L1-Load-Accesses:   34765276295  100.00%

L1-Store-Hits:        9475987384   98.75%
L1-Store-Misses:       119836025    1.25%
L1-Store-Accesses:    9595823409  100.00%

L1-Total-Hits:       36970042345   83.34%
L1-Total-Misses:      7391057359   16.66%
L1-Total-Accesses:   44361099704  100.00%

L2 Cache Stats:
L2-Load-Hits:        6301466638   86.66%
L2-Load-Misses:       969754696   13.34%
L2-Load-Accesses:    7271221334  100.00%

L2-Store-Hits:         112167327   93.60%
L2-Store-Misses:         7668698    6.40%
L2-Store-Accesses:     119836025  100.00%

L2-Total-Hits:        6413633965   86.78%
L2-Total-Misses:       977423394   13.22%
L2-Total-Accesses:    7391057359  100.00%

