--------
Total Statistics
--------
Total Instructions: 108731492268
Total Cycles: 910042743106
IPC: 0.11948

--------
Two level Cache hierarchy
--------
  L1-Data Cache:
    Size(KB):          32
    Block Size(B):     32
    Associativity:      4

  L2-Data Cache:
    Size(KB):         512
    Block Size(B):     64
    Associativity:      8

Latencies:    1   15  250
L1-Sets:  256 - LRU - assoc:   4
L2-Sets: 1024 - LRU - assoc:   8
Store_allocation: Yes
L2_inclusive: Yes

L1 Cache Stats:
L1-Load-Hits:       28469045118   81.89%
L1-Load-Misses:      6296231182   18.11%
L1-Load-Accesses:   34765276300  100.00%

L1-Store-Hits:        9520103430   99.21%
L1-Store-Misses:        75719883    0.79%
L1-Store-Accesses:    9595823313  100.00%

L1-Total-Hits:       37989148548   85.64%
L1-Total-Misses:      6371951065   14.36%
L1-Total-Accesses:   44361099613  100.00%

L2 Cache Stats:
L2-Load-Hits:        3686344158   58.55%
L2-Load-Misses:      2609887024   41.45%
L2-Load-Accesses:    6296231182  100.00%

L2-Store-Hits:          40123366   52.99%
L2-Store-Misses:        35596517   47.01%
L2-Store-Accesses:      75719883  100.00%

L2-Total-Hits:        3726467524   58.48%
L2-Total-Misses:      2645483541   41.52%
L2-Total-Accesses:    6371951065  100.00%

