--------
Total Statistics
--------
Total Instructions: 108731492220
Total Cycles: 472649728019
IPC: 0.230047

--------
Two level Cache hierarchy
--------
  L1-Data Cache:
    Size(KB):          32
    Block Size(B):     32
    Associativity:      4

  L2-Data Cache:
    Size(KB):        2048
    Block Size(B):    256
    Associativity:     16

Latencies:    1   15  250
L1-Sets:  256 - LRU - assoc:   4
L2-Sets:  512 - LRU - assoc:  16
Store_allocation: Yes
L2_inclusive: Yes

L1 Cache Stats:
L1-Load-Hits:       28468667004   81.89%
L1-Load-Misses:      6296609287   18.11%
L1-Load-Accesses:   34765276291  100.00%

L1-Store-Hits:        9520110187   99.21%
L1-Store-Misses:        75713126    0.79%
L1-Store-Accesses:    9595823313  100.00%

L1-Total-Hits:       37988777191   85.64%
L1-Total-Misses:      6372322413   14.36%
L1-Total-Accesses:   44361099604  100.00%

L2 Cache Stats:
L2-Load-Hits:        5406529427   85.86%
L2-Load-Misses:       890079860   14.14%
L2-Load-Accesses:    6296609287  100.00%

L2-Store-Hits:          69903786   92.33%
L2-Store-Misses:         5809340    7.67%
L2-Store-Accesses:      75713126  100.00%

L2-Total-Hits:        5476433213   85.94%
L2-Total-Misses:       895889200   14.06%
L2-Total-Accesses:    6372322413  100.00%

