--------
Total Statistics
--------
Total Instructions: 38323372041
Total Cycles: 191559573384
IPC: 0.20006

--------
Two level Cache hierarchy
--------
  L1-Data Cache:
    Size(KB):          32
    Block Size(B):     32
    Associativity:      4

  L2-Data Cache:
    Size(KB):        1024
    Block Size(B):    128
    Associativity:      8

Latencies:    1   15  250
L1-Sets:  256 - LRU - assoc:   4
L2-Sets: 1024 - LRU - assoc:   8
Store_allocation: Yes
L2_inclusive: Yes

L1 Cache Stats:
L1-Load-Hits:        8617350536   89.24%
L1-Load-Misses:      1039201099   10.76%
L1-Load-Accesses:    9656551635  100.00%

L1-Store-Hits:        3213948881   90.17%
L1-Store-Misses:       350207037    9.83%
L1-Store-Accesses:    3564155918  100.00%

L1-Total-Hits:       11831299417   89.49%
L1-Total-Misses:      1389408136   10.51%
L1-Total-Accesses:   13220707553  100.00%

L2 Cache Stats:
L2-Load-Hits:         659928724   63.50%
L2-Load-Misses:       379272375   36.50%
L2-Load-Accesses:    1039201099  100.00%

L2-Store-Hits:         252781925   72.18%
L2-Store-Misses:        97425112   27.82%
L2-Store-Accesses:     350207037  100.00%

L2-Total-Hits:         912710649   65.69%
L2-Total-Misses:       476697487   34.31%
L2-Total-Accesses:    1389408136  100.00%

