--------
Total Statistics
--------
Total Instructions: 38323372041
Total Cycles: 158637675779
IPC: 0.241578

--------
Two level Cache hierarchy
--------
  L1-Data Cache:
    Size(KB):          32
    Block Size(B):     32
    Associativity:      4

  L2-Data Cache:
    Size(KB):        1024
    Block Size(B):    256
    Associativity:     16

Latencies:    1   15  250
L1-Sets:  256 - Random - assoc:   4
L2-Sets:  256 - Random - assoc:  16
Store_allocation: Yes
L2_inclusive: Yes

L1 Cache Stats:
L1-Load-Hits:        8606804748   89.13%
L1-Load-Misses:      1049746887   10.87%
L1-Load-Accesses:    9656551635  100.00%

L1-Store-Hits:        3211107676   90.09%
L1-Store-Misses:       353048242    9.91%
L1-Store-Accesses:    3564155918  100.00%

L1-Total-Hits:       11817912424   89.39%
L1-Total-Misses:      1402795129   10.61%
L1-Total-Accesses:   13220707553  100.00%

L2 Cache Stats:
L2-Load-Hits:         770571115   73.41%
L2-Load-Misses:       279175772   26.59%
L2-Load-Accesses:    1049746887  100.00%

L2-Store-Hits:         288017337   81.58%
L2-Store-Misses:        65030905   18.42%
L2-Store-Accesses:     353048242  100.00%

L2-Total-Hits:        1058588452   75.46%
L2-Total-Misses:       344206677   24.54%
L2-Total-Accesses:    1402795129  100.00%

