--------
Total Statistics
--------
Total Instructions: 38323372041
Total Cycles: 191809513334
IPC: 0.199799

--------
Two level Cache hierarchy
--------
  L1-Data Cache:
    Size(KB):          32
    Block Size(B):     32
    Associativity:      4

  L2-Data Cache:
    Size(KB):        1024
    Block Size(B):    128
    Associativity:     16

Latencies:    1   15  250
L1-Sets:  256 - LRU - assoc:   4
L2-Sets:  512 - LRU - assoc:  16
Store_allocation: Yes
L2_inclusive: Yes

L1 Cache Stats:
L1-Load-Hits:        8617302868   89.24%
L1-Load-Misses:      1039248767   10.76%
L1-Load-Accesses:    9656551635  100.00%

L1-Store-Hits:        3213877269   90.17%
L1-Store-Misses:       350278649    9.83%
L1-Store-Accesses:    3564155918  100.00%

L1-Total-Hits:       11831180137   89.49%
L1-Total-Misses:      1389527416   10.51%
L1-Total-Accesses:   13220707553  100.00%

L2 Cache Stats:
L2-Load-Hits:         659154500   63.43%
L2-Load-Misses:       380094267   36.57%
L2-Load-Accesses:    1039248767  100.00%

L2-Store-Hits:         252682826   72.14%
L2-Store-Misses:        97595823   27.86%
L2-Store-Accesses:     350278649  100.00%

L2-Total-Hits:         911837326   65.62%
L2-Total-Misses:       477690090   34.38%
L2-Total-Accesses:    1389527416  100.00%

