--------
Total Statistics
--------
Total Instructions: 38323372094
Total Cycles: 188013818860
IPC: 0.203833

--------
Two level Cache hierarchy
--------
  L1-Data Cache:
    Size(KB):          32
    Block Size(B):     32
    Associativity:      4

  L2-Data Cache:
    Size(KB):         256
    Block Size(B):    256
    Associativity:      8

Latencies:    1   15  250
L1-Sets:  256 - LFU - assoc:   4
L2-Sets:  128 - LFU - assoc:   8
Store_allocation: Yes
L2_inclusive: Yes

L1 Cache Stats:
L1-Load-Hits:        8507467541   88.10%
L1-Load-Misses:      1149084112   11.90%
L1-Load-Accesses:    9656551653  100.00%

L1-Store-Hits:        3194762317   89.64%
L1-Store-Misses:       369393601   10.36%
L1-Store-Accesses:    3564155918  100.00%

L1-Total-Hits:       11702229858   88.51%
L1-Total-Misses:      1518477713   11.49%
L1-Total-Accesses:   13220707571  100.00%

L2 Cache Stats:
L2-Load-Hits:         783005929   68.14%
L2-Load-Misses:       366078183   31.86%
L2-Load-Accesses:    1149084112  100.00%

L2-Store-Hits:         280701490   75.99%
L2-Store-Misses:        88692111   24.01%
L2-Store-Accesses:     369393601  100.00%

L2-Total-Hits:        1063707419   70.05%
L2-Total-Misses:       454770294   29.95%
L2-Total-Accesses:    1518477713  100.00%

