--------
Total Statistics
--------
Total Instructions: 38323372041
Total Cycles: 159030975244
IPC: 0.240981

--------
Two level Cache hierarchy
--------
  L1-Data Cache:
    Size(KB):          32
    Block Size(B):     32
    Associativity:      4

  L2-Data Cache:
    Size(KB):        1024
    Block Size(B):    256
    Associativity:     16

Latencies:    1   15  250
L1-Sets:  256 - LRU - assoc:   4
L2-Sets:  256 - LRU - assoc:  16
Store_allocation: Yes
L2_inclusive: Yes

L1 Cache Stats:
L1-Load-Hits:        8617188388   89.24%
L1-Load-Misses:      1039363247   10.76%
L1-Load-Accesses:    9656551635  100.00%

L1-Store-Hits:        3213536655   90.16%
L1-Store-Misses:       350619263    9.84%
L1-Store-Accesses:    3564155918  100.00%

L1-Total-Hits:       11830725043   89.49%
L1-Total-Misses:      1389982510   10.51%
L1-Total-Accesses:   13220707553  100.00%

L2 Cache Stats:
L2-Load-Hits:         758645234   72.99%
L2-Load-Misses:       280718013   27.01%
L2-Load-Accesses:    1039363247  100.00%

L2-Store-Hits:         284788644   81.22%
L2-Store-Misses:        65830619   18.78%
L2-Store-Accesses:     350619263  100.00%

L2-Total-Hits:        1043433878   75.07%
L2-Total-Misses:       346548632   24.93%
L2-Total-Accesses:    1389982510  100.00%

