--------
Total Statistics
--------
Total Instructions: 38323372106
Total Cycles: 155809394908
IPC: 0.245963

--------
Two level Cache hierarchy
--------
  L1-Data Cache:
    Size(KB):          32
    Block Size(B):     32
    Associativity:      4

  L2-Data Cache:
    Size(KB):        2048
    Block Size(B):    256
    Associativity:     16

Latencies:    1   15  250
L1-Sets:  256 - LRU - assoc:   4
L2-Sets:  512 - LRU - assoc:  16
Store_allocation: Yes
L2_inclusive: Yes

L1 Cache Stats:
L1-Load-Hits:        8617457092   89.24%
L1-Load-Misses:      1039094557   10.76%
L1-Load-Accesses:    9656551649  100.00%

L1-Store-Hits:        3213935626   90.17%
L1-Store-Misses:       350220292    9.83%
L1-Store-Accesses:    3564155918  100.00%

L1-Total-Hits:       11831392718   89.49%
L1-Total-Misses:      1389314849   10.51%
L1-Total-Accesses:   13220707567  100.00%

L2 Cache Stats:
L2-Load-Hits:         766562752   73.77%
L2-Load-Misses:       272531805   26.23%
L2-Load-Accesses:    1039094557  100.00%

L2-Store-Hits:         289049727   82.53%
L2-Store-Misses:        61170565   17.47%
L2-Store-Accesses:     350220292  100.00%

L2-Total-Hits:        1055612479   75.98%
L2-Total-Misses:       333702370   24.02%
L2-Total-Accesses:    1389314849  100.00%

