--------
Total Statistics
--------
Total Instructions: 38323373192
Total Cycles: 159749206821
IPC: 0.239897

--------
Two level Cache hierarchy
--------
  L1-Data Cache:
    Size(KB):          32
    Block Size(B):     32
    Associativity:      4

  L2-Data Cache:
    Size(KB):         512
    Block Size(B):    256
    Associativity:      8

Latencies:    1   15  250
L1-Sets:  256 - Random - assoc:   4
L2-Sets:  256 - Random - assoc:   8
Store_allocation: Yes
L2_inclusive: Yes

L1 Cache Stats:
L1-Load-Hits:        8608962290   89.15%
L1-Load-Misses:      1047589591   10.85%
L1-Load-Accesses:    9656551881  100.00%

L1-Store-Hits:        3211492487   90.11%
L1-Store-Misses:       352663431    9.89%
L1-Store-Accesses:    3564155918  100.00%

L1-Total-Hits:       11820454777   89.41%
L1-Total-Misses:      1400253022   10.59%
L1-Total-Accesses:   13220707799  100.00%

L2 Cache Stats:
L2-Load-Hits:         765430689   73.07%
L2-Load-Misses:       282158902   26.93%
L2-Load-Accesses:    1047589591  100.00%

L2-Store-Hits:         286017011   81.10%
L2-Store-Misses:        66646420   18.90%
L2-Store-Accesses:     352663431  100.00%

L2-Total-Hits:        1051447700   75.09%
L2-Total-Misses:       348805322   24.91%
L2-Total-Accesses:    1400253022  100.00%

