--------
Total Statistics
--------
Total Instructions: 38323372094
Total Cycles: 174930244920
IPC: 0.219078

--------
Two level Cache hierarchy
--------
  L1-Data Cache:
    Size(KB):          32
    Block Size(B):     32
    Associativity:      4

  L2-Data Cache:
    Size(KB):         512
    Block Size(B):    256
    Associativity:      8

Latencies:    1   15  250
L1-Sets:  256 - LFU - assoc:   4
L2-Sets:  256 - LFU - assoc:   8
Store_allocation: Yes
L2_inclusive: Yes

L1 Cache Stats:
L1-Load-Hits:        8525239144   88.28%
L1-Load-Misses:      1131312509   11.72%
L1-Load-Accesses:    9656551653  100.00%

L1-Store-Hits:        3190642710   89.52%
L1-Store-Misses:       373513208   10.48%
L1-Store-Accesses:    3564155918  100.00%

L1-Total-Hits:       11715881854   88.62%
L1-Total-Misses:      1504825717   11.38%
L1-Total-Accesses:   13220707571  100.00%

L2 Cache Stats:
L2-Load-Hits:         800759683   70.78%
L2-Load-Misses:       330552826   29.22%
L2-Load-Accesses:    1131312509  100.00%

L2-Store-Hits:         300810916   80.54%
L2-Store-Misses:        72702292   19.46%
L2-Store-Accesses:     373513208  100.00%

L2-Total-Hits:        1101570599   73.20%
L2-Total-Misses:       403255118   26.80%
L2-Total-Accesses:    1504825717  100.00%

