--------
Total Statistics
--------
Total Instructions: 38323372041
Total Cycles: 184640071759
IPC: 0.207557

--------
Two level Cache hierarchy
--------
  L1-Data Cache:
    Size(KB):          32
    Block Size(B):     32
    Associativity:      4

  L2-Data Cache:
    Size(KB):        2048
    Block Size(B):    128
    Associativity:     16

Latencies:    1   15  250
L1-Sets:  256 - LRU - assoc:   4
L2-Sets: 1024 - LRU - assoc:  16
Store_allocation: Yes
L2_inclusive: Yes

L1 Cache Stats:
L1-Load-Hits:        8617479295   89.24%
L1-Load-Misses:      1039072340   10.76%
L1-Load-Accesses:    9656551635  100.00%

L1-Store-Hits:        3213850347   90.17%
L1-Store-Misses:       350305571    9.83%
L1-Store-Accesses:    3564155918  100.00%

L1-Total-Hits:       11831329642   89.49%
L1-Total-Misses:      1389377911   10.51%
L1-Total-Accesses:   13220707553  100.00%

L2 Cache Stats:
L2-Load-Hits:         677631130   65.22%
L2-Load-Misses:       361441210   34.78%
L2-Load-Accesses:    1039072340  100.00%

L2-Store-Hits:         262725487   75.00%
L2-Store-Misses:        87580084   25.00%
L2-Store-Accesses:     350305571  100.00%

L2-Total-Hits:         940356617   67.68%
L2-Total-Misses:       449021294   32.32%
L2-Total-Accesses:    1389377911  100.00%

