--------
Total Statistics
--------
Total Instructions: 38323372041
Total Cycles: 268662685184
IPC: 0.142645

--------
Two level Cache hierarchy
--------
  L1-Data Cache:
    Size(KB):          32
    Block Size(B):     32
    Associativity:      4

  L2-Data Cache:
    Size(KB):         256
    Block Size(B):     64
    Associativity:      8

Latencies:    1   15  250
L1-Sets:  256 - LRU - assoc:   4
L2-Sets:  512 - LRU - assoc:   8
Store_allocation: Yes
L2_inclusive: Yes

L1 Cache Stats:
L1-Load-Hits:        8617039283   89.24%
L1-Load-Misses:      1039512352   10.76%
L1-Load-Accesses:    9656551635  100.00%

L1-Store-Hits:        3213901564   90.17%
L1-Store-Misses:       350254354    9.83%
L1-Store-Accesses:    3564155918  100.00%

L1-Total-Hits:       11830940847   89.49%
L1-Total-Misses:      1389766706   10.51%
L1-Total-Accesses:   13220707553  100.00%

L2 Cache Stats:
L2-Load-Hits:         438058151   42.14%
L2-Load-Misses:       601454201   57.86%
L2-Load-Accesses:    1039512352  100.00%

L2-Store-Hits:         166620135   47.57%
L2-Store-Misses:       183634219   52.43%
L2-Store-Accesses:     350254354  100.00%

L2-Total-Hits:         604678286   43.51%
L2-Total-Misses:       785088420   56.49%
L2-Total-Accesses:    1389766706  100.00%

