--------
Total Statistics
--------
Total Instructions: 38323372041
Total Cycles: 250502460494
IPC: 0.152986

--------
Two level Cache hierarchy
--------
  L1-Data Cache:
    Size(KB):          32
    Block Size(B):     32
    Associativity:      4

  L2-Data Cache:
    Size(KB):        2048
    Block Size(B):     64
    Associativity:     16

Latencies:    1   15  250
L1-Sets:  256 - LRU - assoc:   4
L2-Sets: 2048 - LRU - assoc:  16
Store_allocation: Yes
L2_inclusive: Yes

L1 Cache Stats:
L1-Load-Hits:        8617510325   89.24%
L1-Load-Misses:      1039041310   10.76%
L1-Load-Accesses:    9656551635  100.00%

L1-Store-Hits:        3213929468   90.17%
L1-Store-Misses:       350226450    9.83%
L1-Store-Accesses:    3564155918  100.00%

L1-Total-Hits:       11831439793   89.49%
L1-Total-Misses:      1389267760   10.51%
L1-Total-Accesses:   13220707553  100.00%

L2 Cache Stats:
L2-Load-Hits:         483480483   46.53%
L2-Load-Misses:       555560827   53.47%
L2-Load-Accesses:    1039041310  100.00%

L2-Store-Hits:         193309819   55.20%
L2-Store-Misses:       156916631   44.80%
L2-Store-Accesses:     350226450  100.00%

L2-Total-Hits:         676790302   48.72%
L2-Total-Misses:       712477458   51.28%
L2-Total-Accesses:    1389267760  100.00%

