--------
Total Statistics
--------
Total Instructions: 38323372041
Total Cycles: 193357509554
IPC: 0.1982

--------
Two level Cache hierarchy
--------
  L1-Data Cache:
    Size(KB):          32
    Block Size(B):     32
    Associativity:      4

  L2-Data Cache:
    Size(KB):         256
    Block Size(B):    128
    Associativity:      8

Latencies:    1   15  250
L1-Sets:  256 - LRU - assoc:   4
L2-Sets:  256 - LRU - assoc:   8
Store_allocation: Yes
L2_inclusive: Yes

L1 Cache Stats:
L1-Load-Hits:        8616727961   89.23%
L1-Load-Misses:      1039823674   10.77%
L1-Load-Accesses:    9656551635  100.00%

L1-Store-Hits:        3213904028   90.17%
L1-Store-Misses:       350251890    9.83%
L1-Store-Accesses:    3564155918  100.00%

L1-Total-Hits:       11830631989   89.49%
L1-Total-Misses:      1390075564   10.51%
L1-Total-Accesses:   13220707553  100.00%

L2 Cache Stats:
L2-Load-Hits:         656426777   63.13%
L2-Load-Misses:       383396897   36.87%
L2-Load-Accesses:    1039823674  100.00%

L2-Store-Hits:         249799601   71.32%
L2-Store-Misses:       100452289   28.68%
L2-Store-Accesses:     350251890  100.00%

L2-Total-Hits:         906226378   65.19%
L2-Total-Misses:       483849186   34.81%
L2-Total-Accesses:    1390075564  100.00%

