--------
Total Statistics
--------
Total Instructions: 38323372041
Total Cycles: 160650376239
IPC: 0.238551

--------
Two level Cache hierarchy
--------
  L1-Data Cache:
    Size(KB):          32
    Block Size(B):     32
    Associativity:      4

  L2-Data Cache:
    Size(KB):         512
    Block Size(B):    256
    Associativity:      8

Latencies:    1   15  250
L1-Sets:  256 - SRRIP - assoc:   4
L2-Sets:  256 - SRRIP - assoc:   8
Store_allocation: Yes
L2_inclusive: Yes

L1 Cache Stats:
L1-Load-Hits:        8610881159   89.17%
L1-Load-Misses:      1045670476   10.83%
L1-Load-Accesses:    9656551635  100.00%

L1-Store-Hits:        3213331751   90.16%
L1-Store-Misses:       350824167    9.84%
L1-Store-Accesses:    3564155918  100.00%

L1-Total-Hits:       11824212910   89.44%
L1-Total-Misses:      1396494643   10.56%
L1-Total-Accesses:   13220707553  100.00%

L2 Cache Stats:
L2-Load-Hits:         760263989   72.71%
L2-Load-Misses:       285406487   27.29%
L2-Load-Accesses:    1045670476  100.00%

L2-Store-Hits:         283595146   80.84%
L2-Store-Misses:        67229021   19.16%
L2-Store-Accesses:     350824167  100.00%

L2-Total-Hits:        1043859135   74.75%
L2-Total-Misses:       352635508   25.25%
L2-Total-Accesses:    1396494643  100.00%

