--------
Total Statistics
--------
Total Instructions: 38323372041
Total Cycles: 265737393859
IPC: 0.144215

--------
Two level Cache hierarchy
--------
  L1-Data Cache:
    Size(KB):          32
    Block Size(B):     32
    Associativity:      4

  L2-Data Cache:
    Size(KB):        1024
    Block Size(B):     64
    Associativity:     16

Latencies:    1   15  250
L1-Sets:  256 - LRU - assoc:   4
L2-Sets: 1024 - LRU - assoc:  16
Store_allocation: Yes
L2_inclusive: Yes

L1 Cache Stats:
L1-Load-Hits:        8617437837   89.24%
L1-Load-Misses:      1039113798   10.76%
L1-Load-Accesses:    9656551635  100.00%

L1-Store-Hits:        3213845565   90.17%
L1-Store-Misses:       350310353    9.83%
L1-Store-Accesses:    3564155918  100.00%

L1-Total-Hits:       11831283402   89.49%
L1-Total-Misses:      1389424151   10.51%
L1-Total-Accesses:   13220707553  100.00%

L2 Cache Stats:
L2-Load-Hits:         443601563   42.69%
L2-Load-Misses:       595512235   57.31%
L2-Load-Accesses:    1039113798  100.00%

L2-Store-Hits:         172414780   49.22%
L2-Store-Misses:       177895573   50.78%
L2-Store-Accesses:     350310353  100.00%

L2-Total-Hits:         616016343   44.34%
L2-Total-Misses:       773407808   55.66%
L2-Total-Accesses:    1389424151  100.00%

