--------
Total Statistics
--------
Total Instructions: 38323372041
Total Cycles: 158921059369
IPC: 0.241147

--------
Two level Cache hierarchy
--------
  L1-Data Cache:
    Size(KB):          32
    Block Size(B):     32
    Associativity:      4

  L2-Data Cache:
    Size(KB):        1024
    Block Size(B):    256
    Associativity:      8

Latencies:    1   15  250
L1-Sets:  256 - LRU - assoc:   4
L2-Sets:  512 - LRU - assoc:   8
Store_allocation: Yes
L2_inclusive: Yes

L1 Cache Stats:
L1-Load-Hits:        8617045857   89.24%
L1-Load-Misses:      1039505778   10.76%
L1-Load-Accesses:    9656551635  100.00%

L1-Store-Hits:        3213780211   90.17%
L1-Store-Misses:       350375707    9.83%
L1-Store-Accesses:    3564155918  100.00%

L1-Total-Hits:       11830826068   89.49%
L1-Total-Misses:      1389881485   10.51%
L1-Total-Accesses:   13220707553  100.00%

L2 Cache Stats:
L2-Load-Hits:         759090638   73.02%
L2-Load-Misses:       280415140   26.98%
L2-Load-Accesses:    1039505778  100.00%

L2-Store-Hits:         284675817   81.25%
L2-Store-Misses:        65699890   18.75%
L2-Store-Accesses:     350375707  100.00%

L2-Total-Hits:        1043766455   75.10%
L2-Total-Misses:       346115030   24.90%
L2-Total-Accesses:    1389881485  100.00%

