--------
Total Statistics
--------
Total Instructions: 38323372041
Total Cycles: 166486448534
IPC: 0.230189

--------
Two level Cache hierarchy
--------
  L1-Data Cache:
    Size(KB):          32
    Block Size(B):     32
    Associativity:      4

  L2-Data Cache:
    Size(KB):         256
    Block Size(B):    256
    Associativity:      8

Latencies:    1   15  250
L1-Sets:  256 - LIP - assoc:   4
L2-Sets:  128 - LIP - assoc:   8
Store_allocation: Yes
L2_inclusive: Yes

L1 Cache Stats:
L1-Load-Hits:        8590574008   88.96%
L1-Load-Misses:      1065977627   11.04%
L1-Load-Accesses:    9656551635  100.00%

L1-Store-Hits:        3210973849   90.09%
L1-Store-Misses:       353182069    9.91%
L1-Store-Accesses:    3564155918  100.00%

L1-Total-Hits:       11801547857   89.27%
L1-Total-Misses:      1419159696   10.73%
L1-Total-Accesses:   13220707553  100.00%

L2 Cache Stats:
L2-Load-Hits:         761576746   71.44%
L2-Load-Misses:       304400881   28.56%
L2-Load-Accesses:    1065977627  100.00%

L2-Store-Hits:         282963056   80.12%
L2-Store-Misses:        70219013   19.88%
L2-Store-Accesses:     353182069  100.00%

L2-Total-Hits:        1044539802   73.60%
L2-Total-Misses:       374619894   26.40%
L2-Total-Accesses:    1419159696  100.00%

