--------
Total Statistics
--------
Total Instructions: 38323372041
Total Cycles: 193468642289
IPC: 0.198086

--------
Two level Cache hierarchy
--------
  L1-Data Cache:
    Size(KB):          32
    Block Size(B):     32
    Associativity:      4

  L2-Data Cache:
    Size(KB):         256
    Block Size(B):    128
    Associativity:      4

Latencies:    1   15  250
L1-Sets:  256 - LRU - assoc:   4
L2-Sets:  512 - LRU - assoc:   4
Store_allocation: Yes
L2_inclusive: Yes

L1 Cache Stats:
L1-Load-Hits:        8616151646   89.23%
L1-Load-Misses:      1040399989   10.77%
L1-Load-Accesses:    9656551635  100.00%

L1-Store-Hits:        3213786894   90.17%
L1-Store-Misses:       350369024    9.83%
L1-Store-Accesses:    3564155918  100.00%

L1-Total-Hits:       11829938540   89.48%
L1-Total-Misses:      1390769013   10.52%
L1-Total-Accesses:   13220707553  100.00%

L2 Cache Stats:
L2-Load-Hits:         656642344   63.11%
L2-Load-Misses:       383757645   36.89%
L2-Load-Accesses:    1040399989  100.00%

L2-Store-Hits:         249874559   71.32%
L2-Store-Misses:       100494465   28.68%
L2-Store-Accesses:     350369024  100.00%

L2-Total-Hits:         906516903   65.18%
L2-Total-Misses:       484252110   34.82%
L2-Total-Accesses:    1390769013  100.00%

