--------
Total Statistics
--------
Total Instructions: 38323372094
Total Cycles: 161830997125
IPC: 0.236811

--------
Two level Cache hierarchy
--------
  L1-Data Cache:
    Size(KB):          32
    Block Size(B):     32
    Associativity:      4

  L2-Data Cache:
    Size(KB):        2048
    Block Size(B):    256
    Associativity:     16

Latencies:    1   15  250
L1-Sets:  256 - LFU - assoc:   4
L2-Sets:  512 - LFU - assoc:  16
Store_allocation: Yes
L2_inclusive: Yes

L1 Cache Stats:
L1-Load-Hits:        8570935194   88.76%
L1-Load-Misses:      1085616459   11.24%
L1-Load-Accesses:    9656551653  100.00%

L1-Store-Hits:        3208581613   90.02%
L1-Store-Misses:       355574305    9.98%
L1-Store-Accesses:    3564155918  100.00%

L1-Total-Hits:       11779516807   89.10%
L1-Total-Misses:      1441190764   10.90%
L1-Total-Accesses:   13220707571  100.00%

L2 Cache Stats:
L2-Load-Hits:         796870332   73.40%
L2-Load-Misses:       288746127   26.60%
L2-Load-Accesses:    1085616459  100.00%

L2-Store-Hits:         289644208   81.46%
L2-Store-Misses:        65930097   18.54%
L2-Store-Accesses:     355574305  100.00%

L2-Total-Hits:        1086514540   75.39%
L2-Total-Misses:       354676224   24.61%
L2-Total-Accesses:    1441190764  100.00%

