--------
Total Statistics
--------
Total Instructions: 38323372041
Total Cycles: 192914010289
IPC: 0.198655

--------
Two level Cache hierarchy
--------
  L1-Data Cache:
    Size(KB):          32
    Block Size(B):     32
    Associativity:      4

  L2-Data Cache:
    Size(KB):         512
    Block Size(B):    128
    Associativity:      4

Latencies:    1   15  250
L1-Sets:  256 - LRU - assoc:   4
L2-Sets: 1024 - LRU - assoc:   4
Store_allocation: Yes
L2_inclusive: Yes

L1 Cache Stats:
L1-Load-Hits:        8617076279   89.24%
L1-Load-Misses:      1039475356   10.76%
L1-Load-Accesses:    9656551635  100.00%

L1-Store-Hits:        3213517511   90.16%
L1-Store-Misses:       350638407    9.84%
L1-Store-Accesses:    3564155918  100.00%

L1-Total-Hits:       11830593790   89.49%
L1-Total-Misses:      1390113763   10.51%
L1-Total-Accesses:   13220707553  100.00%

L2 Cache Stats:
L2-Load-Hits:         657321923   63.24%
L2-Load-Misses:       382153433   36.76%
L2-Load-Accesses:    1039475356  100.00%

L2-Store-Hits:         250718943   71.50%
L2-Store-Misses:        99919464   28.50%
L2-Store-Accesses:     350638407  100.00%

L2-Total-Hits:         908040866   65.32%
L2-Total-Misses:       482072897   34.68%
L2-Total-Accesses:    1390113763  100.00%

