--------
Total Statistics
--------
Total Instructions: 38323372041
Total Cycles: 159671632884
IPC: 0.240014

--------
Two level Cache hierarchy
--------
  L1-Data Cache:
    Size(KB):          32
    Block Size(B):     32
    Associativity:      4

  L2-Data Cache:
    Size(KB):         512
    Block Size(B):    256
    Associativity:      8

Latencies:    1   15  250
L1-Sets:  256 - LRU - assoc:   4
L2-Sets:  256 - LRU - assoc:   8
Store_allocation: Yes
L2_inclusive: Yes

L1 Cache Stats:
L1-Load-Hits:        8616545224   89.23%
L1-Load-Misses:      1040006411   10.77%
L1-Load-Accesses:    9656551635  100.00%

L1-Store-Hits:        3213160593   90.15%
L1-Store-Misses:       350995325    9.85%
L1-Store-Accesses:    3564155918  100.00%

L1-Total-Hits:       11829705817   89.48%
L1-Total-Misses:      1391001736   10.52%
L1-Total-Accesses:   13220707553  100.00%

L2 Cache Stats:
L2-Load-Hits:         757867764   72.87%
L2-Load-Misses:       282138647   27.13%
L2-Load-Accesses:    1040006411  100.00%

L2-Store-Hits:         284083863   80.94%
L2-Store-Misses:        66911462   19.06%
L2-Store-Accesses:     350995325  100.00%

L2-Total-Hits:        1041951627   74.91%
L2-Total-Misses:       349050109   25.09%
L2-Total-Accesses:    1391001736  100.00%

