--------
Total Statistics
--------
Total Instructions: 38323372041
Total Cycles: 157261814194
IPC: 0.243692

--------
Two level Cache hierarchy
--------
  L1-Data Cache:
    Size(KB):          32
    Block Size(B):     32
    Associativity:      4

  L2-Data Cache:
    Size(KB):        2048
    Block Size(B):    256
    Associativity:     16

Latencies:    1   15  250
L1-Sets:  256 - LIP - assoc:   4
L2-Sets:  512 - LIP - assoc:  16
Store_allocation: Yes
L2_inclusive: Yes

L1 Cache Stats:
L1-Load-Hits:        8603033004   89.09%
L1-Load-Misses:      1053518631   10.91%
L1-Load-Accesses:    9656551635  100.00%

L1-Store-Hits:        3213057409   90.15%
L1-Store-Misses:       351098509    9.85%
L1-Store-Accesses:    3564155918  100.00%

L1-Total-Hits:       11816090413   89.38%
L1-Total-Misses:      1404617140   10.62%
L1-Total-Accesses:   13220707553  100.00%

L2 Cache Stats:
L2-Load-Hits:         776446241   73.70%
L2-Load-Misses:       277072390   26.30%
L2-Load-Accesses:    1053518631  100.00%

L2-Store-Hits:         289576989   82.48%
L2-Store-Misses:        61521520   17.52%
L2-Store-Accesses:     351098509  100.00%

L2-Total-Hits:        1066023230   75.89%
L2-Total-Misses:       338593910   24.11%
L2-Total-Accesses:    1404617140  100.00%

