--------
Total Statistics
--------
Total Instructions: 38323372144
Total Cycles: 160038344304
IPC: 0.239464

--------
Two level Cache hierarchy
--------
  L1-Data Cache:
    Size(KB):          32
    Block Size(B):     32
    Associativity:      4

  L2-Data Cache:
    Size(KB):         256
    Block Size(B):    256
    Associativity:      8

Latencies:    1   15  250
L1-Sets:  256 - LRU - assoc:   4
L2-Sets:  128 - LRU - assoc:   8
Store_allocation: Yes
L2_inclusive: Yes

L1 Cache Stats:
L1-Load-Hits:        8616231228   89.23%
L1-Load-Misses:      1040320429   10.77%
L1-Load-Accesses:    9656551657  100.00%

L1-Store-Hits:        3213395108   90.16%
L1-Store-Misses:       350760810    9.84%
L1-Store-Accesses:    3564155918  100.00%

L1-Total-Hits:       11829626336   89.48%
L1-Total-Misses:      1391081239   10.52%
L1-Total-Accesses:   13220707575  100.00%

L2 Cache Stats:
L2-Load-Hits:         756950419   72.76%
L2-Load-Misses:       283370010   27.24%
L2-Load-Accesses:    1040320429  100.00%

L2-Store-Hits:         283618636   80.86%
L2-Store-Misses:        67142174   19.14%
L2-Store-Accesses:     350760810  100.00%

L2-Total-Hits:        1040569055   74.80%
L2-Total-Misses:       350512184   25.20%
L2-Total-Accesses:    1391081239  100.00%

