--------
Total Statistics
--------
Total Instructions: 38323372041
Total Cycles: 265185206614
IPC: 0.144515

--------
Two level Cache hierarchy
--------
  L1-Data Cache:
    Size(KB):          32
    Block Size(B):     32
    Associativity:      4

  L2-Data Cache:
    Size(KB):        1024
    Block Size(B):     64
    Associativity:      8

Latencies:    1   15  250
L1-Sets:  256 - LRU - assoc:   4
L2-Sets: 2048 - LRU - assoc:   8
Store_allocation: Yes
L2_inclusive: Yes

L1 Cache Stats:
L1-Load-Hits:        8617359086   89.24%
L1-Load-Misses:      1039192549   10.76%
L1-Load-Accesses:    9656551635  100.00%

L1-Store-Hits:        3213906499   90.17%
L1-Store-Misses:       350249419    9.83%
L1-Store-Accesses:    3564155918  100.00%

L1-Total-Hits:       11831265585   89.49%
L1-Total-Misses:      1389441968   10.51%
L1-Total-Accesses:   13220707553  100.00%

L2 Cache Stats:
L2-Load-Hits:         445460583   42.87%
L2-Load-Misses:       593731966   57.13%
L2-Load-Accesses:    1039192549  100.00%

L2-Store-Hits:         172783395   49.33%
L2-Store-Misses:       177466024   50.67%
L2-Store-Accesses:     350249419  100.00%

L2-Total-Hits:         618243978   44.50%
L2-Total-Misses:       771197990   55.50%
L2-Total-Accesses:    1389441968  100.00%

