--------
Total Statistics
--------
Total Instructions: 38323372041
Total Cycles: 156213209784
IPC: 0.245327

--------
Two level Cache hierarchy
--------
  L1-Data Cache:
    Size(KB):          32
    Block Size(B):     32
    Associativity:      4

  L2-Data Cache:
    Size(KB):        2048
    Block Size(B):    256
    Associativity:     16

Latencies:    1   15  250
L1-Sets:  256 - Random - assoc:   4
L2-Sets:  512 - Random - assoc:  16
Store_allocation: Yes
L2_inclusive: Yes

L1 Cache Stats:
L1-Load-Hits:        8609323754   89.16%
L1-Load-Misses:      1047227881   10.84%
L1-Load-Accesses:    9656551635  100.00%

L1-Store-Hits:        3210416053   90.08%
L1-Store-Misses:       353739865    9.92%
L1-Store-Accesses:    3564155918  100.00%

L1-Total-Hits:       11819739807   89.40%
L1-Total-Misses:      1400967746   10.60%
L1-Total-Accesses:   13220707553  100.00%

L2 Cache Stats:
L2-Load-Hits:         774531308   73.96%
L2-Load-Misses:       272696573   26.04%
L2-Load-Accesses:    1047227881  100.00%

L2-Store-Hits:         291817982   82.50%
L2-Store-Misses:        61921883   17.50%
L2-Store-Accesses:     353739865  100.00%

L2-Total-Hits:        1066349290   76.12%
L2-Total-Misses:       334618456   23.88%
L2-Total-Accesses:    1400967746  100.00%

