--------
Total Statistics
--------
Total Instructions: 38323372606
Total Cycles: 162565472661
IPC: 0.235741

--------
Two level Cache hierarchy
--------
  L1-Data Cache:
    Size(KB):          32
    Block Size(B):     32
    Associativity:      4

  L2-Data Cache:
    Size(KB):         512
    Block Size(B):    256
    Associativity:      8

Latencies:    1   15  250
L1-Sets:  256 - LIP - assoc:   4
L2-Sets:  256 - LIP - assoc:   8
Store_allocation: Yes
L2_inclusive: Yes

L1 Cache Stats:
L1-Load-Hits:        8599650484   89.06%
L1-Load-Misses:      1056901273   10.94%
L1-Load-Accesses:    9656551757  100.00%

L1-Store-Hits:        3212379999   90.13%
L1-Store-Misses:       351775919    9.87%
L1-Store-Accesses:    3564155918  100.00%

L1-Total-Hits:       11812030483   89.34%
L1-Total-Misses:      1408677192   10.66%
L1-Total-Accesses:   13220707675  100.00%

L2 Cache Stats:
L2-Load-Hits:         765731249   72.45%
L2-Load-Misses:       291170024   27.55%
L2-Load-Accesses:    1056901273  100.00%

L2-Store-Hits:         283381005   80.56%
L2-Store-Misses:        68394914   19.44%
L2-Store-Accesses:     351775919  100.00%

L2-Total-Hits:        1049112254   74.47%
L2-Total-Misses:       359564938   25.53%
L2-Total-Accesses:    1408677192  100.00%

