--------
Total Statistics
--------
Total Instructions: 38323372041
Total Cycles: 267901498204
IPC: 0.14305

--------
Two level Cache hierarchy
--------
  L1-Data Cache:
    Size(KB):          32
    Block Size(B):     32
    Associativity:      4

  L2-Data Cache:
    Size(KB):         512
    Block Size(B):     64
    Associativity:      4

Latencies:    1   15  250
L1-Sets:  256 - LRU - assoc:   4
L2-Sets: 2048 - LRU - assoc:   4
Store_allocation: Yes
L2_inclusive: Yes

L1 Cache Stats:
L1-Load-Hits:        8617197662   89.24%
L1-Load-Misses:      1039353973   10.76%
L1-Load-Accesses:    9656551635  100.00%

L1-Store-Hits:        3213829517   90.17%
L1-Store-Misses:       350326401    9.83%
L1-Store-Accesses:    3564155918  100.00%

L1-Total-Hits:       11831027179   89.49%
L1-Total-Misses:      1389680374   10.51%
L1-Total-Accesses:   13220707553  100.00%

L2 Cache Stats:
L2-Load-Hits:         439666529   42.30%
L2-Load-Misses:       599687444   57.70%
L2-Load-Accesses:    1039353973  100.00%

L2-Store-Hits:         167964993   47.95%
L2-Store-Misses:       182361408   52.05%
L2-Store-Accesses:     350326401  100.00%

L2-Total-Hits:         607631522   43.72%
L2-Total-Misses:       782048852   56.28%
L2-Total-Accesses:    1389680374  100.00%

