--------
Total Statistics
--------
Total Instructions: 38323372041
Total Cycles: 162047359554
IPC: 0.236495

--------
Two level Cache hierarchy
--------
  L1-Data Cache:
    Size(KB):          32
    Block Size(B):     32
    Associativity:      4

  L2-Data Cache:
    Size(KB):         256
    Block Size(B):    256
    Associativity:      8

Latencies:    1   15  250
L1-Sets:  256 - SRRIP - assoc:   4
L2-Sets:  128 - SRRIP - assoc:   8
Store_allocation: Yes
L2_inclusive: Yes

L1 Cache Stats:
L1-Load-Hits:        8607464895   89.14%
L1-Load-Misses:      1049086740   10.86%
L1-Load-Accesses:    9656551635  100.00%

L1-Store-Hits:        3212601594   90.14%
L1-Store-Misses:       351554324    9.86%
L1-Store-Accesses:    3564155918  100.00%

L1-Total-Hits:       11820066489   89.41%
L1-Total-Misses:      1400641064   10.59%
L1-Total-Accesses:   13220707553  100.00%

L2 Cache Stats:
L2-Load-Hits:         759124338   72.36%
L2-Load-Misses:       289962402   27.64%
L2-Load-Accesses:    1049086740  100.00%

L2-Store-Hits:         283542070   80.65%
L2-Store-Misses:        68012254   19.35%
L2-Store-Accesses:     351554324  100.00%

L2-Total-Hits:        1042666408   74.44%
L2-Total-Misses:       357974656   25.56%
L2-Total-Accesses:    1400641064  100.00%

