--------
Total Statistics
--------
Total Instructions: 96483397826
Total Cycles: 510529727467
IPC: 0.188987

--------
Two level Cache hierarchy
--------
  L1-Data Cache:
    Size(KB):          32
    Block Size(B):     32
    Associativity:      4

  L2-Data Cache:
    Size(KB):         512
    Block Size(B):    256
    Associativity:      8

Latencies:    1   15  250
L1-Sets:  256 - SRRIP - assoc:   4
L2-Sets:  256 - SRRIP - assoc:   8
Store_allocation: Yes
L2_inclusive: Yes

L1 Cache Stats:
L1-Load-Hits:       18233983219   89.85%
L1-Load-Misses:      2059175562   10.15%
L1-Load-Accesses:   20293158781  100.00%

L1-Store-Hits:        5732296650   49.26%
L1-Store-Misses:      5904660330   50.74%
L1-Store-Accesses:   11636956980  100.00%

L1-Total-Hits:       23966279869   75.06%
L1-Total-Misses:      7963835892   24.94%
L1-Total-Accesses:   31930115761  100.00%

L2 Cache Stats:
L2-Load-Hits:        1793971552   87.12%
L2-Load-Misses:       265204010   12.88%
L2-Load-Accesses:    2059175562  100.00%

L2-Store-Hits:        5119229638   86.70%
L2-Store-Misses:       785430692   13.30%
L2-Store-Accesses:    5904660330  100.00%

L2-Total-Hits:        6913201190   86.81%
L2-Total-Misses:      1050634702   13.19%
L2-Total-Accesses:    7963835892  100.00%

