--------
Total Statistics
--------
Total Instructions: 96483397826
Total Cycles: 501966395667
IPC: 0.192211

--------
Two level Cache hierarchy
--------
  L1-Data Cache:
    Size(KB):          32
    Block Size(B):     32
    Associativity:      4

  L2-Data Cache:
    Size(KB):        1024
    Block Size(B):    256
    Associativity:      8

Latencies:    1   15  250
L1-Sets:  256 - LRU - assoc:   4
L2-Sets:  512 - LRU - assoc:   8
Store_allocation: Yes
L2_inclusive: Yes

L1 Cache Stats:
L1-Load-Hits:       18240575794   89.89%
L1-Load-Misses:      2052582987   10.11%
L1-Load-Accesses:   20293158781  100.00%

L1-Store-Hits:        5350311145   45.98%
L1-Store-Misses:      6286645835   54.02%
L1-Store-Accesses:   11636956980  100.00%

L1-Total-Hits:       23590886939   73.88%
L1-Total-Misses:      8339228822   26.12%
L1-Total-Accesses:   31930115761  100.00%

L2 Cache Stats:
L2-Load-Hits:        1795595317   87.48%
L2-Load-Misses:       256987670   12.52%
L2-Load-Accesses:    2052582987  100.00%

L2-Store-Hits:        5549775706   88.28%
L2-Store-Misses:       736870129   11.72%
L2-Store-Accesses:    6286645835  100.00%

L2-Total-Hits:        7345371023   88.08%
L2-Total-Misses:       993857799   11.92%
L2-Total-Accesses:    8339228822  100.00%

