--------
Total Statistics
--------
Total Instructions: 96483397826
Total Cycles: 1247648961842
IPC: 0.0773322

--------
Two level Cache hierarchy
--------
  L1-Data Cache:
    Size(KB):          32
    Block Size(B):     32
    Associativity:      4

  L2-Data Cache:
    Size(KB):         256
    Block Size(B):     64
    Associativity:      8

Latencies:    1   15  250
L1-Sets:  256 - LRU - assoc:   4
L2-Sets:  512 - LRU - assoc:   8
Store_allocation: Yes
L2_inclusive: Yes

L1 Cache Stats:
L1-Load-Hits:       18238329160   89.87%
L1-Load-Misses:      2054829621   10.13%
L1-Load-Accesses:   20293158781  100.00%

L1-Store-Hits:        5348400034   45.96%
L1-Store-Misses:      6288556946   54.04%
L1-Store-Accesses:   11636956980  100.00%

L1-Total-Hits:       23586729194   73.87%
L1-Total-Misses:      8343386567   26.13%
L1-Total-Accesses:   31930115761  100.00%

L2 Cache Stats:
L2-Load-Hits:        1027386656   50.00%
L2-Load-Misses:      1027442965   50.00%
L2-Load-Accesses:    2054829621  100.00%

L2-Store-Hits:        3339661312   53.11%
L2-Store-Misses:      2948895634   46.89%
L2-Store-Accesses:    6288556946  100.00%

L2-Total-Hits:        4367047968   52.34%
L2-Total-Misses:      3976338599   47.66%
L2-Total-Accesses:    8343386567  100.00%

