--------
Total Statistics
--------
Total Instructions: 96483397826
Total Cycles: 501981918012
IPC: 0.192205

--------
Two level Cache hierarchy
--------
  L1-Data Cache:
    Size(KB):          32
    Block Size(B):     32
    Associativity:      4

  L2-Data Cache:
    Size(KB):        1024
    Block Size(B):    256
    Associativity:     16

Latencies:    1   15  250
L1-Sets:  256 - LRU - assoc:   4
L2-Sets:  256 - LRU - assoc:  16
Store_allocation: Yes
L2_inclusive: Yes

L1 Cache Stats:
L1-Load-Hits:       18240568770   89.89%
L1-Load-Misses:      2052590011   10.11%
L1-Load-Accesses:   20293158781  100.00%

L1-Store-Hits:        5350397246   45.98%
L1-Store-Misses:      6286559734   54.02%
L1-Store-Accesses:   11636956980  100.00%

L1-Total-Hits:       23590966016   73.88%
L1-Total-Misses:      8339149745   26.12%
L1-Total-Accesses:   31930115761  100.00%

L2 Cache Stats:
L2-Load-Hits:        1795577172   87.48%
L2-Load-Misses:       257012839   12.52%
L2-Load-Accesses:    2052590011  100.00%

L2-Store-Hits:        5549647940   88.28%
L2-Store-Misses:       736911794   11.72%
L2-Store-Accesses:    6286559734  100.00%

L2-Total-Hits:        7345225112   88.08%
L2-Total-Misses:       993924633   11.92%
L2-Total-Accesses:    8339149745  100.00%

