--------
Total Statistics
--------
Total Instructions: 96483397826
Total Cycles: 525863459877
IPC: 0.183476

--------
Two level Cache hierarchy
--------
  L1-Data Cache:
    Size(KB):          32
    Block Size(B):     32
    Associativity:      4

  L2-Data Cache:
    Size(KB):         256
    Block Size(B):    256
    Associativity:      8

Latencies:    1   15  250
L1-Sets:  256 - SRRIP - assoc:   4
L2-Sets:  128 - SRRIP - assoc:   8
Store_allocation: Yes
L2_inclusive: Yes

L1 Cache Stats:
L1-Load-Hits:       18227051142   89.82%
L1-Load-Misses:      2066107639   10.18%
L1-Load-Accesses:   20293158781  100.00%

L1-Store-Hits:        5721944433   49.17%
L1-Store-Misses:      5915012547   50.83%
L1-Store-Accesses:   11636956980  100.00%

L1-Total-Hits:       23948995575   75.00%
L1-Total-Misses:      7981120186   25.00%
L1-Total-Accesses:   31930115761  100.00%

L2 Cache Stats:
L2-Load-Hits:        1794833390   86.87%
L2-Load-Misses:       271274249   13.13%
L2-Load-Accesses:    2066107639  100.00%

L2-Store-Hits:        5075354222   85.80%
L2-Store-Misses:       839658325   14.20%
L2-Store-Accesses:    5915012547  100.00%

L2-Total-Hits:        6870187612   86.08%
L2-Total-Misses:      1110932574   13.92%
L2-Total-Accesses:    7981120186  100.00%

