--------
Total Statistics
--------
Total Instructions: 96483397826
Total Cycles: 549150833157
IPC: 0.175696

--------
Two level Cache hierarchy
--------
  L1-Data Cache:
    Size(KB):          32
    Block Size(B):     32
    Associativity:      4

  L2-Data Cache:
    Size(KB):         512
    Block Size(B):    256
    Associativity:      8

Latencies:    1   15  250
L1-Sets:  256 - LIP - assoc:   4
L2-Sets:  256 - LIP - assoc:   8
Store_allocation: Yes
L2_inclusive: Yes

L1 Cache Stats:
L1-Load-Hits:       18232111718   89.84%
L1-Load-Misses:      2061047063   10.16%
L1-Load-Accesses:   20293158781  100.00%

L1-Store-Hits:        5738809955   49.32%
L1-Store-Misses:      5898147025   50.68%
L1-Store-Accesses:   11636956980  100.00%

L1-Total-Hits:       23970921673   75.07%
L1-Total-Misses:      7959194088   24.93%
L1-Total-Accesses:   31930115761  100.00%

L2 Cache Stats:
L2-Load-Hits:        1794146851   87.05%
L2-Load-Misses:       266900212   12.95%
L2-Load-Accesses:    2061047063  100.00%

L2-Store-Hits:        4959649604   84.09%
L2-Store-Misses:       938497421   15.91%
L2-Store-Accesses:    5898147025  100.00%

L2-Total-Hits:        6753796455   84.86%
L2-Total-Misses:      1205397633   15.14%
L2-Total-Accesses:    7959194088  100.00%

