--------
Total Statistics
--------
Total Instructions: 96483397826
Total Cycles: 543611095422
IPC: 0.177486

--------
Two level Cache hierarchy
--------
  L1-Data Cache:
    Size(KB):          32
    Block Size(B):     32
    Associativity:      4

  L2-Data Cache:
    Size(KB):         512
    Block Size(B):    256
    Associativity:      8

Latencies:    1   15  250
L1-Sets:  256 - Random - assoc:   4
L2-Sets:  256 - Random - assoc:   8
Store_allocation: Yes
L2_inclusive: Yes

L1 Cache Stats:
L1-Load-Hits:       18212754039   89.75%
L1-Load-Misses:      2080404742   10.25%
L1-Load-Accesses:   20293158781  100.00%

L1-Store-Hits:        5507248083   47.33%
L1-Store-Misses:      6129708897   52.67%
L1-Store-Accesses:   11636956980  100.00%

L1-Total-Hits:       23720002122   74.29%
L1-Total-Misses:      8210113639   25.71%
L1-Total-Accesses:   31930115761  100.00%

L2 Cache Stats:
L2-Load-Hits:        1822350030   87.60%
L2-Load-Misses:       258054712   12.40%
L2-Load-Accesses:    2080404742  100.00%

L2-Store-Hits:        5219580100   85.15%
L2-Store-Misses:       910128797   14.85%
L2-Store-Accesses:    6129708897  100.00%

L2-Total-Hits:        7041930130   85.77%
L2-Total-Misses:      1168183509   14.23%
L2-Total-Accesses:    8210113639  100.00%

