--------
Total Statistics
--------
Total Instructions: 96483397826
Total Cycles: 1246710821777
IPC: 0.0773904

--------
Two level Cache hierarchy
--------
  L1-Data Cache:
    Size(KB):          32
    Block Size(B):     32
    Associativity:      4

  L2-Data Cache:
    Size(KB):        1024
    Block Size(B):     64
    Associativity:     16

Latencies:    1   15  250
L1-Sets:  256 - LRU - assoc:   4
L2-Sets: 1024 - LRU - assoc:  16
Store_allocation: Yes
L2_inclusive: Yes

L1 Cache Stats:
L1-Load-Hits:       18240574322   89.89%
L1-Load-Misses:      2052584459   10.11%
L1-Load-Accesses:   20293158781  100.00%

L1-Store-Hits:        5350405793   45.98%
L1-Store-Misses:      6286551187   54.02%
L1-Store-Accesses:   11636956980  100.00%

L1-Total-Hits:       23590980115   73.88%
L1-Total-Misses:      8339135646   26.12%
L1-Total-Accesses:   31930115761  100.00%

L2 Cache Stats:
L2-Load-Hits:        1026879934   50.03%
L2-Load-Misses:      1025704525   49.97%
L2-Load-Accesses:    2052584459  100.00%

L2-Store-Hits:        3339414618   53.12%
L2-Store-Misses:      2947136569   46.88%
L2-Store-Accesses:    6286551187  100.00%

L2-Total-Hits:        4366294552   52.36%
L2-Total-Misses:      3972841094   47.64%
L2-Total-Accesses:    8339135646  100.00%

