--------
Total Statistics
--------
Total Instructions: 96483397879
Total Cycles: 903638572153
IPC: 0.106772

--------
Two level Cache hierarchy
--------
  L1-Data Cache:
    Size(KB):          32
    Block Size(B):     32
    Associativity:      4

  L2-Data Cache:
    Size(KB):         512
    Block Size(B):    256
    Associativity:      8

Latencies:    1   15  250
L1-Sets:  256 - LFU - assoc:   4
L2-Sets:  256 - LFU - assoc:   8
Store_allocation: Yes
L2_inclusive: Yes

L1 Cache Stats:
L1-Load-Hits:       18119092264   89.29%
L1-Load-Misses:      2174066535   10.71%
L1-Load-Accesses:   20293158799  100.00%

L1-Store-Hits:        5272526632   45.31%
L1-Store-Misses:      6364430348   54.69%
L1-Store-Accesses:   11636956980  100.00%

L1-Total-Hits:       23391618896   73.26%
L1-Total-Misses:      8538496883   26.74%
L1-Total-Accesses:   31930115779  100.00%

L2 Cache Stats:
L2-Load-Hits:        1835191637   84.41%
L2-Load-Misses:       338874898   15.59%
L2-Load-Accesses:    2174066535  100.00%

L2-Store-Hits:        4114714825   64.65%
L2-Store-Misses:      2249715523   35.35%
L2-Store-Accesses:    6364430348  100.00%

L2-Total-Hits:        5949906462   69.68%
L2-Total-Misses:      2588590421   30.32%
L2-Total-Accesses:    8538496883  100.00%

