--------
Total Statistics
--------
Total Instructions: 96483397826
Total Cycles: 506257564012
IPC: 0.190582

--------
Two level Cache hierarchy
--------
  L1-Data Cache:
    Size(KB):          32
    Block Size(B):     32
    Associativity:      4

  L2-Data Cache:
    Size(KB):        2048
    Block Size(B):    256
    Associativity:     16

Latencies:    1   15  250
L1-Sets:  256 - Random - assoc:   4
L2-Sets:  512 - Random - assoc:  16
Store_allocation: Yes
L2_inclusive: Yes

L1 Cache Stats:
L1-Load-Hits:       18212782317   89.75%
L1-Load-Misses:      2080376464   10.25%
L1-Load-Accesses:   20293158781  100.00%

L1-Store-Hits:        5507953399   47.33%
L1-Store-Misses:      6129003581   52.67%
L1-Store-Accesses:   11636956980  100.00%

L1-Total-Hits:       23720735716   74.29%
L1-Total-Misses:      8209380045   25.71%
L1-Total-Accesses:   31930115761  100.00%

L2 Cache Stats:
L2-Load-Hits:        1823381404   87.65%
L2-Load-Misses:       256995060   12.35%
L2-Load-Accesses:    2080376464  100.00%

L2-Store-Hits:        5367185242   87.57%
L2-Store-Misses:       761818339   12.43%
L2-Store-Accesses:    6129003581  100.00%

L2-Total-Hits:        7190566646   87.59%
L2-Total-Misses:      1018813399   12.41%
L2-Total-Accesses:    8209380045  100.00%

