--------
Total Statistics
--------
Total Instructions: 96483397826
Total Cycles: 554244457622
IPC: 0.174081

--------
Two level Cache hierarchy
--------
  L1-Data Cache:
    Size(KB):          32
    Block Size(B):     32
    Associativity:      4

  L2-Data Cache:
    Size(KB):         256
    Block Size(B):    256
    Associativity:      8

Latencies:    1   15  250
L1-Sets:  256 - LIP - assoc:   4
L2-Sets:  128 - LIP - assoc:   8
Store_allocation: Yes
L2_inclusive: Yes

L1 Cache Stats:
L1-Load-Hits:       18220866951   89.79%
L1-Load-Misses:      2072291830   10.21%
L1-Load-Accesses:   20293158781  100.00%

L1-Store-Hits:        5732744391   49.26%
L1-Store-Misses:      5904212589   50.74%
L1-Store-Accesses:   11636956980  100.00%

L1-Total-Hits:       23953611342   75.02%
L1-Total-Misses:      7976504419   24.98%
L1-Total-Accesses:   31930115761  100.00%

L2 Cache Stats:
L2-Load-Hits:        1794851518   86.61%
L2-Load-Misses:       277440312   13.39%
L2-Load-Accesses:    2072291830  100.00%

L2-Store-Hits:        4956919390   83.96%
L2-Store-Misses:       947293199   16.04%
L2-Store-Accesses:    5904212589  100.00%

L2-Total-Hits:        6751770908   84.65%
L2-Total-Misses:      1224733511   15.35%
L2-Total-Accesses:    7976504419  100.00%

