--------
Total Statistics
--------
Total Instructions: 96483397826
Total Cycles: 1246966556292
IPC: 0.0773745

--------
Two level Cache hierarchy
--------
  L1-Data Cache:
    Size(KB):          32
    Block Size(B):     32
    Associativity:      4

  L2-Data Cache:
    Size(KB):         512
    Block Size(B):     64
    Associativity:      8

Latencies:    1   15  250
L1-Sets:  256 - LRU - assoc:   4
L2-Sets: 1024 - LRU - assoc:   8
Store_allocation: Yes
L2_inclusive: Yes

L1 Cache Stats:
L1-Load-Hits:       18239848000   89.88%
L1-Load-Misses:      2053310781   10.12%
L1-Load-Accesses:   20293158781  100.00%

L1-Store-Hits:        5349907114   45.97%
L1-Store-Misses:      6287049866   54.03%
L1-Store-Accesses:   11636956980  100.00%

L1-Total-Hits:       23589755114   73.88%
L1-Total-Misses:      8340360647   26.12%
L1-Total-Accesses:   31930115761  100.00%

L2 Cache Stats:
L2-Load-Hits:        1027055425   50.02%
L2-Load-Misses:      1026255356   49.98%
L2-Load-Accesses:    2053310781  100.00%

L2-Store-Hits:        3339514690   53.12%
L2-Store-Misses:      2947535176   46.88%
L2-Store-Accesses:    6287049866  100.00%

L2-Total-Hits:        4366570115   52.35%
L2-Total-Misses:      3973790532   47.65%
L2-Total-Accesses:    8340360647  100.00%

