--------
Total Statistics
--------
Total Instructions: 96483397826
Total Cycles: 548545650887
IPC: 0.175889

--------
Two level Cache hierarchy
--------
  L1-Data Cache:
    Size(KB):          32
    Block Size(B):     32
    Associativity:      4

  L2-Data Cache:
    Size(KB):        1024
    Block Size(B):    256
    Associativity:     16

Latencies:    1   15  250
L1-Sets:  256 - LIP - assoc:   4
L2-Sets:  256 - LIP - assoc:  16
Store_allocation: Yes
L2_inclusive: Yes

L1 Cache Stats:
L1-Load-Hits:       18233259952   89.85%
L1-Load-Misses:      2059898829   10.15%
L1-Load-Accesses:   20293158781  100.00%

L1-Store-Hits:        5740488589   49.33%
L1-Store-Misses:      5896468391   50.67%
L1-Store-Accesses:   11636956980  100.00%

L1-Total-Hits:       23973748541   75.08%
L1-Total-Misses:      7956367220   24.92%
L1-Total-Accesses:   31930115761  100.00%

L2 Cache Stats:
L2-Load-Hits:        1793579393   87.07%
L2-Load-Misses:       266319436   12.93%
L2-Load-Accesses:    2059898829  100.00%

L2-Store-Hits:        4959641311   84.11%
L2-Store-Misses:       936827080   15.89%
L2-Store-Accesses:    5896468391  100.00%

L2-Total-Hits:        6753220704   84.88%
L2-Total-Misses:      1203146516   15.12%
L2-Total-Accesses:    7956367220  100.00%

