--------
Total Statistics
--------
Total Instructions: 13687443698
Total Cycles: 75397979124
IPC: 0.181536

--------
Two level Cache hierarchy
--------
  L1-Data Cache:
    Size(KB):          32
    Block Size(B):     32
    Associativity:      4

  L2-Data Cache:
    Size(KB):        1024
    Block Size(B):    256
    Associativity:     16

Latencies:    1   15  250
L1-Sets:  256 - SRRIP - assoc:   4
L2-Sets:  256 - SRRIP - assoc:  16
Store_allocation: Yes
L2_inclusive: Yes

L1 Cache Stats:
L1-Load-Hits:        2603334231   90.00%
L1-Load-Misses:       289162607   10.00%
L1-Load-Accesses:    2892496838  100.00%

L1-Store-Hits:         859682141   50.71%
L1-Store-Misses:       835651412   49.29%
L1-Store-Accesses:    1695333553  100.00%

L1-Total-Hits:        3463016372   75.48%
L1-Total-Misses:      1124814019   24.52%
L1-Total-Accesses:    4587830391  100.00%

L2 Cache Stats:
L2-Load-Hits:         252009827   87.15%
L2-Load-Misses:        37152780   12.85%
L2-Load-Accesses:     289162607  100.00%

L2-Store-Hits:         711802213   85.18%
L2-Store-Misses:       123849199   14.82%
L2-Store-Accesses:     835651412  100.00%

L2-Total-Hits:         963812040   85.69%
L2-Total-Misses:       161001979   14.31%
L2-Total-Accesses:    1124814019  100.00%

