--------
Total Statistics
--------
Total Instructions: 96483397826
Total Cycles: 1248165938257
IPC: 0.0773001

--------
Two level Cache hierarchy
--------
  L1-Data Cache:
    Size(KB):          32
    Block Size(B):     32
    Associativity:      4

  L2-Data Cache:
    Size(KB):         256
    Block Size(B):     64
    Associativity:      4

Latencies:    1   15  250
L1-Sets:  256 - LRU - assoc:   4
L2-Sets: 1024 - LRU - assoc:   4
Store_allocation: Yes
L2_inclusive: Yes

L1 Cache Stats:
L1-Load-Hits:       18237727792   89.87%
L1-Load-Misses:      2055430989   10.13%
L1-Load-Accesses:   20293158781  100.00%

L1-Store-Hits:        5347783691   45.96%
L1-Store-Misses:      6289173289   54.04%
L1-Store-Accesses:   11636956980  100.00%

L1-Total-Hits:       23585511483   73.87%
L1-Total-Misses:      8344604278   26.13%
L1-Total-Accesses:   31930115761  100.00%

L2 Cache Stats:
L2-Load-Hits:        1027408569   49.99%
L2-Load-Misses:      1028022420   50.01%
L2-Load-Accesses:    2055430989  100.00%

L2-Store-Hits:        3338862267   53.09%
L2-Store-Misses:      2950311022   46.91%
L2-Store-Accesses:    6289173289  100.00%

L2-Total-Hits:        4366270836   52.32%
L2-Total-Misses:      3978333442   47.68%
L2-Total-Accesses:    8344604278  100.00%

