--------
Total Statistics
--------
Total Instructions: 96483397826
Total Cycles: 750284032447
IPC: 0.128596

--------
Two level Cache hierarchy
--------
  L1-Data Cache:
    Size(KB):          32
    Block Size(B):     32
    Associativity:      4

  L2-Data Cache:
    Size(KB):        1024
    Block Size(B):    128
    Associativity:     16

Latencies:    1   15  250
L1-Sets:  256 - LRU - assoc:   4
L2-Sets:  512 - LRU - assoc:  16
Store_allocation: Yes
L2_inclusive: Yes

L1 Cache Stats:
L1-Load-Hits:       18240603529   89.89%
L1-Load-Misses:      2052555252   10.11%
L1-Load-Accesses:   20293158781  100.00%

L1-Store-Hits:        5350378858   45.98%
L1-Store-Misses:      6286578122   54.02%
L1-Store-Accesses:   11636956980  100.00%

L1-Total-Hits:       23590982387   73.88%
L1-Total-Misses:      8339133374   26.12%
L1-Total-Accesses:   31930115761  100.00%

L2 Cache Stats:
L2-Load-Hits:        1539131231   74.99%
L2-Load-Misses:       513424021   25.01%
L2-Load-Accesses:    2052555252  100.00%

L2-Store-Hits:        4812868070   76.56%
L2-Store-Misses:      1473710052   23.44%
L2-Store-Accesses:    6286578122  100.00%

L2-Total-Hits:        6351999301   76.17%
L2-Total-Misses:      1987134073   23.83%
L2-Total-Accesses:    8339133374  100.00%

