--------
Total Statistics
--------
Total Instructions: 96483397826
Total Cycles: 501905291697
IPC: 0.192234

--------
Two level Cache hierarchy
--------
  L1-Data Cache:
    Size(KB):          32
    Block Size(B):     32
    Associativity:      4

  L2-Data Cache:
    Size(KB):        2048
    Block Size(B):    256
    Associativity:     16

Latencies:    1   15  250
L1-Sets:  256 - LRU - assoc:   4
L2-Sets:  512 - LRU - assoc:  16
Store_allocation: Yes
L2_inclusive: Yes

L1 Cache Stats:
L1-Load-Hits:       18240788557   89.89%
L1-Load-Misses:      2052370224   10.11%
L1-Load-Accesses:   20293158781  100.00%

L1-Store-Hits:        5350525080   45.98%
L1-Store-Misses:      6286431900   54.02%
L1-Store-Accesses:   11636956980  100.00%

L1-Total-Hits:       23591313637   73.88%
L1-Total-Misses:      8338802124   26.12%
L1-Total-Accesses:   31930115761  100.00%

L2 Cache Stats:
L2-Load-Hits:        1795548543   87.49%
L2-Load-Misses:       256821681   12.51%
L2-Load-Accesses:    2052370224  100.00%

L2-Store-Hits:        5549614596   88.28%
L2-Store-Misses:       736817304   11.72%
L2-Store-Accesses:    6286431900  100.00%

L2-Total-Hits:        7345163139   88.08%
L2-Total-Misses:       993638985   11.92%
L2-Total-Accesses:    8338802124  100.00%

