--------
Total Statistics
--------
Total Instructions: 96483397826
Total Cycles: 750615154847
IPC: 0.128539

--------
Two level Cache hierarchy
--------
  L1-Data Cache:
    Size(KB):          32
    Block Size(B):     32
    Associativity:      4

  L2-Data Cache:
    Size(KB):         512
    Block Size(B):    128
    Associativity:      4

Latencies:    1   15  250
L1-Sets:  256 - LRU - assoc:   4
L2-Sets: 1024 - LRU - assoc:   4
Store_allocation: Yes
L2_inclusive: Yes

L1 Cache Stats:
L1-Load-Hits:       18239685845   89.88%
L1-Load-Misses:      2053472936   10.12%
L1-Load-Accesses:   20293158781  100.00%

L1-Store-Hits:        5349332132   45.97%
L1-Store-Misses:      6287624848   54.03%
L1-Store-Accesses:   11636956980  100.00%

L1-Total-Hits:       23589017977   73.88%
L1-Total-Misses:      8341097784   26.12%
L1-Total-Accesses:   31930115761  100.00%

L2 Cache Stats:
L2-Load-Hits:        1539391834   74.97%
L2-Load-Misses:       514081102   25.03%
L2-Load-Accesses:    2053472936  100.00%

L2-Store-Hits:        4813365252   76.55%
L2-Store-Misses:      1474259596   23.45%
L2-Store-Accesses:    6287624848  100.00%

L2-Total-Hits:        6352757086   76.16%
L2-Total-Misses:      1988340698   23.84%
L2-Total-Accesses:    8341097784  100.00%

