--------
Total Statistics
--------
Total Instructions: 96483397826
Total Cycles: 511891137972
IPC: 0.188484

--------
Two level Cache hierarchy
--------
  L1-Data Cache:
    Size(KB):          32
    Block Size(B):     32
    Associativity:      4

  L2-Data Cache:
    Size(KB):        2048
    Block Size(B):    256
    Associativity:     16

Latencies:    1   15  250
L1-Sets:  256 - LIP - assoc:   4
L2-Sets:  512 - LIP - assoc:  16
Store_allocation: Yes
L2_inclusive: Yes

L1 Cache Stats:
L1-Load-Hits:       18237765661   89.87%
L1-Load-Misses:      2055393120   10.13%
L1-Load-Accesses:   20293158781  100.00%

L1-Store-Hits:        5737076441   49.30%
L1-Store-Misses:      5899880539   50.70%
L1-Store-Accesses:   11636956980  100.00%

L1-Total-Hits:       23974842102   75.09%
L1-Total-Misses:      7955273659   24.91%
L1-Total-Accesses:   31930115761  100.00%

L2 Cache Stats:
L2-Load-Hits:        1793516045   87.26%
L2-Load-Misses:       261877075   12.74%
L2-Load-Accesses:    2055393120  100.00%

L2-Store-Hits:        5105163536   86.53%
L2-Store-Misses:       794717003   13.47%
L2-Store-Accesses:    5899880539  100.00%

L2-Total-Hits:        6898679581   86.72%
L2-Total-Misses:      1056594078   13.28%
L2-Total-Accesses:    7955273659  100.00%

