--------
Total Statistics
--------
Total Instructions: 96483397879
Total Cycles: 903651924333
IPC: 0.106771

--------
Two level Cache hierarchy
--------
  L1-Data Cache:
    Size(KB):          32
    Block Size(B):     32
    Associativity:      4

  L2-Data Cache:
    Size(KB):        1024
    Block Size(B):    256
    Associativity:     16

Latencies:    1   15  250
L1-Sets:  256 - LFU - assoc:   4
L2-Sets:  256 - LFU - assoc:  16
Store_allocation: Yes
L2_inclusive: Yes

L1 Cache Stats:
L1-Load-Hits:       18118893423   89.29%
L1-Load-Misses:      2174265376   10.71%
L1-Load-Accesses:   20293158799  100.00%

L1-Store-Hits:        5272625061   45.31%
L1-Store-Misses:      6364331919   54.69%
L1-Store-Accesses:   11636956980  100.00%

L1-Total-Hits:       23391518484   73.26%
L1-Total-Misses:      8538597295   26.74%
L1-Total-Accesses:   31930115779  100.00%

L2 Cache Stats:
L2-Load-Hits:        1835301190   84.41%
L2-Load-Misses:       338964186   15.59%
L2-Load-Accesses:    2174265376  100.00%

L2-Store-Hits:        4114658300   64.65%
L2-Store-Misses:      2249673619   35.35%
L2-Store-Accesses:    6364331919  100.00%

L2-Total-Hits:        5949959490   69.68%
L2-Total-Misses:      2588637805   30.32%
L2-Total-Accesses:    8538597295  100.00%

