--------
Total Statistics
--------
Total Instructions: 96483397826
Total Cycles: 502839330457
IPC: 0.191877

--------
Two level Cache hierarchy
--------
  L1-Data Cache:
    Size(KB):          32
    Block Size(B):     32
    Associativity:      4

  L2-Data Cache:
    Size(KB):         256
    Block Size(B):    256
    Associativity:      8

Latencies:    1   15  250
L1-Sets:  256 - LRU - assoc:   4
L2-Sets:  128 - LRU - assoc:   8
Store_allocation: Yes
L2_inclusive: Yes

L1 Cache Stats:
L1-Load-Hits:       18237444279   89.87%
L1-Load-Misses:      2055714502   10.13%
L1-Load-Accesses:   20293158781  100.00%

L1-Store-Hits:        5347253574   45.95%
L1-Store-Misses:      6289703406   54.05%
L1-Store-Accesses:   11636956980  100.00%

L1-Total-Hits:       23584697853   73.86%
L1-Total-Misses:      8345417908   26.14%
L1-Total-Accesses:   31930115761  100.00%

L2 Cache Stats:
L2-Load-Hits:        1796395685   87.39%
L2-Load-Misses:       259318817   12.61%
L2-Load-Accesses:    2055714502  100.00%

L2-Store-Hits:        5552044030   88.27%
L2-Store-Misses:       737659376   11.73%
L2-Store-Accesses:    6289703406  100.00%

L2-Total-Hits:        7348439715   88.05%
L2-Total-Misses:       996978193   11.95%
L2-Total-Accesses:    8345417908  100.00%

