--------
Total Statistics
--------
Total Instructions: 96483397826
Total Cycles: 751691453917
IPC: 0.128355

--------
Two level Cache hierarchy
--------
  L1-Data Cache:
    Size(KB):          32
    Block Size(B):     32
    Associativity:      4

  L2-Data Cache:
    Size(KB):         256
    Block Size(B):    128
    Associativity:      4

Latencies:    1   15  250
L1-Sets:  256 - LRU - assoc:   4
L2-Sets:  512 - LRU - assoc:   4
Store_allocation: Yes
L2_inclusive: Yes

L1 Cache Stats:
L1-Load-Hits:       18236825930   89.87%
L1-Load-Misses:      2056332851   10.13%
L1-Load-Accesses:   20293158781  100.00%

L1-Store-Hits:        5346280359   45.94%
L1-Store-Misses:      6290676621   54.06%
L1-Store-Accesses:   11636956980  100.00%

L1-Total-Hits:       23583106289   73.86%
L1-Total-Misses:      8347009472   26.14%
L1-Total-Accesses:   31930115761  100.00%

L2 Cache Stats:
L2-Load-Hits:        1540044043   74.89%
L2-Load-Misses:       516288808   25.11%
L2-Load-Accesses:    2056332851  100.00%

L2-Store-Hits:        4814674236   76.54%
L2-Store-Misses:      1476002385   23.46%
L2-Store-Accesses:    6290676621  100.00%

L2-Total-Hits:        6354718279   76.13%
L2-Total-Misses:      1992291193   23.87%
L2-Total-Accesses:    8347009472  100.00%

