--------
Total Statistics
--------
Total Instructions: 96483397879
Total Cycles: 810390895738
IPC: 0.119058

--------
Two level Cache hierarchy
--------
  L1-Data Cache:
    Size(KB):          32
    Block Size(B):     32
    Associativity:      4

  L2-Data Cache:
    Size(KB):        2048
    Block Size(B):    256
    Associativity:     16

Latencies:    1   15  250
L1-Sets:  256 - LFU - assoc:   4
L2-Sets:  512 - LFU - assoc:  16
Store_allocation: Yes
L2_inclusive: Yes

L1 Cache Stats:
L1-Load-Hits:       18230322498   89.83%
L1-Load-Misses:      2062836301   10.17%
L1-Load-Accesses:   20293158799  100.00%

L1-Store-Hits:        5352768959   46.00%
L1-Store-Misses:      6284188021   54.00%
L1-Store-Accesses:   11636956980  100.00%

L1-Total-Hits:       23583091457   73.86%
L1-Total-Misses:      8347024322   26.14%
L1-Total-Accesses:   31930115779  100.00%

L2 Cache Stats:
L2-Load-Hits:        1795363072   87.03%
L2-Load-Misses:       267473229   12.97%
L2-Load-Accesses:    2062836301  100.00%

L2-Store-Hits:        4324573181   68.82%
L2-Store-Misses:      1959614840   31.18%
L2-Store-Accesses:    6284188021  100.00%

L2-Total-Hits:        6119936253   73.32%
L2-Total-Misses:      2227088069   26.68%
L2-Total-Accesses:    8347024322  100.00%

