--------
Total Statistics
--------
Total Instructions: 96483397826
Total Cycles: 1247034213607
IPC: 0.0773703

--------
Two level Cache hierarchy
--------
  L1-Data Cache:
    Size(KB):          32
    Block Size(B):     32
    Associativity:      4

  L2-Data Cache:
    Size(KB):         512
    Block Size(B):     64
    Associativity:      4

Latencies:    1   15  250
L1-Sets:  256 - LRU - assoc:   4
L2-Sets: 2048 - LRU - assoc:   4
Store_allocation: Yes
L2_inclusive: Yes

L1 Cache Stats:
L1-Load-Hits:       18239830354   89.88%
L1-Load-Misses:      2053328427   10.12%
L1-Load-Accesses:   20293158781  100.00%

L1-Store-Hits:        5349635989   45.97%
L1-Store-Misses:      6287320991   54.03%
L1-Store-Accesses:   11636956980  100.00%

L1-Total-Hits:       23589466343   73.88%
L1-Total-Misses:      8340649418   26.12%
L1-Total-Accesses:   31930115761  100.00%

L2 Cache Stats:
L2-Load-Hits:        1027034312   50.02%
L2-Load-Misses:      1026294115   49.98%
L2-Load-Accesses:    2053328427  100.00%

L2-Store-Hits:        3339571271   53.12%
L2-Store-Misses:      2947749720   46.88%
L2-Store-Accesses:    6287320991  100.00%

L2-Total-Hits:        4366605583   52.35%
L2-Total-Misses:      3974043835   47.65%
L2-Total-Accesses:    8340649418  100.00%

