--------
Total Statistics
--------
Total Instructions: 96483397879
Total Cycles: 938121671358
IPC: 0.102847

--------
Two level Cache hierarchy
--------
  L1-Data Cache:
    Size(KB):          32
    Block Size(B):     32
    Associativity:      4

  L2-Data Cache:
    Size(KB):         256
    Block Size(B):    256
    Associativity:      8

Latencies:    1   15  250
L1-Sets:  256 - LFU - assoc:   4
L2-Sets:  128 - LFU - assoc:   8
Store_allocation: Yes
L2_inclusive: Yes

L1 Cache Stats:
L1-Load-Hits:       18001068605   88.71%
L1-Load-Misses:      2292090194   11.29%
L1-Load-Accesses:   20293158799  100.00%

L1-Store-Hits:        5199631994   44.68%
L1-Store-Misses:      6437324986   55.32%
L1-Store-Accesses:   11636956980  100.00%

L1-Total-Hits:       23200700599   72.66%
L1-Total-Misses:      8729415180   27.34%
L1-Total-Accesses:   31930115779  100.00%

L2 Cache Stats:
L2-Load-Hits:        1875219564   81.81%
L2-Load-Misses:       416870630   18.19%
L2-Load-Accesses:    2292090194  100.00%

L2-Store-Hits:        4139127896   64.30%
L2-Store-Misses:      2298197090   35.70%
L2-Store-Accesses:    6437324986  100.00%

L2-Total-Hits:        6014347460   68.90%
L2-Total-Misses:      2715067720   31.10%
L2-Total-Accesses:    8729415180  100.00%

