--------
Total Statistics
--------
Total Instructions: 96483397826
Total Cycles: 503068338527
IPC: 0.19179

--------
Two level Cache hierarchy
--------
  L1-Data Cache:
    Size(KB):          32
    Block Size(B):     32
    Associativity:      4

  L2-Data Cache:
    Size(KB):         256
    Block Size(B):    256
    Associativity:      4

Latencies:    1   15  250
L1-Sets:  256 - LRU - assoc:   4
L2-Sets:  256 - LRU - assoc:   4
Store_allocation: Yes
L2_inclusive: Yes

L1 Cache Stats:
L1-Load-Hits:       18236325726   89.86%
L1-Load-Misses:      2056833055   10.14%
L1-Load-Accesses:   20293158781  100.00%

L1-Store-Hits:        5346719739   45.95%
L1-Store-Misses:      6290237241   54.05%
L1-Store-Accesses:   11636956980  100.00%

L1-Total-Hits:       23583045465   73.86%
L1-Total-Misses:      8347070296   26.14%
L1-Total-Accesses:   31930115761  100.00%

L2 Cache Stats:
L2-Load-Hits:        1796591090   87.35%
L2-Load-Misses:       260241965   12.65%
L2-Load-Accesses:    2056833055  100.00%

L2-Store-Hits:        5552684124   88.27%
L2-Store-Misses:       737553117   11.73%
L2-Store-Accesses:    6290237241  100.00%

L2-Total-Hits:        7349275214   88.05%
L2-Total-Misses:       997795082   11.95%
L2-Total-Accesses:    8347070296  100.00%

