--------
Total Statistics
--------
Total Instructions: 96483397826
Total Cycles: 502386957327
IPC: 0.19205

--------
Two level Cache hierarchy
--------
  L1-Data Cache:
    Size(KB):          32
    Block Size(B):     32
    Associativity:      4

  L2-Data Cache:
    Size(KB):         512
    Block Size(B):    256
    Associativity:      4

Latencies:    1   15  250
L1-Sets:  256 - LRU - assoc:   4
L2-Sets:  512 - LRU - assoc:   4
Store_allocation: Yes
L2_inclusive: Yes

L1 Cache Stats:
L1-Load-Hits:       18239457733   89.88%
L1-Load-Misses:      2053701048   10.12%
L1-Load-Accesses:   20293158781  100.00%

L1-Store-Hits:        5349180912   45.97%
L1-Store-Misses:      6287776068   54.03%
L1-Store-Accesses:   11636956980  100.00%

L1-Total-Hits:       23588638645   73.88%
L1-Total-Misses:      8341477116   26.12%
L1-Total-Accesses:   31930115761  100.00%

L2 Cache Stats:
L2-Load-Hits:        1795861511   87.45%
L2-Load-Misses:       257839537   12.55%
L2-Load-Accesses:    2053701048  100.00%

L2-Store-Hits:        5550210457   88.27%
L2-Store-Misses:       737565611   11.73%
L2-Store-Accesses:    6287776068  100.00%

L2-Total-Hits:        7346071968   88.07%
L2-Total-Misses:       995405148   11.93%
L2-Total-Accesses:    8341477116  100.00%

