--------
Total Statistics
--------
Total Instructions: 96483397826
Total Cycles: 520212124222
IPC: 0.185469

--------
Two level Cache hierarchy
--------
  L1-Data Cache:
    Size(KB):          32
    Block Size(B):     32
    Associativity:      4

  L2-Data Cache:
    Size(KB):        1024
    Block Size(B):    256
    Associativity:     16

Latencies:    1   15  250
L1-Sets:  256 - Random - assoc:   4
L2-Sets:  256 - Random - assoc:  16
Store_allocation: Yes
L2_inclusive: Yes

L1 Cache Stats:
L1-Load-Hits:       18212602464   89.75%
L1-Load-Misses:      2080556317   10.25%
L1-Load-Accesses:   20293158781  100.00%

L1-Store-Hits:        5509952188   47.35%
L1-Store-Misses:      6127004792   52.65%
L1-Store-Accesses:   11636956980  100.00%

L1-Total-Hits:       23722554652   74.30%
L1-Total-Misses:      8207561109   25.70%
L1-Total-Accesses:   31930115761  100.00%

L2 Cache Stats:
L2-Load-Hits:        1823235297   87.63%
L2-Load-Misses:       257321020   12.37%
L2-Load-Accesses:    2080556317  100.00%

L2-Store-Hits:        5309585036   86.66%
L2-Store-Misses:       817419756   13.34%
L2-Store-Accesses:    6127004792  100.00%

L2-Total-Hits:        7132820333   86.91%
L2-Total-Misses:      1074740776   13.09%
L2-Total-Accesses:    8207561109  100.00%

