--------
Total Statistics
--------
Total Instructions: 96483397826
Total Cycles: 502231200072
IPC: 0.19211

--------
Two level Cache hierarchy
--------
  L1-Data Cache:
    Size(KB):          32
    Block Size(B):     32
    Associativity:      4

  L2-Data Cache:
    Size(KB):         512
    Block Size(B):    256
    Associativity:      8

Latencies:    1   15  250
L1-Sets:  256 - LRU - assoc:   4
L2-Sets:  256 - LRU - assoc:   8
Store_allocation: Yes
L2_inclusive: Yes

L1 Cache Stats:
L1-Load-Hits:       18239876912   89.88%
L1-Load-Misses:      2053281869   10.12%
L1-Load-Accesses:   20293158781  100.00%

L1-Store-Hits:        5349638150   45.97%
L1-Store-Misses:      6287318830   54.03%
L1-Store-Accesses:   11636956980  100.00%

L1-Total-Hits:       23589515062   73.88%
L1-Total-Misses:      8340600699   26.12%
L1-Total-Accesses:   31930115761  100.00%

L2 Cache Stats:
L2-Load-Hits:        1795758626   87.46%
L2-Load-Misses:       257523243   12.54%
L2-Load-Accesses:    2053281869  100.00%

L2-Store-Hits:        5550007369   88.27%
L2-Store-Misses:       737311461   11.73%
L2-Store-Accesses:    6287318830  100.00%

L2-Total-Hits:        7345765995   88.07%
L2-Total-Misses:       994834704   11.93%
L2-Total-Accesses:    8340600699  100.00%

