--------
Total Statistics
--------
Total Instructions: 96483397826
Total Cycles: 750220000267
IPC: 0.128607

--------
Two level Cache hierarchy
--------
  L1-Data Cache:
    Size(KB):          32
    Block Size(B):     32
    Associativity:      4

  L2-Data Cache:
    Size(KB):        2048
    Block Size(B):    128
    Associativity:     16

Latencies:    1   15  250
L1-Sets:  256 - LRU - assoc:   4
L2-Sets: 1024 - LRU - assoc:  16
Store_allocation: Yes
L2_inclusive: Yes

L1 Cache Stats:
L1-Load-Hits:       18240787718   89.89%
L1-Load-Misses:      2052371063   10.11%
L1-Load-Accesses:   20293158781  100.00%

L1-Store-Hits:        5350530181   45.98%
L1-Store-Misses:      6286426799   54.02%
L1-Store-Accesses:   11636956980  100.00%

L1-Total-Hits:       23591317899   73.88%
L1-Total-Misses:      8338797862   26.12%
L1-Total-Accesses:   31930115761  100.00%

L2 Cache Stats:
L2-Load-Hits:        1539084912   74.99%
L2-Load-Misses:       513286151   25.01%
L2-Load-Accesses:    2052371063  100.00%

L2-Store-Hits:        4812814875   76.56%
L2-Store-Misses:      1473611924   23.44%
L2-Store-Accesses:    6286426799  100.00%

L2-Total-Hits:        6351899787   76.17%
L2-Total-Misses:      1986898075   23.83%
L2-Total-Accesses:    8338797862  100.00%

