--------
Total Statistics
--------
Total Instructions: 96483397826
Total Cycles: 750297255322
IPC: 0.128594

--------
Two level Cache hierarchy
--------
  L1-Data Cache:
    Size(KB):          32
    Block Size(B):     32
    Associativity:      4

  L2-Data Cache:
    Size(KB):        1024
    Block Size(B):    128
    Associativity:      8

Latencies:    1   15  250
L1-Sets:  256 - LRU - assoc:   4
L2-Sets: 1024 - LRU - assoc:   8
Store_allocation: Yes
L2_inclusive: Yes

L1 Cache Stats:
L1-Load-Hits:       18240577621   89.89%
L1-Load-Misses:      2052581160   10.11%
L1-Load-Accesses:   20293158781  100.00%

L1-Store-Hits:        5350298191   45.98%
L1-Store-Misses:      6286658789   54.02%
L1-Store-Accesses:   11636956980  100.00%

L1-Total-Hits:       23590875812   73.88%
L1-Total-Misses:      8339239949   26.12%
L1-Total-Accesses:   31930115761  100.00%

L2 Cache Stats:
L2-Load-Hits:        1539138826   74.99%
L2-Load-Misses:       513442334   25.01%
L2-Load-Accesses:    2052581160  100.00%

L2-Store-Hits:        4812920553   76.56%
L2-Store-Misses:      1473738236   23.44%
L2-Store-Accesses:    6286658789  100.00%

L2-Total-Hits:        6352059379   76.17%
L2-Total-Misses:      1987180570   23.83%
L2-Total-Accesses:    8339239949  100.00%

