--------
Total Statistics
--------
Total Instructions: 96483397826
Total Cycles: 750513197817
IPC: 0.128557

--------
Two level Cache hierarchy
--------
  L1-Data Cache:
    Size(KB):          32
    Block Size(B):     32
    Associativity:      4

  L2-Data Cache:
    Size(KB):         512
    Block Size(B):    128
    Associativity:      8

Latencies:    1   15  250
L1-Sets:  256 - LRU - assoc:   4
L2-Sets:  512 - LRU - assoc:   8
Store_allocation: Yes
L2_inclusive: Yes

L1 Cache Stats:
L1-Load-Hits:       18239962232   89.88%
L1-Load-Misses:      2053196549   10.12%
L1-Load-Accesses:   20293158781  100.00%

L1-Store-Hits:        5349689247   45.97%
L1-Store-Misses:      6287267733   54.03%
L1-Store-Accesses:   11636956980  100.00%

L1-Total-Hits:       23589651479   73.88%
L1-Total-Misses:      8340464282   26.12%
L1-Total-Accesses:   31930115761  100.00%

L2 Cache Stats:
L2-Load-Hits:        1539282505   74.97%
L2-Load-Misses:       513914044   25.03%
L2-Load-Accesses:    2053196549  100.00%

L2-Store-Hits:        4813210897   76.55%
L2-Store-Misses:      1474056836   23.45%
L2-Store-Accesses:    6287267733  100.00%

L2-Total-Hits:        6352493402   76.16%
L2-Total-Misses:      1987970880   23.84%
L2-Total-Accesses:    8340464282  100.00%

