--------
Total Statistics
--------
Total Instructions: 96483397826
Total Cycles: 496414161767
IPC: 0.194361

--------
Two level Cache hierarchy
--------
  L1-Data Cache:
    Size(KB):          32
    Block Size(B):     32
    Associativity:      4

  L2-Data Cache:
    Size(KB):        2048
    Block Size(B):    256
    Associativity:     16

Latencies:    1   15  250
L1-Sets:  256 - SRRIP - assoc:   4
L2-Sets:  512 - SRRIP - assoc:  16
Store_allocation: Yes
L2_inclusive: Yes

L1 Cache Stats:
L1-Load-Hits:       18241832551   89.89%
L1-Load-Misses:      2051326230   10.11%
L1-Load-Accesses:   20293158781  100.00%

L1-Store-Hits:        5742764898   49.35%
L1-Store-Misses:      5894192082   50.65%
L1-Store-Accesses:   11636956980  100.00%

L1-Total-Hits:       23984597449   75.12%
L1-Total-Misses:      7945518312   24.88%
L1-Total-Accesses:   31930115761  100.00%

L2 Cache Stats:
L2-Load-Hits:        1793571806   87.43%
L2-Load-Misses:       257754424   12.57%
L2-Load-Accesses:    2051326230  100.00%

L2-Store-Hits:        5156675012   87.49%
L2-Store-Misses:       737517070   12.51%
L2-Store-Accesses:    5894192082  100.00%

L2-Total-Hits:        6950246818   87.47%
L2-Total-Misses:       995271494   12.53%
L2-Total-Accesses:    7945518312  100.00%

