--------
Total Statistics
--------
Total Instructions: 96483397826
Total Cycles: 750991270392
IPC: 0.128475

--------
Two level Cache hierarchy
--------
  L1-Data Cache:
    Size(KB):          32
    Block Size(B):     32
    Associativity:      4

  L2-Data Cache:
    Size(KB):         256
    Block Size(B):    128
    Associativity:      8

Latencies:    1   15  250
L1-Sets:  256 - LRU - assoc:   4
L2-Sets:  256 - LRU - assoc:   8
Store_allocation: Yes
L2_inclusive: Yes

L1 Cache Stats:
L1-Load-Hits:       18237929107   89.87%
L1-Load-Misses:      2055229674   10.13%
L1-Load-Accesses:   20293158781  100.00%

L1-Store-Hits:        5347913167   45.96%
L1-Store-Misses:      6289043813   54.04%
L1-Store-Accesses:   11636956980  100.00%

L1-Total-Hits:       23585842274   73.87%
L1-Total-Misses:      8344273487   26.13%
L1-Total-Accesses:   31930115761  100.00%

L2 Cache Stats:
L2-Load-Hits:        1539803409   74.92%
L2-Load-Misses:       515426265   25.08%
L2-Load-Accesses:    2055229674  100.00%

L2-Store-Hits:        4814815460   76.56%
L2-Store-Misses:      1474228353   23.44%
L2-Store-Accesses:    6289043813  100.00%

L2-Total-Hits:        6354618869   76.16%
L2-Total-Misses:      1989654618   23.84%
L2-Total-Accesses:    8344273487  100.00%

