--------
Total Statistics
--------
Total Instructions: 7435669342
Total Cycles: 37897174999
IPC: 0.196206

--------
Two level Cache hierarchy
--------
  L1-Data Cache:
    Size(KB):          32
    Block Size(B):     32
    Associativity:      4

  L2-Data Cache:
    Size(KB):        1024
    Block Size(B):    128
    Associativity:      8

Latencies:    1   15  250
L1-Sets:  256 - LRU - assoc:   4
L2-Sets: 1024 - LRU - assoc:   8
Store_allocation: Yes
L2_inclusive: Yes

L1 Cache Stats:
L1-Load-Hits:        1814458866   83.39%
L1-Load-Misses:       361518720   16.61%
L1-Load-Accesses:    2175977586  100.00%

L1-Store-Hits:         437403503   94.59%
L1-Store-Misses:        25029423    5.41%
L1-Store-Accesses:     462432926  100.00%

L1-Total-Hits:        2251862369   85.35%
L1-Total-Misses:       386548143   14.65%
L1-Total-Accesses:    2638410512  100.00%

L2 Cache Stats:
L2-Load-Hits:         279518947   77.32%
L2-Load-Misses:        81999773   22.68%
L2-Load-Accesses:     361518720  100.00%

L2-Store-Hits:          18929704   75.63%
L2-Store-Misses:         6099719   24.37%
L2-Store-Accesses:      25029423  100.00%

L2-Total-Hits:         298448651   77.21%
L2-Total-Misses:        88099492   22.79%
L2-Total-Accesses:     386548143  100.00%

