--------
Total Statistics
--------
Total Instructions: 7435715702
Total Cycles: 57676627393
IPC: 0.128921

--------
Two level Cache hierarchy
--------
  L1-Data Cache:
    Size(KB):          32
    Block Size(B):     32
    Associativity:      4

  L2-Data Cache:
    Size(KB):        1024
    Block Size(B):     64
    Associativity:      8

Latencies:    1   15  250
L1-Sets:  256 - LRU - assoc:   4
L2-Sets: 2048 - LRU - assoc:   8
Store_allocation: Yes
L2_inclusive: Yes

L1 Cache Stats:
L1-Load-Hits:        1814437011   83.38%
L1-Load-Misses:       361553209   16.62%
L1-Load-Accesses:    2175990220  100.00%

L1-Store-Hits:         437388082   94.58%
L1-Store-Misses:        25044844    5.42%
L1-Store-Accesses:     462432926  100.00%

L1-Total-Hits:        2251825093   85.35%
L1-Total-Misses:       386598053   14.65%
L1-Total-Accesses:    2638423146  100.00%

L2 Cache Stats:
L2-Load-Hits:         205972877   56.97%
L2-Load-Misses:       155580332   43.03%
L2-Load-Accesses:     361553209  100.00%

L2-Store-Hits:          13411105   53.55%
L2-Store-Misses:        11633739   46.45%
L2-Store-Accesses:      25044844  100.00%

L2-Total-Hits:         219383982   56.75%
L2-Total-Misses:       167214071   43.25%
L2-Total-Accesses:     386598053  100.00%

