--------
Total Statistics
--------
Total Instructions: 7439826513
Total Cycles: 26599881371
IPC: 0.279694

--------
Two level Cache hierarchy
--------
  L1-Data Cache:
    Size(KB):          32
    Block Size(B):     32
    Associativity:      4

  L2-Data Cache:
    Size(KB):        2048
    Block Size(B):    256
    Associativity:     16

Latencies:    1   15  250
L1-Sets:  256 - LIP - assoc:   4
L2-Sets:  512 - LIP - assoc:  16
Store_allocation: Yes
L2_inclusive: Yes

L1 Cache Stats:
L1-Load-Hits:        1812296491   83.25%
L1-Load-Misses:       364559836   16.75%
L1-Load-Accesses:    2176856327  100.00%

L1-Store-Hits:         436962705   94.49%
L1-Store-Misses:        25470221    5.51%
L1-Store-Accesses:     462432926  100.00%

L1-Total-Hits:        2249259196   85.22%
L1-Total-Misses:       390030057   14.78%
L1-Total-Accesses:    2639289253  100.00%

L2 Cache Stats:
L2-Load-Hits:         324720484   89.07%
L2-Load-Misses:        39839352   10.93%
L2-Load-Accesses:     364559836  100.00%

L2-Store-Hits:          22628314   88.84%
L2-Store-Misses:         2841907   11.16%
L2-Store-Accesses:      25470221  100.00%

L2-Total-Hits:         347348798   89.06%
L2-Total-Misses:        42681259   10.94%
L2-Total-Accesses:     390030057  100.00%

