--------
Total Statistics
--------
Total Instructions: 7449740464
Total Cycles: 26987493899
IPC: 0.276044

--------
Two level Cache hierarchy
--------
  L1-Data Cache:
    Size(KB):          32
    Block Size(B):     32
    Associativity:      4

  L2-Data Cache:
    Size(KB):        2048
    Block Size(B):    256
    Associativity:     16

Latencies:    1   15  250
L1-Sets:  256 - Random - assoc:   4
L2-Sets:  512 - Random - assoc:  16
Store_allocation: Yes
L2_inclusive: Yes

L1 Cache Stats:
L1-Load-Hits:        1809553018   83.06%
L1-Load-Misses:       368947176   16.94%
L1-Load-Accesses:    2178500194  100.00%

L1-Store-Hits:         437003431   94.50%
L1-Store-Misses:        25429495    5.50%
L1-Store-Accesses:     462432926  100.00%

L1-Total-Hits:        2246556449   85.07%
L1-Total-Misses:       394376671   14.93%
L1-Total-Accesses:    2640933120  100.00%

L2 Cache Stats:
L2-Load-Hits:         327767078   88.84%
L2-Load-Misses:        41180098   11.16%
L2-Load-Accesses:     368947176  100.00%

L2-Store-Hits:          22684912   89.21%
L2-Store-Misses:         2744583   10.79%
L2-Store-Accesses:      25429495  100.00%

L2-Total-Hits:         350451990   88.86%
L2-Total-Misses:        43924681   11.14%
L2-Total-Accesses:     394376671  100.00%

