--------
Total Statistics
--------
Total Instructions: 7438987496
Total Cycles: 31001425342
IPC: 0.239956

--------
Two level Cache hierarchy
--------
  L1-Data Cache:
    Size(KB):          32
    Block Size(B):     32
    Associativity:      4

  L2-Data Cache:
    Size(KB):         256
    Block Size(B):    256
    Associativity:      8

Latencies:    1   15  250
L1-Sets:  256 - LRU - assoc:   4
L2-Sets:  128 - LRU - assoc:   8
Store_allocation: Yes
L2_inclusive: Yes

L1 Cache Stats:
L1-Load-Hits:        1815023795   83.38%
L1-Load-Misses:       361750465   16.62%
L1-Load-Accesses:    2176774260  100.00%

L1-Store-Hits:         437386697   94.58%
L1-Store-Misses:        25046229    5.42%
L1-Store-Accesses:     462432926  100.00%

L1-Total-Hits:        2252410492   85.34%
L1-Total-Misses:       386796694   14.66%
L1-Total-Accesses:    2639207186  100.00%

L2 Cache Stats:
L2-Load-Hits:         304785576   84.25%
L2-Load-Misses:        56964889   15.75%
L2-Load-Accesses:     361750465  100.00%

L2-Store-Hits:          21525997   85.95%
L2-Store-Misses:         3520232   14.05%
L2-Store-Accesses:      25046229  100.00%

L2-Total-Hits:         326311573   84.36%
L2-Total-Misses:        60485121   15.64%
L2-Total-Accesses:     386796694  100.00%

