--------
Total Statistics
--------
Total Instructions: 7436674489
Total Cycles: 29185143380
IPC: 0.25481

--------
Two level Cache hierarchy
--------
  L1-Data Cache:
    Size(KB):          32
    Block Size(B):     32
    Associativity:      4

  L2-Data Cache:
    Size(KB):         512
    Block Size(B):    256
    Associativity:      8

Latencies:    1   15  250
L1-Sets:  256 - LRU - assoc:   4
L2-Sets:  256 - LRU - assoc:   8
Store_allocation: Yes
L2_inclusive: Yes

L1 Cache Stats:
L1-Load-Hits:        1814695842   83.39%
L1-Load-Misses:       361560518   16.61%
L1-Load-Accesses:    2176256360  100.00%

L1-Store-Hits:         437397137   94.59%
L1-Store-Misses:        25035789    5.41%
L1-Store-Accesses:     462432926  100.00%

L1-Total-Hits:        2252092979   85.35%
L1-Total-Misses:       386596307   14.65%
L1-Total-Accesses:    2638689286  100.00%

L2 Cache Stats:
L2-Load-Hits:         311709561   86.21%
L2-Load-Misses:        49850957   13.79%
L2-Load-Accesses:     361560518  100.00%

L2-Store-Hits:          21643406   86.45%
L2-Store-Misses:         3392383   13.55%
L2-Store-Accesses:      25035789  100.00%

L2-Total-Hits:         333352967   86.23%
L2-Total-Misses:        53243340   13.77%
L2-Total-Accesses:     386596307  100.00%

