--------
Total Statistics
--------
Total Instructions: 7440056583
Total Cycles: 27433639501
IPC: 0.271202

--------
Two level Cache hierarchy
--------
  L1-Data Cache:
    Size(KB):          32
    Block Size(B):     32
    Associativity:      4

  L2-Data Cache:
    Size(KB):        1024
    Block Size(B):    256
    Associativity:     16

Latencies:    1   15  250
L1-Sets:  256 - LRU - assoc:   4
L2-Sets:  256 - LRU - assoc:  16
Store_allocation: Yes
L2_inclusive: Yes

L1 Cache Stats:
L1-Load-Hits:        1815395994   83.39%
L1-Load-Misses:       361483878   16.61%
L1-Load-Accesses:    2176879872  100.00%

L1-Store-Hits:         437407696   94.59%
L1-Store-Misses:        25025230    5.41%
L1-Store-Accesses:     462432926  100.00%

L1-Total-Hits:        2252803690   85.36%
L1-Total-Misses:       386509108   14.64%
L1-Total-Accesses:    2639312798  100.00%

L2 Cache Stats:
L2-Load-Hits:         318458199   88.10%
L2-Load-Misses:        43025679   11.90%
L2-Load-Accesses:     361483878  100.00%

L2-Store-Hits:          21824375   87.21%
L2-Store-Misses:         3200855   12.79%
L2-Store-Accesses:      25025230  100.00%

L2-Total-Hits:         340282574   88.04%
L2-Total-Misses:        46226534   11.96%
L2-Total-Accesses:     386509108  100.00%

