--------
Total Statistics
--------
Total Instructions: 7444234961
Total Cycles: 29255639233
IPC: 0.254455

--------
Two level Cache hierarchy
--------
  L1-Data Cache:
    Size(KB):          32
    Block Size(B):     32
    Associativity:      4

  L2-Data Cache:
    Size(KB):         512
    Block Size(B):    256
    Associativity:      4

Latencies:    1   15  250
L1-Sets:  256 - LRU - assoc:   4
L2-Sets:  512 - LRU - assoc:   4
Store_allocation: Yes
L2_inclusive: Yes

L1 Cache Stats:
L1-Load-Hits:        1815885930   83.40%
L1-Load-Misses:       361540276   16.60%
L1-Load-Accesses:    2177426206  100.00%

L1-Store-Hits:         437403426   94.59%
L1-Store-Misses:        25029500    5.41%
L1-Store-Accesses:     462432926  100.00%

L1-Total-Hits:        2253289356   85.36%
L1-Total-Misses:       386569776   14.64%
L1-Total-Accesses:    2639859132  100.00%

L2 Cache Stats:
L2-Load-Hits:         311441612   86.14%
L2-Load-Misses:        50098664   13.86%
L2-Load-Accesses:     361540276  100.00%

L2-Store-Hits:          21636170   86.44%
L2-Store-Misses:         3393330   13.56%
L2-Store-Accesses:      25029500  100.00%

L2-Total-Hits:         333077782   86.16%
L2-Total-Misses:        53491994   13.84%
L2-Total-Accesses:     386569776  100.00%

