--------
Total Statistics
--------
Total Instructions: 7434989945
Total Cycles: 28164950749
IPC: 0.26398

--------
Two level Cache hierarchy
--------
  L1-Data Cache:
    Size(KB):          32
    Block Size(B):     32
    Associativity:      4

  L2-Data Cache:
    Size(KB):        1024
    Block Size(B):    256
    Associativity:     16

Latencies:    1   15  250
L1-Sets:  256 - Random - assoc:   4
L2-Sets:  256 - Random - assoc:  16
Store_allocation: Yes
L2_inclusive: Yes

L1 Cache Stats:
L1-Load-Hits:        1806961217   83.04%
L1-Load-Misses:       368984811   16.96%
L1-Load-Accesses:    2175946028  100.00%

L1-Store-Hits:         437004897   94.50%
L1-Store-Misses:        25428029    5.50%
L1-Store-Accesses:     462432926  100.00%

L1-Total-Hits:        2243966114   85.05%
L1-Total-Misses:       394412840   14.95%
L1-Total-Accesses:    2638378954  100.00%

L2 Cache Stats:
L2-Load-Hits:         323500088   87.67%
L2-Load-Misses:        45484723   12.33%
L2-Load-Accesses:     368984811  100.00%

L2-Store-Hits:          22211195   87.35%
L2-Store-Misses:         3216834   12.65%
L2-Store-Accesses:      25428029  100.00%

L2-Total-Hits:         345711283   87.65%
L2-Total-Misses:        48701557   12.35%
L2-Total-Accesses:     394412840  100.00%

