--------
Total Statistics
--------
Total Instructions: 7439586591
Total Cycles: 64655797554
IPC: 0.115064

--------
Two level Cache hierarchy
--------
  L1-Data Cache:
    Size(KB):          32
    Block Size(B):     32
    Associativity:      4

  L2-Data Cache:
    Size(KB):         256
    Block Size(B):     64
    Associativity:      8

Latencies:    1   15  250
L1-Sets:  256 - LRU - assoc:   4
L2-Sets:  512 - LRU - assoc:   8
Store_allocation: Yes
L2_inclusive: Yes

L1 Cache Stats:
L1-Load-Hits:        1814884745   83.39%
L1-Load-Misses:       361603857   16.61%
L1-Load-Accesses:    2176488602  100.00%

L1-Store-Hits:         437397704   94.59%
L1-Store-Misses:        25035222    5.41%
L1-Store-Accesses:     462432926  100.00%

L1-Total-Hits:        2252282449   85.35%
L1-Total-Misses:       386639079   14.65%
L1-Total-Accesses:    2638921528  100.00%

L2 Cache Stats:
L2-Load-Hits:         179023081   49.51%
L2-Load-Misses:       182580776   50.49%
L2-Load-Accesses:     361603857  100.00%

L2-Store-Hits:          12505185   49.95%
L2-Store-Misses:        12530037   50.05%
L2-Store-Accesses:      25035222  100.00%

L2-Total-Hits:         191528266   49.54%
L2-Total-Misses:       195110813   50.46%
L2-Total-Accesses:     386639079  100.00%

