--------
Total Statistics
--------
Total Instructions: 7435474030
Total Cycles: 31019353013
IPC: 0.239704

--------
Two level Cache hierarchy
--------
  L1-Data Cache:
    Size(KB):          32
    Block Size(B):     32
    Associativity:      4

  L2-Data Cache:
    Size(KB):         256
    Block Size(B):    256
    Associativity:      4

Latencies:    1   15  250
L1-Sets:  256 - LRU - assoc:   4
L2-Sets:  256 - LRU - assoc:   4
Store_allocation: Yes
L2_inclusive: Yes

L1 Cache Stats:
L1-Load-Hits:        1814300426   83.37%
L1-Load-Misses:       361813296   16.63%
L1-Load-Accesses:    2176113722  100.00%

L1-Store-Hits:         437380483   94.58%
L1-Store-Misses:        25052443    5.42%
L1-Store-Accesses:     462432926  100.00%

L1-Total-Hits:        2251680909   85.34%
L1-Total-Misses:       386865739   14.66%
L1-Total-Accesses:    2638546648  100.00%

L2 Cache Stats:
L2-Load-Hits:         304777399   84.24%
L2-Load-Misses:        57035897   15.76%
L2-Load-Accesses:     361813296  100.00%

L2-Store-Hits:          21518955   85.90%
L2-Store-Misses:         3533488   14.10%
L2-Store-Accesses:      25052443  100.00%

L2-Total-Hits:         326296354   84.34%
L2-Total-Misses:        60569385   15.66%
L2-Total-Accesses:     386865739  100.00%

