--------
Total Statistics
--------
Total Instructions: 7435339206
Total Cycles: 27846277429
IPC: 0.267014

--------
Two level Cache hierarchy
--------
  L1-Data Cache:
    Size(KB):          32
    Block Size(B):     32
    Associativity:      4

  L2-Data Cache:
    Size(KB):        1024
    Block Size(B):    256
    Associativity:     16

Latencies:    1   15  250
L1-Sets:  256 - SRRIP - assoc:   4
L2-Sets:  256 - SRRIP - assoc:  16
Store_allocation: Yes
L2_inclusive: Yes

L1 Cache Stats:
L1-Load-Hits:        1811951603   83.27%
L1-Load-Misses:       364047774   16.73%
L1-Load-Accesses:    2175999377  100.00%

L1-Store-Hits:         437095572   94.52%
L1-Store-Misses:        25337354    5.48%
L1-Store-Accesses:     462432926  100.00%

L1-Total-Hits:        2249047175   85.24%
L1-Total-Misses:       389385128   14.76%
L1-Total-Accesses:    2638432303  100.00%

L2 Cache Stats:
L2-Load-Hits:         319623522   87.80%
L2-Load-Misses:        44424252   12.20%
L2-Load-Accesses:     364047774  100.00%

L2-Store-Hits:          22034690   86.97%
L2-Store-Misses:         3302664   13.03%
L2-Store-Accesses:      25337354  100.00%

L2-Total-Hits:         341658212   87.74%
L2-Total-Misses:        47726916   12.26%
L2-Total-Accesses:     389385128  100.00%

