--------
Total Statistics
--------
Total Instructions: 7440906100
Total Cycles: 40617322670
IPC: 0.183195

--------
Two level Cache hierarchy
--------
  L1-Data Cache:
    Size(KB):          32
    Block Size(B):     32
    Associativity:      4

  L2-Data Cache:
    Size(KB):         512
    Block Size(B):    128
    Associativity:      8

Latencies:    1   15  250
L1-Sets:  256 - LRU - assoc:   4
L2-Sets:  512 - LRU - assoc:   8
Store_allocation: Yes
L2_inclusive: Yes

L1 Cache Stats:
L1-Load-Hits:        1815314681   83.39%
L1-Load-Misses:       361530583   16.61%
L1-Load-Accesses:    2176845264  100.00%

L1-Store-Hits:         437407467   94.59%
L1-Store-Misses:        25025459    5.41%
L1-Store-Accesses:     462432926  100.00%

L1-Total-Hits:        2252722148   85.35%
L1-Total-Misses:       386556042   14.65%
L1-Total-Accesses:    2639278190  100.00%

L2 Cache Stats:
L2-Load-Hits:         268985540   74.40%
L2-Load-Misses:        92545043   25.60%
L2-Load-Accesses:     361530583  100.00%

L2-Store-Hits:          18615311   74.39%
L2-Store-Misses:         6410148   25.61%
L2-Store-Accesses:      25025459  100.00%

L2-Total-Hits:         287600851   74.40%
L2-Total-Misses:        98955191   25.60%
L2-Total-Accesses:     386556042  100.00%

