--------
Total Statistics
--------
Total Instructions: 7433901658
Total Cycles: 42627256859
IPC: 0.174393

--------
Two level Cache hierarchy
--------
  L1-Data Cache:
    Size(KB):          32
    Block Size(B):     32
    Associativity:      4

  L2-Data Cache:
    Size(KB):         256
    Block Size(B):    128
    Associativity:      4

Latencies:    1   15  250
L1-Sets:  256 - LRU - assoc:   4
L2-Sets:  512 - LRU - assoc:   4
Store_allocation: Yes
L2_inclusive: Yes

L1 Cache Stats:
L1-Load-Hits:        1814073007   83.38%
L1-Load-Misses:       361665098   16.62%
L1-Load-Accesses:    2175738105  100.00%

L1-Store-Hits:         437389746   94.58%
L1-Store-Misses:        25043180    5.42%
L1-Store-Accesses:     462432926  100.00%

L1-Total-Hits:        2251462753   85.34%
L1-Total-Misses:       386708278   14.66%
L1-Total-Accesses:    2638171031  100.00%

L2 Cache Stats:
L2-Load-Hits:         261269728   72.24%
L2-Load-Misses:       100395370   27.76%
L2-Load-Accesses:     361665098  100.00%

L2-Store-Hits:          18420310   73.55%
L2-Store-Misses:         6622870   26.45%
L2-Store-Accesses:      25043180  100.00%

L2-Total-Hits:         279690038   72.33%
L2-Total-Misses:       107018240   27.67%
L2-Total-Accesses:     386708278  100.00%

