--------
Total Statistics
--------
Total Instructions: 7435382712
Total Cycles: 42585132495
IPC: 0.1746

--------
Two level Cache hierarchy
--------
  L1-Data Cache:
    Size(KB):          32
    Block Size(B):     32
    Associativity:      4

  L2-Data Cache:
    Size(KB):         256
    Block Size(B):    128
    Associativity:      8

Latencies:    1   15  250
L1-Sets:  256 - LRU - assoc:   4
L2-Sets:  256 - LRU - assoc:   8
Store_allocation: Yes
L2_inclusive: Yes

L1 Cache Stats:
L1-Load-Hits:        1814543658   83.38%
L1-Load-Misses:       361590884   16.62%
L1-Load-Accesses:    2176134542  100.00%

L1-Store-Hits:         437404539   94.59%
L1-Store-Misses:        25028387    5.41%
L1-Store-Accesses:     462432926  100.00%

L1-Total-Hits:        2251948197   85.35%
L1-Total-Misses:       386619271   14.65%
L1-Total-Accesses:    2638567468  100.00%

L2 Cache Stats:
L2-Load-Hits:         261354243   72.28%
L2-Load-Misses:       100236641   27.72%
L2-Load-Accesses:     361590884  100.00%

L2-Store-Hits:          18417455   73.59%
L2-Store-Misses:         6610932   26.41%
L2-Store-Accesses:      25028387  100.00%

L2-Total-Hits:         279771698   72.36%
L2-Total-Misses:       106847573   27.64%
L2-Total-Accesses:     386619271  100.00%

