--------
Total Statistics
--------
Total Instructions: 7457131906
Total Cycles: 27465545392
IPC: 0.271509

--------
Two level Cache hierarchy
--------
  L1-Data Cache:
    Size(KB):          32
    Block Size(B):     32
    Associativity:      4

  L2-Data Cache:
    Size(KB):        1024
    Block Size(B):    256
    Associativity:      8

Latencies:    1   15  250
L1-Sets:  256 - LRU - assoc:   4
L2-Sets:  512 - LRU - assoc:   8
Store_allocation: Yes
L2_inclusive: Yes

L1 Cache Stats:
L1-Load-Hits:        1818424571   83.42%
L1-Load-Misses:       361525989   16.58%
L1-Load-Accesses:    2179950560  100.00%

L1-Store-Hits:         437407865   94.59%
L1-Store-Misses:        25025061    5.41%
L1-Store-Accesses:     462432926  100.00%

L1-Total-Hits:        2255832436   85.37%
L1-Total-Misses:       386551050   14.63%
L1-Total-Accesses:    2642383486  100.00%

L2 Cache Stats:
L2-Load-Hits:         318435610   88.08%
L2-Load-Misses:        43090379   11.92%
L2-Load-Accesses:     361525989  100.00%

L2-Store-Hits:          21844383   87.29%
L2-Store-Misses:         3180678   12.71%
L2-Store-Accesses:      25025061  100.00%

L2-Total-Hits:         340279993   88.03%
L2-Total-Misses:        46271057   11.97%
L2-Total-Accesses:     386551050  100.00%

