--------
Total Statistics
--------
Total Instructions: 7461658470
Total Cycles: 26382405954
IPC: 0.282827

--------
Two level Cache hierarchy
--------
  L1-Data Cache:
    Size(KB):          32
    Block Size(B):     32
    Associativity:      4

  L2-Data Cache:
    Size(KB):        2048
    Block Size(B):    256
    Associativity:     16

Latencies:    1   15  250
L1-Sets:  256 - SRRIP - assoc:   4
L2-Sets:  512 - SRRIP - assoc:  16
Store_allocation: Yes
L2_inclusive: Yes

L1 Cache Stats:
L1-Load-Hits:        1817350999   83.33%
L1-Load-Misses:       363449209   16.67%
L1-Load-Accesses:    2180800208  100.00%

L1-Store-Hits:         437175095   94.54%
L1-Store-Misses:        25257831    5.46%
L1-Store-Accesses:     462432926  100.00%

L1-Total-Hits:        2254526094   85.29%
L1-Total-Misses:       388707040   14.71%
L1-Total-Accesses:    2643233134  100.00%

L2 Cache Stats:
L2-Load-Hits:         324466178   89.27%
L2-Load-Misses:        38983031   10.73%
L2-Load-Accesses:     363449209  100.00%

L2-Store-Hits:          22453227   88.90%
L2-Store-Misses:         2804604   11.10%
L2-Store-Accesses:      25257831  100.00%

L2-Total-Hits:         346919405   89.25%
L2-Total-Misses:        41787635   10.75%
L2-Total-Accesses:     388707040  100.00%

