--------
Total Statistics
--------
Total Instructions: 7435918097
Total Cycles: 31480125563
IPC: 0.23621

--------
Two level Cache hierarchy
--------
  L1-Data Cache:
    Size(KB):          32
    Block Size(B):     32
    Associativity:      4

  L2-Data Cache:
    Size(KB):         512
    Block Size(B):    256
    Associativity:      8

Latencies:    1   15  250
L1-Sets:  256 - LIP - assoc:   4
L2-Sets:  256 - LIP - assoc:   8
Store_allocation: Yes
L2_inclusive: Yes

L1 Cache Stats:
L1-Load-Hits:        1806623101   83.02%
L1-Load-Misses:       369480989   16.98%
L1-Load-Accesses:    2176104090  100.00%

L1-Store-Hits:         436198285   94.33%
L1-Store-Misses:        26234641    5.67%
L1-Store-Accesses:     462432926  100.00%

L1-Total-Hits:        2242821386   85.00%
L1-Total-Misses:       395715630   15.00%
L1-Total-Accesses:    2638537016  100.00%

L2 Cache Stats:
L2-Load-Hits:         311959937   84.43%
L2-Load-Misses:        57521052   15.57%
L2-Load-Accesses:     369480989  100.00%

L2-Store-Hits:          21875949   83.39%
L2-Store-Misses:         4358692   16.61%
L2-Store-Accesses:      26234641  100.00%

L2-Total-Hits:         333835886   84.36%
L2-Total-Misses:        61879744   15.64%
L2-Total-Accesses:     395715630  100.00%

