--------
Total Statistics
--------
Total Instructions: 7441230164
Total Cycles: 35610417235
IPC: 0.208962

--------
Two level Cache hierarchy
--------
  L1-Data Cache:
    Size(KB):          32
    Block Size(B):     32
    Associativity:      4

  L2-Data Cache:
    Size(KB):        2048
    Block Size(B):    128
    Associativity:     16

Latencies:    1   15  250
L1-Sets:  256 - LRU - assoc:   4
L2-Sets: 1024 - LRU - assoc:  16
Store_allocation: Yes
L2_inclusive: Yes

L1 Cache Stats:
L1-Load-Hits:        1815702526   83.40%
L1-Load-Misses:       361500319   16.60%
L1-Load-Accesses:    2177202845  100.00%

L1-Store-Hits:         437405483   94.59%
L1-Store-Misses:        25030388    5.41%
L1-Store-Accesses:     462435871  100.00%

L1-Total-Hits:        2253108009   85.36%
L1-Total-Misses:       386530707   14.64%
L1-Total-Accesses:    2639638716  100.00%

L2 Cache Stats:
L2-Load-Hits:         288004141   79.67%
L2-Load-Misses:        73496178   20.33%
L2-Load-Accesses:     361500319  100.00%

L2-Store-Hits:          19600215   78.31%
L2-Store-Misses:         5430173   21.69%
L2-Store-Accesses:      25030388  100.00%

L2-Total-Hits:         307604356   79.58%
L2-Total-Misses:        78926351   20.42%
L2-Total-Accesses:     386530707  100.00%

