--------
Total Statistics
--------
Total Instructions: 7439201700
Total Cycles: 26294060805
IPC: 0.282923

--------
Two level Cache hierarchy
--------
  L1-Data Cache:
    Size(KB):          32
    Block Size(B):     32
    Associativity:      4

  L2-Data Cache:
    Size(KB):        2048
    Block Size(B):    256
    Associativity:     16

Latencies:    1   15  250
L1-Sets:  256 - LRU - assoc:   4
L2-Sets:  512 - LRU - assoc:  16
Store_allocation: Yes
L2_inclusive: Yes

L1 Cache Stats:
L1-Load-Hits:        1815139134   83.39%
L1-Load-Misses:       361517580   16.61%
L1-Load-Accesses:    2176656714  100.00%

L1-Store-Hits:         437403875   94.59%
L1-Store-Misses:        25029051    5.41%
L1-Store-Accesses:     462432926  100.00%

L1-Total-Hits:        2252543009   85.35%
L1-Total-Misses:       386546631   14.65%
L1-Total-Accesses:    2639089640  100.00%

L2 Cache Stats:
L2-Load-Hits:         322655605   89.25%
L2-Load-Misses:        38861975   10.75%
L2-Load-Accesses:     361517580  100.00%

L2-Store-Hits:          22220746   88.78%
L2-Store-Misses:         2808305   11.22%
L2-Store-Accesses:      25029051  100.00%

L2-Total-Hits:         344876351   89.22%
L2-Total-Misses:        41670280   10.78%
L2-Total-Accesses:     386546631  100.00%

