--------
Total Statistics
--------
Total Instructions: 7434551843
Total Cycles: 62233185354
IPC: 0.119463

--------
Two level Cache hierarchy
--------
  L1-Data Cache:
    Size(KB):          32
    Block Size(B):     32
    Associativity:      4

  L2-Data Cache:
    Size(KB):         512
    Block Size(B):     64
    Associativity:      8

Latencies:    1   15  250
L1-Sets:  256 - LRU - assoc:   4
L2-Sets: 1024 - LRU - assoc:   8
Store_allocation: Yes
L2_inclusive: Yes

L1 Cache Stats:
L1-Load-Hits:        1814446128   83.39%
L1-Load-Misses:       361516622   16.61%
L1-Load-Accesses:    2175962750  100.00%

L1-Store-Hits:         437412509   94.59%
L1-Store-Misses:        25020417    5.41%
L1-Store-Accesses:     462432926  100.00%

L1-Total-Hits:        2251858637   85.35%
L1-Total-Misses:       386537039   14.65%
L1-Total-Accesses:    2638395676  100.00%

L2 Cache Stats:
L2-Load-Hits:         188251578   52.07%
L2-Load-Misses:       173265044   47.93%
L2-Load-Accesses:     361516622  100.00%

L2-Store-Hits:          12836732   51.31%
L2-Store-Misses:        12183685   48.69%
L2-Store-Accesses:      25020417  100.00%

L2-Total-Hits:         201088310   52.02%
L2-Total-Misses:       185448729   47.98%
L2-Total-Accesses:     386537039  100.00%

