--------
Total Statistics
--------
Total Instructions: 7435398089
Total Cycles: 31443443855
IPC: 0.236469

--------
Two level Cache hierarchy
--------
  L1-Data Cache:
    Size(KB):          32
    Block Size(B):     32
    Associativity:      4

  L2-Data Cache:
    Size(KB):         256
    Block Size(B):    256
    Associativity:      8

Latencies:    1   15  250
L1-Sets:  256 - Random - assoc:   4
L2-Sets:  128 - Random - assoc:   8
Store_allocation: Yes
L2_inclusive: Yes

L1 Cache Stats:
L1-Load-Hits:        1806615550   83.02%
L1-Load-Misses:       369417890   16.98%
L1-Load-Accesses:    2176033440  100.00%

L1-Store-Hits:         436982356   94.50%
L1-Store-Misses:        25450570    5.50%
L1-Store-Accesses:     462432926  100.00%

L1-Total-Hits:        2243597906   85.03%
L1-Total-Misses:       394868460   14.97%
L1-Total-Accesses:    2638466366  100.00%

L2 Cache Stats:
L2-Load-Hits:         311215246   84.24%
L2-Load-Misses:        58202644   15.76%
L2-Load-Accesses:     369417890  100.00%

L2-Store-Hits:          21867004   85.92%
L2-Store-Misses:         3583566   14.08%
L2-Store-Accesses:      25450570  100.00%

L2-Total-Hits:         333082250   84.35%
L2-Total-Misses:        61786210   15.65%
L2-Total-Accesses:     394868460  100.00%

