--------
Total Statistics
--------
Total Instructions: 7442470040
Total Cycles: 37895831186
IPC: 0.196393

--------
Two level Cache hierarchy
--------
  L1-Data Cache:
    Size(KB):          32
    Block Size(B):     32
    Associativity:      4

  L2-Data Cache:
    Size(KB):        1024
    Block Size(B):    128
    Associativity:     16

Latencies:    1   15  250
L1-Sets:  256 - LRU - assoc:   4
L2-Sets:  512 - LRU - assoc:  16
Store_allocation: Yes
L2_inclusive: Yes

L1 Cache Stats:
L1-Load-Hits:        1815723247   83.40%
L1-Load-Misses:       361513643   16.60%
L1-Load-Accesses:    2177236890  100.00%

L1-Store-Hits:         437402147   94.59%
L1-Store-Misses:        25030779    5.41%
L1-Store-Accesses:     462432926  100.00%

L1-Total-Hits:        2253125394   85.36%
L1-Total-Misses:       386544422   14.64%
L1-Total-Accesses:    2639669816  100.00%

L2 Cache Stats:
L2-Load-Hits:         279551766   77.33%
L2-Load-Misses:        81961877   22.67%
L2-Load-Accesses:     361513643  100.00%

L2-Store-Hits:          18930556   75.63%
L2-Store-Misses:         6100223   24.37%
L2-Store-Accesses:      25030779  100.00%

L2-Total-Hits:         298482322   77.22%
L2-Total-Misses:        88062100   22.78%
L2-Total-Accesses:     386544422  100.00%

