--------
Total Statistics
--------
Total Instructions: 7438969286
Total Cycles: 62311199441
IPC: 0.119384

--------
Two level Cache hierarchy
--------
  L1-Data Cache:
    Size(KB):          32
    Block Size(B):     32
    Associativity:      4

  L2-Data Cache:
    Size(KB):         512
    Block Size(B):     64
    Associativity:      4

Latencies:    1   15  250
L1-Sets:  256 - LRU - assoc:   4
L2-Sets: 2048 - LRU - assoc:   4
Store_allocation: Yes
L2_inclusive: Yes

L1 Cache Stats:
L1-Load-Hits:        1814675627   83.39%
L1-Load-Misses:       361554807   16.61%
L1-Load-Accesses:    2176230434  100.00%

L1-Store-Hits:         437397330   94.59%
L1-Store-Misses:        25035596    5.41%
L1-Store-Accesses:     462432926  100.00%

L1-Total-Hits:        2252072957   85.35%
L1-Total-Misses:       386590403   14.65%
L1-Total-Accesses:    2638663360  100.00%

L2 Cache Stats:
L2-Load-Hits:         187986946   51.99%
L2-Load-Misses:       173567861   48.01%
L2-Load-Accesses:     361554807  100.00%

L2-Store-Hits:          12864614   51.39%
L2-Store-Misses:        12170982   48.61%
L2-Store-Accesses:      25035596  100.00%

L2-Total-Hits:         200851560   51.95%
L2-Total-Misses:       185738843   48.05%
L2-Total-Accesses:     386590403  100.00%

