--------
Total Statistics
--------
Total Instructions: 7456343371
Total Cycles: 29764311255
IPC: 0.250513

--------
Two level Cache hierarchy
--------
  L1-Data Cache:
    Size(KB):          32
    Block Size(B):     32
    Associativity:      4

  L2-Data Cache:
    Size(KB):         512
    Block Size(B):    256
    Associativity:      8

Latencies:    1   15  250
L1-Sets:  256 - Random - assoc:   4
L2-Sets:  256 - Random - assoc:   8
Store_allocation: Yes
L2_inclusive: Yes

L1 Cache Stats:
L1-Load-Hits:        1810171720   83.06%
L1-Load-Misses:       369101153   16.94%
L1-Load-Accesses:    2179272873  100.00%

L1-Store-Hits:         437018290   94.50%
L1-Store-Misses:        25414636    5.50%
L1-Store-Accesses:     462432926  100.00%

L1-Total-Hits:        2247190010   85.07%
L1-Total-Misses:       394515789   14.93%
L1-Total-Accesses:    2641705799  100.00%

L2 Cache Stats:
L2-Load-Hits:         317540915   86.03%
L2-Load-Misses:        51560238   13.97%
L2-Load-Accesses:     369101153  100.00%

L2-Store-Hits:          21980773   86.49%
L2-Store-Misses:         3433863   13.51%
L2-Store-Accesses:      25414636  100.00%

L2-Total-Hits:         339521688   86.06%
L2-Total-Misses:        54994101   13.94%
L2-Total-Accesses:     394515789  100.00%

