--------
Total Statistics
--------
Total Instructions: 7435026573
Total Cycles: 32695159994
IPC: 0.227405

--------
Two level Cache hierarchy
--------
  L1-Data Cache:
    Size(KB):          32
    Block Size(B):     32
    Associativity:      4

  L2-Data Cache:
    Size(KB):         256
    Block Size(B):    256
    Associativity:      8

Latencies:    1   15  250
L1-Sets:  256 - SRRIP - assoc:   4
L2-Sets:  128 - SRRIP - assoc:   8
Store_allocation: Yes
L2_inclusive: Yes

L1 Cache Stats:
L1-Load-Hits:        1807841685   83.08%
L1-Load-Misses:       368078235   16.92%
L1-Load-Accesses:    2175919920  100.00%

L1-Store-Hits:         436605106   94.41%
L1-Store-Misses:        25827820    5.59%
L1-Store-Accesses:     462432926  100.00%

L1-Total-Hits:        2244446791   85.07%
L1-Total-Misses:       393906055   14.93%
L1-Total-Accesses:    2638352846  100.00%

L2 Cache Stats:
L2-Load-Hits:         305447949   82.98%
L2-Load-Misses:        62630286   17.02%
L2-Load-Accesses:     368078235  100.00%

L2-Store-Hits:          21605347   83.65%
L2-Store-Misses:         4222473   16.35%
L2-Store-Accesses:      25827820  100.00%

L2-Total-Hits:         327053296   83.03%
L2-Total-Misses:        66852759   16.97%
L2-Total-Accesses:     393906055  100.00%

