--------
Total Statistics
--------
Total Instructions: 7441657731
Total Cycles: 44594765007
IPC: 0.166873

--------
Two level Cache hierarchy
--------
  L1-Data Cache:
    Size(KB):          32
    Block Size(B):     32
    Associativity:      4

  L2-Data Cache:
    Size(KB):         256
    Block Size(B):    256
    Associativity:      8

Latencies:    1   15  250
L1-Sets:  256 - LFU - assoc:   4
L2-Sets:  128 - LFU - assoc:   8
Store_allocation: Yes
L2_inclusive: Yes

L1 Cache Stats:
L1-Load-Hits:        1758529354   80.78%
L1-Load-Misses:       418365446   19.22%
L1-Load-Accesses:    2176894800  100.00%

L1-Store-Hits:         432845952   93.60%
L1-Store-Misses:        29586974    6.40%
L1-Store-Accesses:     462432926  100.00%

L1-Total-Hits:        2191375306   83.03%
L1-Total-Misses:       447952420   16.97%
L1-Total-Accesses:    2639327726  100.00%

L2 Cache Stats:
L2-Load-Hits:         313973920   75.05%
L2-Load-Misses:       104391526   24.95%
L2-Load-Accesses:     418365446  100.00%

L2-Store-Hits:          22800527   77.06%
L2-Store-Misses:         6786447   22.94%
L2-Store-Accesses:      29586974  100.00%

L2-Total-Hits:         336774447   75.18%
L2-Total-Misses:       111177973   24.82%
L2-Total-Accesses:     447952420  100.00%

