--------
Total Statistics
--------
Total Instructions: 18199718596
Total Cycles: 405246862040
IPC: 0.0449102

--------
Two level Cache hierarchy
--------
  L1-Data Cache:
    Size(KB):          32
    Block Size(B):     32
    Associativity:      4

  L2-Data Cache:
    Size(KB):        2048
    Block Size(B):     64
    Associativity:     16

Latencies:    1   15  250
L1-Sets:  256 - LRU - assoc:   4
L2-Sets: 2048 - LRU - assoc:  16
Store_allocation: Yes
L2_inclusive: Yes

L1 Cache Stats:
L1-Load-Hits:        3250005565   51.16%
L1-Load-Misses:      3102978878   48.84%
L1-Load-Accesses:    6352984443  100.00%

L1-Store-Hits:        1809082825   96.19%
L1-Store-Misses:        71716141    3.81%
L1-Store-Accesses:    1880798966  100.00%

L1-Total-Hits:        5059088390   61.44%
L1-Total-Misses:      3174695019   38.56%
L1-Total-Accesses:    8233783409  100.00%

L2 Cache Stats:
L2-Load-Hits:        1809371977   58.31%
L2-Load-Misses:      1293606901   41.69%
L2-Load-Accesses:    3102978878  100.00%

L2-Store-Hits:          40551303   56.54%
L2-Store-Misses:        31164838   43.46%
L2-Store-Accesses:      71716141  100.00%

L2-Total-Hits:        1849923280   58.27%
L2-Total-Misses:      1324771739   41.73%
L2-Total-Accesses:    3174695019  100.00%

