--------
Total Statistics
--------
Total Instructions: 18199718596
Total Cycles: 366608430990
IPC: 0.0496435

--------
Two level Cache hierarchy
--------
  L1-Data Cache:
    Size(KB):          32
    Block Size(B):     32
    Associativity:      4

  L2-Data Cache:
    Size(KB):         256
    Block Size(B):    256
    Associativity:      8

Latencies:    1   15  250
L1-Sets:  256 - Random - assoc:   4
L2-Sets:  128 - Random - assoc:   8
Store_allocation: Yes
L2_inclusive: Yes

L1 Cache Stats:
L1-Load-Hits:        3204128492   50.44%
L1-Load-Misses:      3148855951   49.56%
L1-Load-Accesses:    6352984443  100.00%

L1-Store-Hits:        1802278768   95.83%
L1-Store-Misses:        78520198    4.17%
L1-Store-Accesses:    1880798966  100.00%

L1-Total-Hits:        5006407260   60.80%
L1-Total-Misses:      3227376149   39.20%
L1-Total-Accesses:    8233783409  100.00%

L2 Cache Stats:
L2-Load-Hits:        1994439466   63.34%
L2-Load-Misses:      1154416485   36.66%
L2-Load-Accesses:    3148855951  100.00%

L2-Store-Hits:          65879536   83.90%
L2-Store-Misses:        12640662   16.10%
L2-Store-Accesses:      78520198  100.00%

L2-Total-Hits:        2060319002   63.84%
L2-Total-Misses:      1167057147   36.16%
L2-Total-Accesses:    3227376149  100.00%

