--------
Total Statistics
--------
Total Instructions: 18199718596
Total Cycles: 264414120200
IPC: 0.0688304

--------
Two level Cache hierarchy
--------
  L1-Data Cache:
    Size(KB):          32
    Block Size(B):     32
    Associativity:      4

  L2-Data Cache:
    Size(KB):        1024
    Block Size(B):    256
    Associativity:      8

Latencies:    1   15  250
L1-Sets:  256 - LRU - assoc:   4
L2-Sets:  512 - LRU - assoc:   8
Store_allocation: Yes
L2_inclusive: Yes

L1 Cache Stats:
L1-Load-Hits:        3249784223   51.15%
L1-Load-Misses:      3103200220   48.85%
L1-Load-Accesses:    6352984443  100.00%

L1-Store-Hits:        1809141923   96.19%
L1-Store-Misses:        71657043    3.81%
L1-Store-Accesses:    1880798966  100.00%

L1-Total-Hits:        5058926146   61.44%
L1-Total-Misses:      3174857263   38.56%
L1-Total-Accesses:    8233783409  100.00%

L2 Cache Stats:
L2-Load-Hits:        2350526792   75.75%
L2-Load-Misses:       752673428   24.25%
L2-Load-Accesses:    3103200220  100.00%

L2-Store-Hits:          62899434   87.78%
L2-Store-Misses:         8757609   12.22%
L2-Store-Accesses:      71657043  100.00%

L2-Total-Hits:        2413426226   76.02%
L2-Total-Misses:       761431037   23.98%
L2-Total-Accesses:    3174857263  100.00%

