--------
Total Statistics
--------
Total Instructions: 18199718596
Total Cycles: 442962445780
IPC: 0.0410864

--------
Two level Cache hierarchy
--------
  L1-Data Cache:
    Size(KB):          32
    Block Size(B):     32
    Associativity:      4

  L2-Data Cache:
    Size(KB):         512
    Block Size(B):    128
    Associativity:      4

Latencies:    1   15  250
L1-Sets:  256 - LRU - assoc:   4
L2-Sets: 1024 - LRU - assoc:   4
Store_allocation: Yes
L2_inclusive: Yes

L1 Cache Stats:
L1-Load-Hits:        3249150981   51.14%
L1-Load-Misses:      3103833462   48.86%
L1-Load-Accesses:    6352984443  100.00%

L1-Store-Hits:        1809107443   96.19%
L1-Store-Misses:        71691523    3.81%
L1-Store-Accesses:    1880798966  100.00%

L1-Total-Hits:        5058258424   61.43%
L1-Total-Misses:      3175524985   38.57%
L1-Total-Accesses:    8233783409  100.00%

L2 Cache Stats:
L2-Load-Hits:        1645687957   53.02%
L2-Load-Misses:      1458145505   46.98%
L2-Load-Accesses:    3103833462  100.00%

L2-Store-Hits:          54252752   75.68%
L2-Store-Misses:        17438771   24.32%
L2-Store-Accesses:      71691523  100.00%

L2-Total-Hits:        1699940709   53.53%
L2-Total-Misses:      1475584276   46.47%
L2-Total-Accesses:    3175524985  100.00%

