--------
Total Statistics
--------
Total Instructions: 18199718596
Total Cycles: 477128575630
IPC: 0.0381443

--------
Two level Cache hierarchy
--------
  L1-Data Cache:
    Size(KB):          32
    Block Size(B):     32
    Associativity:      4

  L2-Data Cache:
    Size(KB):         256
    Block Size(B):    128
    Associativity:      4

Latencies:    1   15  250
L1-Sets:  256 - LRU - assoc:   4
L2-Sets:  512 - LRU - assoc:   4
Store_allocation: Yes
L2_inclusive: Yes

L1 Cache Stats:
L1-Load-Hits:        3244694754   51.07%
L1-Load-Misses:      3108289689   48.93%
L1-Load-Accesses:    6352984443  100.00%

L1-Store-Hits:        1808652230   96.16%
L1-Store-Misses:        72146736    3.84%
L1-Store-Accesses:    1880798966  100.00%

L1-Total-Hits:        5053346984   61.37%
L1-Total-Misses:      3180436425   38.63%
L1-Total-Accesses:    8233783409  100.00%

L2 Cache Stats:
L2-Load-Hits:        1514703353   48.73%
L2-Load-Misses:      1593586336   51.27%
L2-Load-Accesses:    3108289689  100.00%

L2-Store-Hits:          53778963   74.54%
L2-Store-Misses:        18367773   25.46%
L2-Store-Accesses:      72146736  100.00%

L2-Total-Hits:        1568482316   49.32%
L2-Total-Misses:      1611954109   50.68%
L2-Total-Accesses:    3180436425  100.00%

