--------
Total Statistics
--------
Total Instructions: 18199718596
Total Cycles: 607565999520
IPC: 0.0299551

--------
Two level Cache hierarchy
--------
  L1-Data Cache:
    Size(KB):          32
    Block Size(B):     32
    Associativity:      4

  L2-Data Cache:
    Size(KB):         512
    Block Size(B):     64
    Associativity:      4

Latencies:    1   15  250
L1-Sets:  256 - LRU - assoc:   4
L2-Sets: 2048 - LRU - assoc:   4
Store_allocation: Yes
L2_inclusive: Yes

L1 Cache Stats:
L1-Load-Hits:        3249518327   51.15%
L1-Load-Misses:      3103466116   48.85%
L1-Load-Accesses:    6352984443  100.00%

L1-Store-Hits:        1809124431   96.19%
L1-Store-Misses:        71674535    3.81%
L1-Store-Accesses:    1880798966  100.00%

L1-Total-Hits:        5058642758   61.44%
L1-Total-Misses:      3175140651   38.56%
L1-Total-Accesses:    8233783409  100.00%

L2 Cache Stats:
L2-Load-Hits:        1002709024   32.31%
L2-Load-Misses:      2100757092   67.69%
L2-Load-Accesses:    3103466116  100.00%

L2-Store-Hits:          38410076   53.59%
L2-Store-Misses:        33264459   46.41%
L2-Store-Accesses:      71674535  100.00%

L2-Total-Hits:        1041119100   32.79%
L2-Total-Misses:      2134021551   67.21%
L2-Total-Accesses:    3175140651  100.00%

