--------
Total Statistics
--------
Total Instructions: 18199718596
Total Cycles: 282866702445
IPC: 0.0643403

--------
Two level Cache hierarchy
--------
  L1-Data Cache:
    Size(KB):          32
    Block Size(B):     32
    Associativity:      4

  L2-Data Cache:
    Size(KB):        1024
    Block Size(B):    256
    Associativity:     16

Latencies:    1   15  250
L1-Sets:  256 - LIP - assoc:   4
L2-Sets:  256 - LIP - assoc:  16
Store_allocation: Yes
L2_inclusive: Yes

L1 Cache Stats:
L1-Load-Hits:        3218722392   50.66%
L1-Load-Misses:      3134262051   49.34%
L1-Load-Accesses:    6352984443  100.00%

L1-Store-Hits:        1811819671   96.33%
L1-Store-Misses:        68979295    3.67%
L1-Store-Accesses:    1880798966  100.00%

L1-Total-Hits:        5030542063   61.10%
L1-Total-Misses:      3203241346   38.90%
L1-Total-Accesses:    8233783409  100.00%

L2 Cache Stats:
L2-Load-Hits:        2309471767   73.68%
L2-Load-Misses:       824790284   26.32%
L2-Load-Accesses:    3134262051  100.00%

L2-Store-Hits:          60231258   87.32%
L2-Store-Misses:         8748037   12.68%
L2-Store-Accesses:      68979295  100.00%

L2-Total-Hits:        2369703025   73.98%
L2-Total-Misses:       833538321   26.02%
L2-Total-Accesses:    3203241346  100.00%

