--------
Total Statistics
--------
Total Instructions: 18199718596
Total Cycles: 308755195310
IPC: 0.0589455

--------
Two level Cache hierarchy
--------
  L1-Data Cache:
    Size(KB):          32
    Block Size(B):     32
    Associativity:      4

  L2-Data Cache:
    Size(KB):         512
    Block Size(B):    256
    Associativity:      8

Latencies:    1   15  250
L1-Sets:  256 - SRRIP - assoc:   4
L2-Sets:  256 - SRRIP - assoc:   8
Store_allocation: Yes
L2_inclusive: Yes

L1 Cache Stats:
L1-Load-Hits:        3223454135   50.74%
L1-Load-Misses:      3129530308   49.26%
L1-Load-Accesses:    6352984443  100.00%

L1-Store-Hits:        1811289437   96.30%
L1-Store-Misses:        69509529    3.70%
L1-Store-Accesses:    1880798966  100.00%

L1-Total-Hits:        5034743572   61.15%
L1-Total-Misses:      3199039837   38.85%
L1-Total-Accesses:    8233783409  100.00%

L2 Cache Stats:
L2-Load-Hits:        2201282299   70.34%
L2-Load-Misses:       928248009   29.66%
L2-Load-Accesses:    3129530308  100.00%

L2-Store-Hits:          60413155   86.91%
L2-Store-Misses:         9096374   13.09%
L2-Store-Accesses:      69509529  100.00%

L2-Total-Hits:        2261695454   70.70%
L2-Total-Misses:       937344383   29.30%
L2-Total-Accesses:    3199039837  100.00%

