--------
Total Statistics
--------
Total Instructions: 18199718596
Total Cycles: 359970996995
IPC: 0.0505588

--------
Two level Cache hierarchy
--------
  L1-Data Cache:
    Size(KB):          32
    Block Size(B):     32
    Associativity:      4

  L2-Data Cache:
    Size(KB):         256
    Block Size(B):    256
    Associativity:      4

Latencies:    1   15  250
L1-Sets:  256 - LRU - assoc:   4
L2-Sets:  256 - LRU - assoc:   4
Store_allocation: Yes
L2_inclusive: Yes

L1 Cache Stats:
L1-Load-Hits:        3224230689   50.75%
L1-Load-Misses:      3128753754   49.25%
L1-Load-Accesses:    6352984443  100.00%

L1-Store-Hits:        1806976754   96.07%
L1-Store-Misses:        73822212    3.93%
L1-Store-Accesses:    1880798966  100.00%

L1-Total-Hits:        5031207443   61.10%
L1-Total-Misses:      3202575966   38.90%
L1-Total-Accesses:    8233783409  100.00%

L2 Cache Stats:
L2-Load-Hits:        1998490550   63.87%
L2-Load-Misses:      1130263204   36.13%
L2-Load-Accesses:    3128753754  100.00%

L2-Store-Hits:          62089994   84.11%
L2-Store-Misses:        11732218   15.89%
L2-Store-Accesses:      73822212  100.00%

L2-Total-Hits:        2060580544   64.34%
L2-Total-Misses:      1141995422   35.66%
L2-Total-Accesses:    3202575966  100.00%

