--------
Total Statistics
--------
Total Instructions: 18199718596
Total Cycles: 316449897320
IPC: 0.0575122

--------
Two level Cache hierarchy
--------
  L1-Data Cache:
    Size(KB):          32
    Block Size(B):     32
    Associativity:      4

  L2-Data Cache:
    Size(KB):         512
    Block Size(B):    256
    Associativity:      8

Latencies:    1   15  250
L1-Sets:  256 - Random - assoc:   4
L2-Sets:  256 - Random - assoc:   8
Store_allocation: Yes
L2_inclusive: Yes

L1 Cache Stats:
L1-Load-Hits:        3219036858   50.67%
L1-Load-Misses:      3133947585   49.33%
L1-Load-Accesses:    6352984443  100.00%

L1-Store-Hits:        1803454230   95.89%
L1-Store-Misses:        77344736    4.11%
L1-Store-Accesses:    1880798966  100.00%

L1-Total-Hits:        5022491088   61.00%
L1-Total-Misses:      3211292321   39.00%
L1-Total-Accesses:    8233783409  100.00%

L2 Cache Stats:
L2-Load-Hits:        2176924872   69.46%
L2-Load-Misses:       957022713   30.54%
L2-Load-Accesses:    3133947585  100.00%

L2-Store-Hits:          66979407   86.60%
L2-Store-Misses:        10365329   13.40%
L2-Store-Accesses:      77344736  100.00%

L2-Total-Hits:        2243904279   69.88%
L2-Total-Misses:       967388042   30.12%
L2-Total-Accesses:    3211292321  100.00%

