--------
Total Statistics
--------
Total Instructions: 18199718596
Total Cycles: 405991630410
IPC: 0.0448278

--------
Two level Cache hierarchy
--------
  L1-Data Cache:
    Size(KB):          32
    Block Size(B):     32
    Associativity:      4

  L2-Data Cache:
    Size(KB):        1024
    Block Size(B):    128
    Associativity:      8

Latencies:    1   15  250
L1-Sets:  256 - LRU - assoc:   4
L2-Sets: 1024 - LRU - assoc:   8
Store_allocation: Yes
L2_inclusive: Yes

L1 Cache Stats:
L1-Load-Hits:        3250026785   51.16%
L1-Load-Misses:      3102957658   48.84%
L1-Load-Accesses:    6352984443  100.00%

L1-Store-Hits:        1809344197   96.20%
L1-Store-Misses:        71454769    3.80%
L1-Store-Accesses:    1880798966  100.00%

L1-Total-Hits:        5059370982   61.45%
L1-Total-Misses:      3174412427   38.55%
L1-Total-Accesses:    8233783409  100.00%

L2 Cache Stats:
L2-Load-Hits:        1792010343   57.75%
L2-Load-Misses:      1310947315   42.25%
L2-Load-Accesses:    3102957658  100.00%

L2-Store-Hits:          54634316   76.46%
L2-Store-Misses:        16820453   23.54%
L2-Store-Accesses:      71454769  100.00%

L2-Total-Hits:        1846644659   58.17%
L2-Total-Misses:      1327767768   41.83%
L2-Total-Accesses:    3174412427  100.00%

