--------
Total Statistics
--------
Total Instructions: 18199718649
Total Cycles: 479671240236
IPC: 0.0379421

--------
Two level Cache hierarchy
--------
  L1-Data Cache:
    Size(KB):          32
    Block Size(B):     32
    Associativity:      4

  L2-Data Cache:
    Size(KB):         256
    Block Size(B):    256
    Associativity:      8

Latencies:    1   15  250
L1-Sets:  256 - LFU - assoc:   4
L2-Sets:  128 - LFU - assoc:   8
Store_allocation: Yes
L2_inclusive: Yes

L1 Cache Stats:
L1-Load-Hits:        2916290424   45.90%
L1-Load-Misses:      3436694037   54.10%
L1-Load-Accesses:    6352984461  100.00%

L1-Store-Hits:        1737557909   92.38%
L1-Store-Misses:       143241057    7.62%
L1-Store-Accesses:    1880798966  100.00%

L1-Total-Hits:        4653848333   56.52%
L1-Total-Misses:      3579935094   43.48%
L1-Total-Accesses:    8233783427  100.00%

L2 Cache Stats:
L2-Load-Hits:        1866461577   54.31%
L2-Load-Misses:      1570232460   45.69%
L2-Load-Accesses:    3436694037  100.00%

L2-Store-Hits:         115318670   80.51%
L2-Store-Misses:        27922387   19.49%
L2-Store-Accesses:     143241057  100.00%

L2-Total-Hits:        1981780247   55.36%
L2-Total-Misses:      1598154847   44.64%
L2-Total-Accesses:    3579935094  100.00%

