--------
Total Statistics
--------
Total Instructions: 18199718649
Total Cycles: 440975007126
IPC: 0.0412715

--------
Two level Cache hierarchy
--------
  L1-Data Cache:
    Size(KB):          32
    Block Size(B):     32
    Associativity:      4

  L2-Data Cache:
    Size(KB):         512
    Block Size(B):    256
    Associativity:      8

Latencies:    1   15  250
L1-Sets:  256 - LFU - assoc:   4
L2-Sets:  256 - LFU - assoc:   8
Store_allocation: Yes
L2_inclusive: Yes

L1 Cache Stats:
L1-Load-Hits:        3044589091   47.92%
L1-Load-Misses:      3308395370   52.08%
L1-Load-Accesses:    6352984461  100.00%

L1-Store-Hits:        1789336566   95.14%
L1-Store-Misses:        91462400    4.86%
L1-Store-Accesses:    1880798966  100.00%

L1-Total-Hits:        4833925657   58.71%
L1-Total-Misses:      3399857770   41.29%
L1-Total-Accesses:    8233783427  100.00%

L2 Cache Stats:
L2-Load-Hits:        1872944498   56.61%
L2-Load-Misses:      1435450872   43.39%
L2-Load-Accesses:    3308395370  100.00%

L2-Store-Hits:          72738718   79.53%
L2-Store-Misses:        18723682   20.47%
L2-Store-Accesses:      91462400  100.00%

L2-Total-Hits:        1945683216   57.23%
L2-Total-Misses:      1454174554   42.77%
L2-Total-Accesses:    3399857770  100.00%

