--------
Total Statistics
--------
Total Instructions: 18199718596
Total Cycles: 352212369640
IPC: 0.0516726

--------
Two level Cache hierarchy
--------
  L1-Data Cache:
    Size(KB):          32
    Block Size(B):     32
    Associativity:      4

  L2-Data Cache:
    Size(KB):         256
    Block Size(B):    256
    Associativity:      8

Latencies:    1   15  250
L1-Sets:  256 - SRRIP - assoc:   4
L2-Sets:  128 - SRRIP - assoc:   8
Store_allocation: Yes
L2_inclusive: Yes

L1 Cache Stats:
L1-Load-Hits:        3210338708   50.53%
L1-Load-Misses:      3142645735   49.47%
L1-Load-Accesses:    6352984443  100.00%

L1-Store-Hits:        1810794892   96.28%
L1-Store-Misses:        70004074    3.72%
L1-Store-Accesses:    1880798966  100.00%

L1-Total-Hits:        5021133600   60.98%
L1-Total-Misses:      3212649809   39.02%
L1-Total-Accesses:    8233783409  100.00%

L2 Cache Stats:
L2-Load-Hits:        2041994358   64.98%
L2-Load-Misses:      1100651377   35.02%
L2-Load-Accesses:    3142645735  100.00%

L2-Store-Hits:          60298969   86.14%
L2-Store-Misses:         9705105   13.86%
L2-Store-Accesses:      70004074  100.00%

L2-Total-Hits:        2102293327   65.44%
L2-Total-Misses:      1110356482   34.56%
L2-Total-Accesses:    3212649809  100.00%

