--------
Total Statistics
--------
Total Instructions: 18199718596
Total Cycles: 558574044895
IPC: 0.0325825

--------
Two level Cache hierarchy
--------
  L1-Data Cache:
    Size(KB):          32
    Block Size(B):     32
    Associativity:      4

  L2-Data Cache:
    Size(KB):        1024
    Block Size(B):     64
    Associativity:     16

Latencies:    1   15  250
L1-Sets:  256 - LRU - assoc:   4
L2-Sets: 1024 - LRU - assoc:  16
Store_allocation: Yes
L2_inclusive: Yes

L1 Cache Stats:
L1-Load-Hits:        3249527207   51.15%
L1-Load-Misses:      3103457236   48.85%
L1-Load-Accesses:    6352984443  100.00%

L1-Store-Hits:        1809266126   96.20%
L1-Store-Misses:        71532840    3.80%
L1-Store-Accesses:    1880798966  100.00%

L1-Total-Hits:        5058793333   61.44%
L1-Total-Misses:      3174990076   38.56%
L1-Total-Accesses:    8233783409  100.00%

L2 Cache Stats:
L2-Load-Hits:        1197801423   38.60%
L2-Load-Misses:      1905655813   61.40%
L2-Load-Accesses:    3103457236  100.00%

L2-Store-Hits:          39125886   54.70%
L2-Store-Misses:        32406954   45.30%
L2-Store-Accesses:      71532840  100.00%

L2-Total-Hits:        1236927309   38.96%
L2-Total-Misses:      1938062767   61.04%
L2-Total-Accesses:    3174990076  100.00%

