--------
Total Statistics
--------
Total Instructions: 18199718596
Total Cycles: 406908452575
IPC: 0.0447268

--------
Two level Cache hierarchy
--------
  L1-Data Cache:
    Size(KB):          32
    Block Size(B):     32
    Associativity:      4

  L2-Data Cache:
    Size(KB):        1024
    Block Size(B):    128
    Associativity:     16

Latencies:    1   15  250
L1-Sets:  256 - LRU - assoc:   4
L2-Sets:  512 - LRU - assoc:  16
Store_allocation: Yes
L2_inclusive: Yes

L1 Cache Stats:
L1-Load-Hits:        3250121143   51.16%
L1-Load-Misses:      3102863300   48.84%
L1-Load-Accesses:    6352984443  100.00%

L1-Store-Hits:        1809163928   96.19%
L1-Store-Misses:        71635038    3.81%
L1-Store-Accesses:    1880798966  100.00%

L1-Total-Hits:        5059285071   61.45%
L1-Total-Misses:      3174498338   38.55%
L1-Total-Accesses:    8233783409  100.00%

L2 Cache Stats:
L2-Load-Hits:        1788256794   57.63%
L2-Load-Misses:      1314606506   42.37%
L2-Load-Accesses:    3102863300  100.00%

L2-Store-Hits:          54811642   76.52%
L2-Store-Misses:        16823396   23.48%
L2-Store-Accesses:      71635038  100.00%

L2-Total-Hits:        1843068436   58.06%
L2-Total-Misses:      1331429902   41.94%
L2-Total-Accesses:    3174498338  100.00%

