--------
Total Statistics
--------
Total Instructions: 18199718596
Total Cycles: 472651057735
IPC: 0.0385056

--------
Two level Cache hierarchy
--------
  L1-Data Cache:
    Size(KB):          32
    Block Size(B):     32
    Associativity:      4

  L2-Data Cache:
    Size(KB):         256
    Block Size(B):    128
    Associativity:      8

Latencies:    1   15  250
L1-Sets:  256 - LRU - assoc:   4
L2-Sets:  256 - LRU - assoc:   8
Store_allocation: Yes
L2_inclusive: Yes

L1 Cache Stats:
L1-Load-Hits:        3247443669   51.12%
L1-Load-Misses:      3105540774   48.88%
L1-Load-Accesses:    6352984443  100.00%

L1-Store-Hits:        1808960858   96.18%
L1-Store-Misses:        71838108    3.82%
L1-Store-Accesses:    1880798966  100.00%

L1-Total-Hits:        5056404527   61.41%
L1-Total-Misses:      3177378882   38.59%
L1-Total-Accesses:    8233783409  100.00%

L2 Cache Stats:
L2-Load-Hits:        1529366218   49.25%
L2-Load-Misses:      1576174556   50.75%
L2-Load-Accesses:    3105540774  100.00%

L2-Store-Hits:          53785174   74.87%
L2-Store-Misses:        18052934   25.13%
L2-Store-Accesses:      71838108  100.00%

L2-Total-Hits:        1583151392   49.83%
L2-Total-Misses:      1594227490   50.17%
L2-Total-Accesses:    3177378882  100.00%

