--------
Total Statistics
--------
Total Instructions: 18199718596
Total Cycles: 264371056435
IPC: 0.0688416

--------
Two level Cache hierarchy
--------
  L1-Data Cache:
    Size(KB):          32
    Block Size(B):     32
    Associativity:      4

  L2-Data Cache:
    Size(KB):        1024
    Block Size(B):    256
    Associativity:     16

Latencies:    1   15  250
L1-Sets:  256 - Random - assoc:   4
L2-Sets:  256 - Random - assoc:  16
Store_allocation: Yes
L2_inclusive: Yes

L1 Cache Stats:
L1-Load-Hits:        3224132222   50.75%
L1-Load-Misses:      3128852221   49.25%
L1-Load-Accesses:    6352984443  100.00%

L1-Store-Hits:        1803357575   95.88%
L1-Store-Misses:        77441391    4.12%
L1-Store-Accesses:    1880798966  100.00%

L1-Total-Hits:        5027489797   61.06%
L1-Total-Misses:      3206293612   38.94%
L1-Total-Accesses:    8233783409  100.00%

L2 Cache Stats:
L2-Load-Hits:        2378713587   76.03%
L2-Load-Misses:       750138634   23.97%
L2-Load-Accesses:    3128852221  100.00%

L2-Store-Hits:          68207424   88.08%
L2-Store-Misses:         9233967   11.92%
L2-Store-Accesses:      77441391  100.00%

L2-Total-Hits:        2446921011   76.32%
L2-Total-Misses:       759372601   23.68%
L2-Total-Accesses:    3206293612  100.00%

