--------
Total Statistics
--------
Total Instructions: 18199718596
Total Cycles: 342418647770
IPC: 0.0531505

--------
Two level Cache hierarchy
--------
  L1-Data Cache:
    Size(KB):          32
    Block Size(B):     32
    Associativity:      4

  L2-Data Cache:
    Size(KB):        2048
    Block Size(B):    128
    Associativity:     16

Latencies:    1   15  250
L1-Sets:  256 - LRU - assoc:   4
L2-Sets: 1024 - LRU - assoc:  16
Store_allocation: Yes
L2_inclusive: Yes

L1 Cache Stats:
L1-Load-Hits:        3250151908   51.16%
L1-Load-Misses:      3102832535   48.84%
L1-Load-Accesses:    6352984443  100.00%

L1-Store-Hits:        1809235650   96.20%
L1-Store-Misses:        71563316    3.80%
L1-Store-Accesses:    1880798966  100.00%

L1-Total-Hits:        5059387558   61.45%
L1-Total-Misses:      3174395851   38.55%
L1-Total-Accesses:    8233783409  100.00%

L2 Cache Stats:
L2-Load-Hits:        2045532683   65.92%
L2-Load-Misses:      1057299852   34.08%
L2-Load-Accesses:    3102832535  100.00%

L2-Store-Hits:          55386336   77.39%
L2-Store-Misses:        16176980   22.61%
L2-Store-Accesses:      71563316  100.00%

L2-Total-Hits:        2100919019   66.18%
L2-Total-Misses:      1073476832   33.82%
L2-Total-Accesses:    3174395851  100.00%

