--------
Total Statistics
--------
Total Instructions: 18199718596
Total Cycles: 440798919225
IPC: 0.041288

--------
Two level Cache hierarchy
--------
  L1-Data Cache:
    Size(KB):          32
    Block Size(B):     32
    Associativity:      4

  L2-Data Cache:
    Size(KB):         512
    Block Size(B):    128
    Associativity:      8

Latencies:    1   15  250
L1-Sets:  256 - LRU - assoc:   4
L2-Sets:  512 - LRU - assoc:   8
Store_allocation: Yes
L2_inclusive: Yes

L1 Cache Stats:
L1-Load-Hits:        3249653211   51.15%
L1-Load-Misses:      3103331232   48.85%
L1-Load-Accesses:    6352984443  100.00%

L1-Store-Hits:        1809062450   96.19%
L1-Store-Misses:        71736516    3.81%
L1-Store-Accesses:    1880798966  100.00%

L1-Total-Hits:        5058715661   61.44%
L1-Total-Misses:      3175067748   38.56%
L1-Total-Accesses:    8233783409  100.00%

L2 Cache Stats:
L2-Load-Hits:        1653673768   53.29%
L2-Load-Misses:      1449657464   46.71%
L2-Load-Accesses:    3103331232  100.00%

L2-Store-Hits:          54436376   75.88%
L2-Store-Misses:        17300140   24.12%
L2-Store-Accesses:      71736516  100.00%

L2-Total-Hits:        1708110144   53.80%
L2-Total-Misses:      1466957604   46.20%
L2-Total-Accesses:    3175067748  100.00%

