--------
Total Statistics
--------
Total Instructions: 18199718596
Total Cycles: 316215050980
IPC: 0.0575549

--------
Two level Cache hierarchy
--------
  L1-Data Cache:
    Size(KB):          32
    Block Size(B):     32
    Associativity:      4

  L2-Data Cache:
    Size(KB):         512
    Block Size(B):    256
    Associativity:      8

Latencies:    1   15  250
L1-Sets:  256 - LIP - assoc:   4
L2-Sets:  256 - LIP - assoc:   8
Store_allocation: Yes
L2_inclusive: Yes

L1 Cache Stats:
L1-Load-Hits:        3215349392   50.61%
L1-Load-Misses:      3137635051   49.39%
L1-Load-Accesses:    6352984443  100.00%

L1-Store-Hits:        1811961352   96.34%
L1-Store-Misses:        68837614    3.66%
L1-Store-Accesses:    1880798966  100.00%

L1-Total-Hits:        5027310744   61.06%
L1-Total-Misses:      3206472665   38.94%
L1-Total-Accesses:    8233783409  100.00%

L2 Cache Stats:
L2-Load-Hits:        2180062764   69.48%
L2-Load-Misses:       957572287   30.52%
L2-Load-Accesses:    3137635051  100.00%

L2-Store-Hits:          59672065   86.69%
L2-Store-Misses:         9165549   13.31%
L2-Store-Accesses:      68837614  100.00%

L2-Total-Hits:        2239734829   69.85%
L2-Total-Misses:       966737836   30.15%
L2-Total-Accesses:    3206472665  100.00%

