--------
Total Statistics
--------
Total Instructions: 18199718596
Total Cycles: 221765224460
IPC: 0.0820675

--------
Two level Cache hierarchy
--------
  L1-Data Cache:
    Size(KB):          32
    Block Size(B):     32
    Associativity:      4

  L2-Data Cache:
    Size(KB):        2048
    Block Size(B):    256
    Associativity:     16

Latencies:    1   15  250
L1-Sets:  256 - LRU - assoc:   4
L2-Sets:  512 - LRU - assoc:  16
Store_allocation: Yes
L2_inclusive: Yes

L1 Cache Stats:
L1-Load-Hits:        3249896358   51.16%
L1-Load-Misses:      3103088085   48.84%
L1-Load-Accesses:    6352984443  100.00%

L1-Store-Hits:        1809137854   96.19%
L1-Store-Misses:        71661112    3.81%
L1-Store-Accesses:    1880798966  100.00%

L1-Total-Hits:        5059034212   61.44%
L1-Total-Misses:      3174749197   38.56%
L1-Total-Accesses:    8233783409  100.00%

L2 Cache Stats:
L2-Load-Hits:        2520565040   81.23%
L2-Load-Misses:       582523045   18.77%
L2-Load-Accesses:    3103088085  100.00%

L2-Store-Hits:          63342219   88.39%
L2-Store-Misses:         8318893   11.61%
L2-Store-Accesses:      71661112  100.00%

L2-Total-Hits:        2583907259   81.39%
L2-Total-Misses:       590841938   18.61%
L2-Total-Accesses:    3174749197  100.00%

