--------
Total Statistics
--------
Total Instructions: 18199718596
Total Cycles: 356625739105
IPC: 0.0510331

--------
Two level Cache hierarchy
--------
  L1-Data Cache:
    Size(KB):          32
    Block Size(B):     32
    Associativity:      4

  L2-Data Cache:
    Size(KB):         256
    Block Size(B):    256
    Associativity:      8

Latencies:    1   15  250
L1-Sets:  256 - LIP - assoc:   4
L2-Sets:  128 - LIP - assoc:   8
Store_allocation: Yes
L2_inclusive: Yes

L1 Cache Stats:
L1-Load-Hits:        3199788550   50.37%
L1-Load-Misses:      3153195893   49.63%
L1-Load-Accesses:    6352984443  100.00%

L1-Store-Hits:        1811482819   96.31%
L1-Store-Misses:        69316147    3.69%
L1-Store-Accesses:    1880798966  100.00%

L1-Total-Hits:        5011271369   60.86%
L1-Total-Misses:      3222512040   39.14%
L1-Total-Accesses:    8233783409  100.00%

L2 Cache Stats:
L2-Load-Hits:        2035540400   64.55%
L2-Load-Misses:      1117655493   35.45%
L2-Load-Accesses:    3153195893  100.00%

L2-Store-Hits:          59553414   85.92%
L2-Store-Misses:         9762733   14.08%
L2-Store-Accesses:      69316147  100.00%

L2-Total-Hits:        2095093814   65.01%
L2-Total-Misses:      1127418226   34.99%
L2-Total-Accesses:    3222512040  100.00%

