--------
Total Statistics
--------
Total Instructions: 18199718596
Total Cycles: 357038909360
IPC: 0.050974

--------
Two level Cache hierarchy
--------
  L1-Data Cache:
    Size(KB):          32
    Block Size(B):     32
    Associativity:      4

  L2-Data Cache:
    Size(KB):         256
    Block Size(B):    256
    Associativity:      8

Latencies:    1   15  250
L1-Sets:  256 - LRU - assoc:   4
L2-Sets:  128 - LRU - assoc:   8
Store_allocation: Yes
L2_inclusive: Yes

L1 Cache Stats:
L1-Load-Hits:        3229962350   50.84%
L1-Load-Misses:      3123022093   49.16%
L1-Load-Accesses:    6352984443  100.00%

L1-Store-Hits:        1808210852   96.14%
L1-Store-Misses:        72588114    3.86%
L1-Store-Accesses:    1880798966  100.00%

L1-Total-Hits:        5038173202   61.19%
L1-Total-Misses:      3195610207   38.81%
L1-Total-Accesses:    8233783409  100.00%

L2 Cache Stats:
L2-Load-Hits:        2003423927   64.15%
L2-Load-Misses:      1119598166   35.85%
L2-Load-Accesses:    3123022093  100.00%

L2-Store-Hits:          61501263   84.73%
L2-Store-Misses:        11086851   15.27%
L2-Store-Accesses:      72588114  100.00%

L2-Total-Hits:        2064925190   64.62%
L2-Total-Misses:      1130685017   35.38%
L2-Total-Accesses:    3195610207  100.00%

