--------
Total Statistics
--------
Total Instructions: 18199718596
Total Cycles: 195710621820
IPC: 0.092993

--------
Two level Cache hierarchy
--------
  L1-Data Cache:
    Size(KB):          32
    Block Size(B):     32
    Associativity:      4

  L2-Data Cache:
    Size(KB):        2048
    Block Size(B):    256
    Associativity:     16

Latencies:    1   15  250
L1-Sets:  256 - Random - assoc:   4
L2-Sets:  512 - Random - assoc:  16
Store_allocation: Yes
L2_inclusive: Yes

L1 Cache Stats:
L1-Load-Hits:        3225970293   50.78%
L1-Load-Misses:      3127014150   49.22%
L1-Load-Accesses:    6352984443  100.00%

L1-Store-Hits:        1803483895   95.89%
L1-Store-Misses:        77315071    4.11%
L1-Store-Accesses:    1880798966  100.00%

L1-Total-Hits:        5029454188   61.08%
L1-Total-Misses:      3204329221   38.92%
L1-Total-Accesses:    8233783409  100.00%

L2 Cache Stats:
L2-Load-Hits:        2650738210   84.77%
L2-Load-Misses:       476275940   15.23%
L2-Load-Accesses:    3127014150  100.00%

L2-Store-Hits:          68742285   88.91%
L2-Store-Misses:         8572786   11.09%
L2-Store-Accesses:      77315071  100.00%

L2-Total-Hits:        2719480495   84.87%
L2-Total-Misses:       484848726   15.13%
L2-Total-Accesses:    3204329221  100.00%

