--------
Total Statistics
--------
Total Instructions: 18199718596
Total Cycles: 555570317845
IPC: 0.0327586

--------
Two level Cache hierarchy
--------
  L1-Data Cache:
    Size(KB):          32
    Block Size(B):     32
    Associativity:      4

  L2-Data Cache:
    Size(KB):        1024
    Block Size(B):     64
    Associativity:      8

Latencies:    1   15  250
L1-Sets:  256 - LRU - assoc:   4
L2-Sets: 2048 - LRU - assoc:   8
Store_allocation: Yes
L2_inclusive: Yes

L1 Cache Stats:
L1-Load-Hits:        3249989796   51.16%
L1-Load-Misses:      3102994647   48.84%
L1-Load-Accesses:    6352984443  100.00%

L1-Store-Hits:        1809424307   96.21%
L1-Store-Misses:        71374659    3.79%
L1-Store-Accesses:    1880798966  100.00%

L1-Total-Hits:        5059414103   61.45%
L1-Total-Misses:      3174369306   38.55%
L1-Total-Accesses:    8233783409  100.00%

L2 Cache Stats:
L2-Load-Hits:        1209286172   38.97%
L2-Load-Misses:      1893708475   61.03%
L2-Load-Accesses:    3102994647  100.00%

L2-Store-Hits:          38998029   54.64%
L2-Store-Misses:        32376630   45.36%
L2-Store-Accesses:      71374659  100.00%

L2-Total-Hits:        1248284201   39.32%
L2-Total-Misses:      1926085105   60.68%
L2-Total-Accesses:    3174369306  100.00%

