--------
Total Statistics
--------
Total Instructions: 18199718596
Total Cycles: 637800957510
IPC: 0.0285351

--------
Two level Cache hierarchy
--------
  L1-Data Cache:
    Size(KB):          32
    Block Size(B):     32
    Associativity:      4

  L2-Data Cache:
    Size(KB):         256
    Block Size(B):     64
    Associativity:      8

Latencies:    1   15  250
L1-Sets:  256 - LRU - assoc:   4
L2-Sets:  512 - LRU - assoc:   8
Store_allocation: Yes
L2_inclusive: Yes

L1 Cache Stats:
L1-Load-Hits:        3248988558   51.14%
L1-Load-Misses:      3103995885   48.86%
L1-Load-Accesses:    6352984443  100.00%

L1-Store-Hits:        1809076784   96.19%
L1-Store-Misses:        71722182    3.81%
L1-Store-Accesses:    1880798966  100.00%

L1-Total-Hits:        5058065342   61.43%
L1-Total-Misses:      3175718067   38.57%
L1-Total-Accesses:    8233783409  100.00%

L2 Cache Stats:
L2-Load-Hits:         883006638   28.45%
L2-Load-Misses:      2220989247   71.55%
L2-Load-Accesses:    3103995885  100.00%

L2-Store-Hits:          37784691   52.68%
L2-Store-Misses:        33937491   47.32%
L2-Store-Accesses:      71722182  100.00%

L2-Total-Hits:         920791329   28.99%
L2-Total-Misses:      2254926738   71.01%
L2-Total-Accesses:    3175718067  100.00%

