--------
Total Statistics
--------
Total Instructions: 18199718596
Total Cycles: 264068152690
IPC: 0.0689205

--------
Two level Cache hierarchy
--------
  L1-Data Cache:
    Size(KB):          32
    Block Size(B):     32
    Associativity:      4

  L2-Data Cache:
    Size(KB):        1024
    Block Size(B):    256
    Associativity:     16

Latencies:    1   15  250
L1-Sets:  256 - LRU - assoc:   4
L2-Sets:  256 - LRU - assoc:  16
Store_allocation: Yes
L2_inclusive: Yes

L1 Cache Stats:
L1-Load-Hits:        3249992964   51.16%
L1-Load-Misses:      3102991479   48.84%
L1-Load-Accesses:    6352984443  100.00%

L1-Store-Hits:        1809114666   96.19%
L1-Store-Misses:        71684300    3.81%
L1-Store-Accesses:    1880798966  100.00%

L1-Total-Hits:        5059107630   61.44%
L1-Total-Misses:      3174675779   38.56%
L1-Total-Accesses:    8233783409  100.00%

L2 Cache Stats:
L2-Load-Hits:        2351688162   75.79%
L2-Load-Misses:       751303317   24.21%
L2-Load-Accesses:    3102991479  100.00%

L2-Store-Hits:          62929561   87.79%
L2-Store-Misses:         8754739   12.21%
L2-Store-Accesses:      71684300  100.00%

L2-Total-Hits:        2414617723   76.06%
L2-Total-Misses:       760058056   23.94%
L2-Total-Accesses:    3174675779  100.00%

