--------
Total Statistics
--------
Total Instructions: 18199718649
Total Cycles: 401384475091
IPC: 0.0453424

--------
Two level Cache hierarchy
--------
  L1-Data Cache:
    Size(KB):          32
    Block Size(B):     32
    Associativity:      4

  L2-Data Cache:
    Size(KB):        2048
    Block Size(B):    256
    Associativity:     16

Latencies:    1   15  250
L1-Sets:  256 - LFU - assoc:   4
L2-Sets:  512 - LFU - assoc:  16
Store_allocation: Yes
L2_inclusive: Yes

L1 Cache Stats:
L1-Load-Hits:        3065582347   48.25%
L1-Load-Misses:      3287402114   51.75%
L1-Load-Accesses:    6352984461  100.00%

L1-Store-Hits:        1794354429   95.40%
L1-Store-Misses:        86444537    4.60%
L1-Store-Accesses:    1880798966  100.00%

L1-Total-Hits:        4859936776   59.02%
L1-Total-Misses:      3373846651   40.98%
L1-Total-Accesses:    8233783427  100.00%

L2 Cache Stats:
L2-Load-Hits:        2002909150   60.93%
L2-Load-Misses:      1284492964   39.07%
L2-Load-Accesses:    3287402114  100.00%

L2-Store-Hits:          73564408   85.10%
L2-Store-Misses:        12880129   14.90%
L2-Store-Accesses:      86444537  100.00%

L2-Total-Hits:        2076473558   61.55%
L2-Total-Misses:      1297373093   38.45%
L2-Total-Accesses:    3373846651  100.00%

