--------
Total Statistics
--------
Total Instructions: 18199718596
Total Cycles: 307884383390
IPC: 0.0591122

--------
Two level Cache hierarchy
--------
  L1-Data Cache:
    Size(KB):          32
    Block Size(B):     32
    Associativity:      4

  L2-Data Cache:
    Size(KB):         512
    Block Size(B):    256
    Associativity:      4

Latencies:    1   15  250
L1-Sets:  256 - LRU - assoc:   4
L2-Sets:  512 - LRU - assoc:   4
Store_allocation: Yes
L2_inclusive: Yes

L1 Cache Stats:
L1-Load-Hits:        3244852005   51.08%
L1-Load-Misses:      3108132438   48.92%
L1-Load-Accesses:    6352984443  100.00%

L1-Store-Hits:        1808761345   96.17%
L1-Store-Misses:        72037621    3.83%
L1-Store-Accesses:    1880798966  100.00%

L1-Total-Hits:        5053613350   61.38%
L1-Total-Misses:      3180170059   38.62%
L1-Total-Accesses:    8233783409  100.00%

L2 Cache Stats:
L2-Load-Hits:        2182695381   70.23%
L2-Load-Misses:       925437057   29.77%
L2-Load-Accesses:    3108132438  100.00%

L2-Store-Hits:          62481356   86.73%
L2-Store-Misses:         9556265   13.27%
L2-Store-Accesses:      72037621  100.00%

L2-Total-Hits:        2245176737   70.60%
L2-Total-Misses:       934993322   29.40%
L2-Total-Accesses:    3180170059  100.00%

