--------
Total Statistics
--------
Total Instructions: 18199718596
Total Cycles: 224922209260
IPC: 0.0809156

--------
Two level Cache hierarchy
--------
  L1-Data Cache:
    Size(KB):          32
    Block Size(B):     32
    Associativity:      4

  L2-Data Cache:
    Size(KB):        2048
    Block Size(B):    256
    Associativity:     16

Latencies:    1   15  250
L1-Sets:  256 - SRRIP - assoc:   4
L2-Sets:  512 - SRRIP - assoc:  16
Store_allocation: Yes
L2_inclusive: Yes

L1 Cache Stats:
L1-Load-Hits:        3227275620   50.80%
L1-Load-Misses:      3125708823   49.20%
L1-Load-Accesses:    6352984443  100.00%

L1-Store-Hits:        1811248122   96.30%
L1-Store-Misses:        69550844    3.70%
L1-Store-Accesses:    1880798966  100.00%

L1-Total-Hits:        5038523742   61.19%
L1-Total-Misses:      3195259667   38.81%
L1-Total-Accesses:    8233783409  100.00%

L2 Cache Stats:
L2-Load-Hits:        2531650260   80.99%
L2-Load-Misses:       594058563   19.01%
L2-Load-Accesses:    3125708823  100.00%

L2-Store-Hits:          61370158   88.24%
L2-Store-Misses:         8180686   11.76%
L2-Store-Accesses:      69550844  100.00%

L2-Total-Hits:        2593020418   81.15%
L2-Total-Misses:       602239249   18.85%
L2-Total-Accesses:    3195259667  100.00%

