--------
Total Statistics
--------
Total Instructions: 7920036421
Total Cycles: 70184447730
IPC: 0.112846

--------
Two level Cache hierarchy
--------
  L1-Data Cache:
    Size(KB):          32
    Block Size(B):     32
    Associativity:      4

  L2-Data Cache:
    Size(KB):        1024
    Block Size(B):    256
    Associativity:     16

Latencies:    1   15  250
L1-Sets:  256 - SRRIP - assoc:   4
L2-Sets:  256 - SRRIP - assoc:  16
Store_allocation: Yes
L2_inclusive: Yes

L1 Cache Stats:
L1-Load-Hits:        1484524130   68.24%
L1-Load-Misses:       690910595   31.76%
L1-Load-Accesses:    2175434725  100.00%

L1-Store-Hits:        1484532461   98.91%
L1-Store-Misses:        16339778    1.09%
L1-Store-Accesses:    1500872239  100.00%

L1-Total-Hits:        2969056591   80.76%
L1-Total-Misses:       707250373   19.24%
L1-Total-Accesses:    3676306964  100.00%

L2 Cache Stats:
L2-Load-Hits:         500426286   72.43%
L2-Load-Misses:       190484309   27.57%
L2-Load-Accesses:     690910595  100.00%

L2-Store-Hits:          14906692   91.23%
L2-Store-Misses:         1433086    8.77%
L2-Store-Accesses:      16339778  100.00%

L2-Total-Hits:         515332978   72.86%
L2-Total-Misses:       191917395   27.14%
L2-Total-Accesses:     707250373  100.00%

