--------
Total Statistics
--------
Total Instructions: 18199718649
Total Cycles: 438482906751
IPC: 0.0415061

--------
Two level Cache hierarchy
--------
  L1-Data Cache:
    Size(KB):          32
    Block Size(B):     32
    Associativity:      4

  L2-Data Cache:
    Size(KB):        1024
    Block Size(B):    256
    Associativity:     16

Latencies:    1   15  250
L1-Sets:  256 - LFU - assoc:   4
L2-Sets:  256 - LFU - assoc:  16
Store_allocation: Yes
L2_inclusive: Yes

L1 Cache Stats:
L1-Load-Hits:        3050008265   48.01%
L1-Load-Misses:      3302976196   51.99%
L1-Load-Accesses:    6352984461  100.00%

L1-Store-Hits:        1788002167   95.07%
L1-Store-Misses:        92796799    4.93%
L1-Store-Accesses:    1880798966  100.00%

L1-Total-Hits:        4838010432   58.76%
L1-Total-Misses:      3395772995   41.24%
L1-Total-Accesses:    8233783427  100.00%

L2 Cache Stats:
L2-Load-Hits:        1876167006   56.80%
L2-Load-Misses:      1426809190   43.20%
L2-Load-Accesses:    3302976196  100.00%

L2-Store-Hits:          75154750   80.99%
L2-Store-Misses:        17642049   19.01%
L2-Store-Accesses:      92796799  100.00%

L2-Total-Hits:        1951321756   57.46%
L2-Total-Misses:      1444451239   42.54%
L2-Total-Accesses:    3395772995  100.00%

