--------
Total Statistics
--------
Total Instructions: 18199718596
Total Cycles: 301223025530
IPC: 0.0604194

--------
Two level Cache hierarchy
--------
  L1-Data Cache:
    Size(KB):          32
    Block Size(B):     32
    Associativity:      4

  L2-Data Cache:
    Size(KB):         512
    Block Size(B):    256
    Associativity:      8

Latencies:    1   15  250
L1-Sets:  256 - LRU - assoc:   4
L2-Sets:  256 - LRU - assoc:   8
Store_allocation: Yes
L2_inclusive: Yes

L1 Cache Stats:
L1-Load-Hits:        3248817971   51.14%
L1-Load-Misses:      3104166472   48.86%
L1-Load-Accesses:    6352984443  100.00%

L1-Store-Hits:        1809024103   96.18%
L1-Store-Misses:        71774863    3.82%
L1-Store-Accesses:    1880798966  100.00%

L1-Total-Hits:        5057842074   61.43%
L1-Total-Misses:      3175941335   38.57%
L1-Total-Accesses:    8233783409  100.00%

L2 Cache Stats:
L2-Load-Hits:        2204816213   71.03%
L2-Load-Misses:       899350259   28.97%
L2-Load-Accesses:    3104166472  100.00%

L2-Store-Hits:          62523508   87.11%
L2-Store-Misses:         9251355   12.89%
L2-Store-Accesses:      71774863  100.00%

L2-Total-Hits:        2267339721   71.39%
L2-Total-Misses:       908601614   28.61%
L2-Total-Accesses:    3175941335  100.00%

