--------
Total Statistics
--------
Total Instructions: 18199718596
Total Cycles: 607466404215
IPC: 0.02996

--------
Two level Cache hierarchy
--------
  L1-Data Cache:
    Size(KB):          32
    Block Size(B):     32
    Associativity:      4

  L2-Data Cache:
    Size(KB):         512
    Block Size(B):     64
    Associativity:      8

Latencies:    1   15  250
L1-Sets:  256 - LRU - assoc:   4
L2-Sets: 1024 - LRU - assoc:   8
Store_allocation: Yes
L2_inclusive: Yes

L1 Cache Stats:
L1-Load-Hits:        3248813209   51.14%
L1-Load-Misses:      3104171234   48.86%
L1-Load-Accesses:    6352984443  100.00%

L1-Store-Hits:        1809129336   96.19%
L1-Store-Misses:        71669630    3.81%
L1-Store-Accesses:    1880798966  100.00%

L1-Total-Hits:        5057942545   61.43%
L1-Total-Misses:      3175840864   38.57%
L1-Total-Accesses:    8233783409  100.00%

L2 Cache Stats:
L2-Load-Hits:        1003839268   32.34%
L2-Load-Misses:      2100331966   67.66%
L2-Load-Accesses:    3104171234  100.00%

L2-Store-Hits:          38420439   53.61%
L2-Store-Misses:        33249191   46.39%
L2-Store-Accesses:      71669630  100.00%

L2-Total-Hits:        1042259707   32.82%
L2-Total-Misses:      2133581157   67.18%
L2-Total-Accesses:    3175840864  100.00%

