--------
Total Statistics
--------
Total Instructions: 18199718596
Total Cycles: 230011663385
IPC: 0.0791252

--------
Two level Cache hierarchy
--------
  L1-Data Cache:
    Size(KB):          32
    Block Size(B):     32
    Associativity:      4

  L2-Data Cache:
    Size(KB):        2048
    Block Size(B):    256
    Associativity:     16

Latencies:    1   15  250
L1-Sets:  256 - LIP - assoc:   4
L2-Sets:  512 - LIP - assoc:  16
Store_allocation: Yes
L2_inclusive: Yes

L1 Cache Stats:
L1-Load-Hits:        3221699529   50.71%
L1-Load-Misses:      3131284914   49.29%
L1-Load-Accesses:    6352984443  100.00%

L1-Store-Hits:        1812155888   96.35%
L1-Store-Misses:        68643078    3.65%
L1-Store-Accesses:    1880798966  100.00%

L1-Total-Hits:        5033855417   61.14%
L1-Total-Misses:      3199927992   38.86%
L1-Total-Accesses:    8233783409  100.00%

L2 Cache Stats:
L2-Load-Hits:        2517154924   80.39%
L2-Load-Misses:       614129990   19.61%
L2-Load-Accesses:    3131284914  100.00%

L2-Store-Hits:          60456102   88.07%
L2-Store-Misses:         8186976   11.93%
L2-Store-Accesses:      68643078  100.00%

L2-Total-Hits:        2577611026   80.55%
L2-Total-Misses:       622316966   19.45%
L2-Total-Accesses:    3199927992  100.00%

