--------
Total Statistics
--------
Total Instructions: 60533956711
Total Cycles: 87515490931
IPC: 0.691694

--------
Two level Cache hierarchy
--------
  L1-Data Cache:
    Size(KB):          32
    Block Size(B):     32
    Associativity:      4

  L2-Data Cache:
    Size(KB):        1024
    Block Size(B):    256
    Associativity:      8

Latencies:    1   15  250
L1-Sets:  256 - LRU - assoc:   4
L2-Sets:  512 - LRU - assoc:   8
Store_allocation: Yes
L2_inclusive: Yes

L1 Cache Stats:
L1-Load-Hits:       13365193422   95.97%
L1-Load-Misses:       561419487    4.03%
L1-Load-Accesses:   13926612909  100.00%

L1-Store-Hits:        3698773882   99.26%
L1-Store-Misses:        27630039    0.74%
L1-Store-Accesses:    3726403921  100.00%

L1-Total-Hits:       17063967304   96.66%
L1-Total-Misses:       589049526    3.34%
L1-Total-Accesses:   17653016830  100.00%

L2 Cache Stats:
L2-Load-Hits:         559887953   99.73%
L2-Load-Misses:         1531534    0.27%
L2-Load-Accesses:     561419487  100.00%

L2-Store-Hits:          27190475   98.41%
L2-Store-Misses:          439564    1.59%
L2-Store-Accesses:      27630039  100.00%

L2-Total-Hits:         587078428   99.67%
L2-Total-Misses:         1971098    0.33%
L2-Total-Accesses:     589049526  100.00%

