--------
Total Statistics
--------
Total Instructions: 60533957698
Total Cycles: 87723069318
IPC: 0.690057

--------
Two level Cache hierarchy
--------
  L1-Data Cache:
    Size(KB):          32
    Block Size(B):     32
    Associativity:      4

  L2-Data Cache:
    Size(KB):        2048
    Block Size(B):    256
    Associativity:     16

Latencies:    1   15  250
L1-Sets:  256 - LIP - assoc:   4
L2-Sets:  512 - LIP - assoc:  16
Store_allocation: Yes
L2_inclusive: Yes

L1 Cache Stats:
L1-Load-Hits:       13344098610   95.82%
L1-Load-Misses:       582514479    4.18%
L1-Load-Accesses:   13926613089  100.00%

L1-Store-Hits:        3699741376   99.28%
L1-Store-Misses:        26662545    0.72%
L1-Store-Accesses:    3726403921  100.00%

L1-Total-Hits:       17043839986   96.55%
L1-Total-Misses:       609177024    3.45%
L1-Total-Accesses:   17653017010  100.00%

L2 Cache Stats:
L2-Load-Hits:         581363558   99.80%
L2-Load-Misses:         1150921    0.20%
L2-Load-Accesses:     582514479  100.00%

L2-Store-Hits:          26219709   98.34%
L2-Store-Misses:          442836    1.66%
L2-Store-Accesses:      26662545  100.00%

L2-Total-Hits:         607583267   99.74%
L2-Total-Misses:         1593757    0.26%
L2-Total-Accesses:     609177024  100.00%

