--------
Total Statistics
--------
Total Instructions: 60533957367
Total Cycles: 89232033462
IPC: 0.678388

--------
Two level Cache hierarchy
--------
  L1-Data Cache:
    Size(KB):          32
    Block Size(B):     32
    Associativity:      4

  L2-Data Cache:
    Size(KB):         512
    Block Size(B):     64
    Associativity:      4

Latencies:    1   15  250
L1-Sets:  256 - LRU - assoc:   4
L2-Sets: 2048 - LRU - assoc:   4
Store_allocation: Yes
L2_inclusive: Yes

L1 Cache Stats:
L1-Load-Hits:       13367547449   95.99%
L1-Load-Misses:       559065580    4.01%
L1-Load-Accesses:   13926613029  100.00%

L1-Store-Hits:        3699298958   99.27%
L1-Store-Misses:        27104963    0.73%
L1-Store-Accesses:    3726403921  100.00%

L1-Total-Hits:       17066846407   96.68%
L1-Total-Misses:       586170543    3.32%
L1-Total-Accesses:   17653016950  100.00%

L2 Cache Stats:
L2-Load-Hits:         551738316   98.69%
L2-Load-Misses:         7327264    1.31%
L2-Load-Accesses:     559065580  100.00%

L2-Store-Hits:          25422223   93.79%
L2-Store-Misses:         1682740    6.21%
L2-Store-Accesses:      27104963  100.00%

L2-Total-Hits:         577160539   98.46%
L2-Total-Misses:         9010004    1.54%
L2-Total-Accesses:     586170543  100.00%

