--------
Total Statistics
--------
Total Instructions: 60533957367
Total Cycles: 88363689737
IPC: 0.685055

--------
Two level Cache hierarchy
--------
  L1-Data Cache:
    Size(KB):          32
    Block Size(B):     32
    Associativity:      4

  L2-Data Cache:
    Size(KB):        2048
    Block Size(B):     64
    Associativity:     16

Latencies:    1   15  250
L1-Sets:  256 - LRU - assoc:   4
L2-Sets: 2048 - LRU - assoc:  16
Store_allocation: Yes
L2_inclusive: Yes

L1 Cache Stats:
L1-Load-Hits:       13368366083   95.99%
L1-Load-Misses:       558246946    4.01%
L1-Load-Accesses:   13926613029  100.00%

L1-Store-Hits:        3700294439   99.30%
L1-Store-Misses:        26109482    0.70%
L1-Store-Accesses:    3726403921  100.00%

L1-Total-Hits:       17068660522   96.69%
L1-Total-Misses:       584356428    3.31%
L1-Total-Accesses:   17653016950  100.00%

L2 Cache Stats:
L2-Load-Hits:         554232026   99.28%
L2-Load-Misses:         4014920    0.72%
L2-Load-Accesses:     558246946  100.00%

L2-Store-Hits:          24478926   93.75%
L2-Store-Misses:         1630556    6.25%
L2-Store-Accesses:      26109482  100.00%

L2-Total-Hits:         578710952   99.03%
L2-Total-Misses:         5645476    0.97%
L2-Total-Accesses:     584356428  100.00%

