--------
Total Statistics
--------
Total Instructions: 60533958308
Total Cycles: 88252949585
IPC: 0.685914

--------
Two level Cache hierarchy
--------
  L1-Data Cache:
    Size(KB):          32
    Block Size(B):     32
    Associativity:      4

  L2-Data Cache:
    Size(KB):         512
    Block Size(B):    128
    Associativity:      4

Latencies:    1   15  250
L1-Sets:  256 - LRU - assoc:   4
L2-Sets: 1024 - LRU - assoc:   4
Store_allocation: Yes
L2_inclusive: Yes

L1 Cache Stats:
L1-Load-Hits:       13364011408   95.96%
L1-Load-Misses:       562601753    4.04%
L1-Load-Accesses:   13926613161  100.00%

L1-Store-Hits:        3699854411   99.29%
L1-Store-Misses:        26549510    0.71%
L1-Store-Accesses:    3726403921  100.00%

L1-Total-Hits:       17063865819   96.66%
L1-Total-Misses:       589151263    3.34%
L1-Total-Accesses:   17653017082  100.00%

L2 Cache Stats:
L2-Load-Hits:         558571646   99.28%
L2-Load-Misses:         4030107    0.72%
L2-Load-Accesses:     562601753  100.00%

L2-Store-Hits:          25664796   96.67%
L2-Store-Misses:          884714    3.33%
L2-Store-Accesses:      26549510  100.00%

L2-Total-Hits:         584236442   99.17%
L2-Total-Misses:         4914821    0.83%
L2-Total-Accesses:     589151263  100.00%

