--------
Total Statistics
--------
Total Instructions: 60533957117
Total Cycles: 89806435705
IPC: 0.674049

--------
Two level Cache hierarchy
--------
  L1-Data Cache:
    Size(KB):          32
    Block Size(B):     32
    Associativity:      4

  L2-Data Cache:
    Size(KB):         256
    Block Size(B):     64
    Associativity:      8

Latencies:    1   15  250
L1-Sets:  256 - LRU - assoc:   4
L2-Sets:  512 - LRU - assoc:   8
Store_allocation: Yes
L2_inclusive: Yes

L1 Cache Stats:
L1-Load-Hits:       13360298617   95.93%
L1-Load-Misses:       566314350    4.07%
L1-Load-Accesses:   13926612967  100.00%

L1-Store-Hits:        3697824591   99.23%
L1-Store-Misses:        28579330    0.77%
L1-Store-Accesses:    3726403921  100.00%

L1-Total-Hits:       17058123208   96.63%
L1-Total-Misses:       594893680    3.37%
L1-Total-Accesses:   17653016888  100.00%

L2 Cache Stats:
L2-Load-Hits:         557260193   98.40%
L2-Load-Misses:         9054157    1.60%
L2-Load-Accesses:     566314350  100.00%

L2-Store-Hits:          26849261   93.95%
L2-Store-Misses:         1730069    6.05%
L2-Store-Accesses:      28579330  100.00%

L2-Total-Hits:         584109454   98.19%
L2-Total-Misses:        10784226    1.81%
L2-Total-Accesses:     594893680  100.00%

