--------
Total Statistics
--------
Total Instructions: 60533957755
Total Cycles: 119345155208
IPC: 0.507218

--------
Two level Cache hierarchy
--------
  L1-Data Cache:
    Size(KB):          32
    Block Size(B):     32
    Associativity:      4

  L2-Data Cache:
    Size(KB):        1024
    Block Size(B):    256
    Associativity:     16

Latencies:    1   15  250
L1-Sets:  256 - LFU - assoc:   4
L2-Sets:  256 - LFU - assoc:  16
Store_allocation: Yes
L2_inclusive: Yes

L1 Cache Stats:
L1-Load-Hits:       12232536345   87.84%
L1-Load-Misses:      1694076762   12.16%
L1-Load-Accesses:   13926613107  100.00%

L1-Store-Hits:        3707860288   99.50%
L1-Store-Misses:        18543633    0.50%
L1-Store-Accesses:    3726403921  100.00%

L1-Total-Hits:       15940396633   90.30%
L1-Total-Misses:      1712620395    9.70%
L1-Total-Accesses:   17653017028  100.00%

L2 Cache Stats:
L2-Load-Hits:        1635458367   96.54%
L2-Load-Misses:        58618395    3.46%
L2-Load-Accesses:    1694076762  100.00%

L2-Store-Hits:          15286530   82.44%
L2-Store-Misses:         3257103   17.56%
L2-Store-Accesses:      18543633  100.00%

L2-Total-Hits:        1650744897   96.39%
L2-Total-Misses:        61875498    3.61%
L2-Total-Accesses:    1712620395  100.00%

