--------
Total Statistics
--------
Total Instructions: 60533957700
Total Cycles: 87758091045
IPC: 0.689782

--------
Two level Cache hierarchy
--------
  L1-Data Cache:
    Size(KB):          32
    Block Size(B):     32
    Associativity:      4

  L2-Data Cache:
    Size(KB):         512
    Block Size(B):    256
    Associativity:      8

Latencies:    1   15  250
L1-Sets:  256 - LRU - assoc:   4
L2-Sets:  256 - LRU - assoc:   8
Store_allocation: Yes
L2_inclusive: Yes

L1 Cache Stats:
L1-Load-Hits:       13361019800   95.94%
L1-Load-Misses:       565593289    4.06%
L1-Load-Accesses:   13926613089  100.00%

L1-Store-Hits:        3698282971   99.25%
L1-Store-Misses:        28120950    0.75%
L1-Store-Accesses:    3726403921  100.00%

L1-Total-Hits:       17059302771   96.64%
L1-Total-Misses:       593714239    3.36%
L1-Total-Accesses:   17653017010  100.00%

L2 Cache Stats:
L2-Load-Hits:         563403744   99.61%
L2-Load-Misses:         2189545    0.39%
L2-Load-Accesses:     565593289  100.00%

L2-Store-Hits:          27648884   98.32%
L2-Store-Misses:          472066    1.68%
L2-Store-Accesses:      28120950  100.00%

L2-Total-Hits:         591052628   99.55%
L2-Total-Misses:         2661611    0.45%
L2-Total-Accesses:     593714239  100.00%

