--------
Total Statistics
--------
Total Instructions: 60533957367
Total Cycles: 88580582647
IPC: 0.683377

--------
Two level Cache hierarchy
--------
  L1-Data Cache:
    Size(KB):          32
    Block Size(B):     32
    Associativity:      4

  L2-Data Cache:
    Size(KB):         256
    Block Size(B):    128
    Associativity:      4

Latencies:    1   15  250
L1-Sets:  256 - LRU - assoc:   4
L2-Sets:  512 - LRU - assoc:   4
Store_allocation: Yes
L2_inclusive: Yes

L1 Cache Stats:
L1-Load-Hits:       13368837202   95.99%
L1-Load-Misses:       557775827    4.01%
L1-Load-Accesses:   13926613029  100.00%

L1-Store-Hits:        3700339176   99.30%
L1-Store-Misses:        26064745    0.70%
L1-Store-Accesses:    3726403921  100.00%

L1-Total-Hits:       17069176378   96.69%
L1-Total-Misses:       583840572    3.31%
L1-Total-Accesses:   17653016950  100.00%

L2 Cache Stats:
L2-Load-Hits:         552161275   98.99%
L2-Load-Misses:         5614552    1.01%
L2-Load-Accesses:     557775827  100.00%

L2-Store-Hits:          25135298   96.43%
L2-Store-Misses:          929447    3.57%
L2-Store-Accesses:      26064745  100.00%

L2-Total-Hits:         577296573   98.88%
L2-Total-Misses:         6543999    1.12%
L2-Total-Accesses:     583840572  100.00%

