--------
Total Statistics
--------
Total Instructions: 60533957115
Total Cycles: 89998426418
IPC: 0.672611

--------
Two level Cache hierarchy
--------
  L1-Data Cache:
    Size(KB):          32
    Block Size(B):     32
    Associativity:      4

  L2-Data Cache:
    Size(KB):         256
    Block Size(B):     64
    Associativity:      4

Latencies:    1   15  250
L1-Sets:  256 - LRU - assoc:   4
L2-Sets: 1024 - LRU - assoc:   4
Store_allocation: Yes
L2_inclusive: Yes

L1 Cache Stats:
L1-Load-Hits:       13357681397   95.91%
L1-Load-Misses:       568931570    4.09%
L1-Load-Accesses:   13926612967  100.00%

L1-Store-Hits:        3696806630   99.21%
L1-Store-Misses:        29597291    0.79%
L1-Store-Accesses:    3726403921  100.00%

L1-Total-Hits:       17054488027   96.61%
L1-Total-Misses:       598528861    3.39%
L1-Total-Accesses:   17653016888  100.00%

L2 Cache Stats:
L2-Load-Hits:         559353580   98.32%
L2-Load-Misses:         9577990    1.68%
L2-Load-Accesses:     568931570  100.00%

L2-Store-Hits:          27841203   94.07%
L2-Store-Misses:         1756088    5.93%
L2-Store-Accesses:      29597291  100.00%

L2-Total-Hits:         587194783   98.11%
L2-Total-Misses:        11334078    1.89%
L2-Total-Accesses:     598528861  100.00%

