--------
Total Statistics
--------
Total Instructions: 60533958365
Total Cycles: 121005902875
IPC: 0.500256

--------
Two level Cache hierarchy
--------
  L1-Data Cache:
    Size(KB):          32
    Block Size(B):     32
    Associativity:      4

  L2-Data Cache:
    Size(KB):         512
    Block Size(B):    256
    Associativity:      8

Latencies:    1   15  250
L1-Sets:  256 - LFU - assoc:   4
L2-Sets:  256 - LFU - assoc:   8
Store_allocation: Yes
L2_inclusive: Yes

L1 Cache Stats:
L1-Load-Hits:       12243860857   87.92%
L1-Load-Misses:      1682752322   12.08%
L1-Load-Accesses:   13926613179  100.00%

L1-Store-Hits:        3711472349   99.60%
L1-Store-Misses:        14931572    0.40%
L1-Store-Accesses:    3726403921  100.00%

L1-Total-Hits:       15955333206   90.38%
L1-Total-Misses:      1697683894    9.62%
L1-Total-Accesses:   17653017100  100.00%

L2 Cache Stats:
L2-Load-Hits:        1616129818   96.04%
L2-Load-Misses:        66622504    3.96%
L2-Load-Accesses:    1682752322  100.00%

L2-Store-Hits:          12139400   81.30%
L2-Store-Misses:         2792172   18.70%
L2-Store-Accesses:      14931572  100.00%

L2-Total-Hits:        1628269218   95.91%
L2-Total-Misses:        69414676    4.09%
L2-Total-Accesses:    1697683894  100.00%

