--------
Total Statistics
--------
Total Instructions: 60533959436
Total Cycles: 87858219001
IPC: 0.688996

--------
Two level Cache hierarchy
--------
  L1-Data Cache:
    Size(KB):          32
    Block Size(B):     32
    Associativity:      4

  L2-Data Cache:
    Size(KB):         256
    Block Size(B):    256
    Associativity:      8

Latencies:    1   15  250
L1-Sets:  256 - LRU - assoc:   4
L2-Sets:  128 - LRU - assoc:   8
Store_allocation: Yes
L2_inclusive: Yes

L1 Cache Stats:
L1-Load-Hits:       13366032047   95.97%
L1-Load-Misses:       560581332    4.03%
L1-Load-Accesses:   13926613379  100.00%

L1-Store-Hits:        3700809202   99.31%
L1-Store-Misses:        25594719    0.69%
L1-Store-Accesses:    3726403921  100.00%

L1-Total-Hits:       17066841249   96.68%
L1-Total-Misses:       586176051    3.32%
L1-Total-Accesses:   17653017300  100.00%

L2 Cache Stats:
L2-Load-Hits:         557568313   99.46%
L2-Load-Misses:         3013019    0.54%
L2-Load-Accesses:     560581332  100.00%

L2-Store-Hits:          25093332   98.04%
L2-Store-Misses:          501387    1.96%
L2-Store-Accesses:      25594719  100.00%

L2-Total-Hits:         582661645   99.40%
L2-Total-Misses:         3514406    0.60%
L2-Total-Accesses:     586176051  100.00%

