--------
Total Statistics
--------
Total Instructions: 60533957367
Total Cycles: 87623568992
IPC: 0.690841

--------
Two level Cache hierarchy
--------
  L1-Data Cache:
    Size(KB):          32
    Block Size(B):     32
    Associativity:      4

  L2-Data Cache:
    Size(KB):        1024
    Block Size(B):    256
    Associativity:     16

Latencies:    1   15  250
L1-Sets:  256 - LRU - assoc:   4
L2-Sets:  256 - LRU - assoc:  16
Store_allocation: Yes
L2_inclusive: Yes

L1 Cache Stats:
L1-Load-Hits:       13359936898   95.93%
L1-Load-Misses:       566676131    4.07%
L1-Load-Accesses:   13926613029  100.00%

L1-Store-Hits:        3696592807   99.20%
L1-Store-Misses:        29811114    0.80%
L1-Store-Accesses:    3726403921  100.00%

L1-Total-Hits:       17056529705   96.62%
L1-Total-Misses:       596487245    3.38%
L1-Total-Accesses:   17653016950  100.00%

L2 Cache Stats:
L2-Load-Hits:         565157417   99.73%
L2-Load-Misses:         1518714    0.27%
L2-Load-Accesses:     566676131  100.00%

L2-Store-Hits:          29372684   98.53%
L2-Store-Misses:          438430    1.47%
L2-Store-Accesses:      29811114  100.00%

L2-Total-Hits:         594530101   99.67%
L2-Total-Misses:         1957144    0.33%
L2-Total-Accesses:     596487245  100.00%

