--------
Total Statistics
--------
Total Instructions: 60533956705
Total Cycles: 88014659035
IPC: 0.687771

--------
Two level Cache hierarchy
--------
  L1-Data Cache:
    Size(KB):          32
    Block Size(B):     32
    Associativity:      4

  L2-Data Cache:
    Size(KB):        1024
    Block Size(B):    256
    Associativity:     16

Latencies:    1   15  250
L1-Sets:  256 - LIP - assoc:   4
L2-Sets:  256 - LIP - assoc:  16
Store_allocation: Yes
L2_inclusive: Yes

L1 Cache Stats:
L1-Load-Hits:       13334790294   95.75%
L1-Load-Misses:       591822615    4.25%
L1-Load-Accesses:   13926612909  100.00%

L1-Store-Hits:        3696951786   99.21%
L1-Store-Misses:        29452135    0.79%
L1-Store-Accesses:    3726403921  100.00%

L1-Total-Hits:       17031742080   96.48%
L1-Total-Misses:       621274750    3.52%
L1-Total-Accesses:   17653016830  100.00%

L2 Cache Stats:
L2-Load-Hits:         590246761   99.73%
L2-Load-Misses:         1575854    0.27%
L2-Load-Accesses:     591822615  100.00%

L2-Store-Hits:          28993732   98.44%
L2-Store-Misses:          458403    1.56%
L2-Store-Accesses:      29452135  100.00%

L2-Total-Hits:         619240493   99.67%
L2-Total-Misses:         2034257    0.33%
L2-Total-Accesses:     621274750  100.00%

