--------
Total Statistics
--------
Total Instructions: 60533958308
Total Cycles: 88318865325
IPC: 0.685402

--------
Two level Cache hierarchy
--------
  L1-Data Cache:
    Size(KB):          32
    Block Size(B):     32
    Associativity:      4

  L2-Data Cache:
    Size(KB):         256
    Block Size(B):    256
    Associativity:      8

Latencies:    1   15  250
L1-Sets:  256 - LIP - assoc:   4
L2-Sets:  128 - LIP - assoc:   8
Store_allocation: Yes
L2_inclusive: Yes

L1 Cache Stats:
L1-Load-Hits:       13343812067   95.82%
L1-Load-Misses:       582801094    4.18%
L1-Load-Accesses:   13926613161  100.00%

L1-Store-Hits:        3701200436   99.32%
L1-Store-Misses:        25203485    0.68%
L1-Store-Accesses:    3726403921  100.00%

L1-Total-Hits:       17045012503   96.56%
L1-Total-Misses:       608004579    3.44%
L1-Total-Accesses:   17653017082  100.00%

L2 Cache Stats:
L2-Load-Hits:         579307433   99.40%
L2-Load-Misses:         3493661    0.60%
L2-Load-Accesses:     582801094  100.00%

L2-Store-Hits:          24649861   97.80%
L2-Store-Misses:          553624    2.20%
L2-Store-Accesses:      25203485  100.00%

L2-Total-Hits:         603957294   99.33%
L2-Total-Misses:         4047285    0.67%
L2-Total-Accesses:     608004579  100.00%

