--------
Total Statistics
--------
Total Instructions: 60533957367
Total Cycles: 87922514397
IPC: 0.688492

--------
Two level Cache hierarchy
--------
  L1-Data Cache:
    Size(KB):          32
    Block Size(B):     32
    Associativity:      4

  L2-Data Cache:
    Size(KB):         256
    Block Size(B):    256
    Associativity:      8

Latencies:    1   15  250
L1-Sets:  256 - SRRIP - assoc:   4
L2-Sets:  128 - SRRIP - assoc:   8
Store_allocation: Yes
L2_inclusive: Yes

L1 Cache Stats:
L1-Load-Hits:       13365229488   95.97%
L1-Load-Misses:       561383541    4.03%
L1-Load-Accesses:   13926613029  100.00%

L1-Store-Hits:        3698497240   99.25%
L1-Store-Misses:        27906681    0.75%
L1-Store-Accesses:    3726403921  100.00%

L1-Total-Hits:       17063726728   96.66%
L1-Total-Misses:       589290222    3.34%
L1-Total-Accesses:   17653016950  100.00%

L2 Cache Stats:
L2-Load-Hits:         558308212   99.45%
L2-Load-Misses:         3075329    0.55%
L2-Load-Accesses:     561383541  100.00%

L2-Store-Hits:          27397263   98.17%
L2-Store-Misses:          509418    1.83%
L2-Store-Accesses:      27906681  100.00%

L2-Total-Hits:         585705475   99.39%
L2-Total-Misses:         3584747    0.61%
L2-Total-Accesses:     589290222  100.00%

