--------
Total Statistics
--------
Total Instructions: 60533957115
Total Cycles: 87354914708
IPC: 0.692966

--------
Two level Cache hierarchy
--------
  L1-Data Cache:
    Size(KB):          32
    Block Size(B):     32
    Associativity:      4

  L2-Data Cache:
    Size(KB):        2048
    Block Size(B):    256
    Associativity:     16

Latencies:    1   15  250
L1-Sets:  256 - LRU - assoc:   4
L2-Sets:  512 - LRU - assoc:  16
Store_allocation: Yes
L2_inclusive: Yes

L1 Cache Stats:
L1-Load-Hits:       13366807351   95.98%
L1-Load-Misses:       559805616    4.02%
L1-Load-Accesses:   13926612967  100.00%

L1-Store-Hits:        3701026790   99.32%
L1-Store-Misses:        25377131    0.68%
L1-Store-Accesses:    3726403921  100.00%

L1-Total-Hits:       17067834141   96.69%
L1-Total-Misses:       585182747    3.31%
L1-Total-Accesses:   17653016888  100.00%

L2 Cache Stats:
L2-Load-Hits:         558679999   99.80%
L2-Load-Misses:         1125617    0.20%
L2-Load-Accesses:     559805616  100.00%

L2-Store-Hits:          24941950   98.29%
L2-Store-Misses:          435181    1.71%
L2-Store-Accesses:      25377131  100.00%

L2-Total-Hits:         583621949   99.73%
L2-Total-Misses:         1560798    0.27%
L2-Total-Accesses:     585182747  100.00%

