--------
Total Statistics
--------
Total Instructions: 60533959436
Total Cycles: 88859950761
IPC: 0.681229

--------
Two level Cache hierarchy
--------
  L1-Data Cache:
    Size(KB):          32
    Block Size(B):     32
    Associativity:      4

  L2-Data Cache:
    Size(KB):         256
    Block Size(B):    256
    Associativity:      8

Latencies:    1   15  250
L1-Sets:  256 - Random - assoc:   4
L2-Sets:  128 - Random - assoc:   8
Store_allocation: Yes
L2_inclusive: Yes

L1 Cache Stats:
L1-Load-Hits:       13323812637   95.67%
L1-Load-Misses:       602800742    4.33%
L1-Load-Accesses:   13926613379  100.00%

L1-Store-Hits:        3701411478   99.33%
L1-Store-Misses:        24992443    0.67%
L1-Store-Accesses:    3726403921  100.00%

L1-Total-Hits:       17025224115   96.44%
L1-Total-Misses:       627793185    3.56%
L1-Total-Accesses:   17653017300  100.00%

L2 Cache Stats:
L2-Load-Hits:         598327843   99.26%
L2-Load-Misses:         4472899    0.74%
L2-Load-Accesses:     602800742  100.00%

L2-Store-Hits:          24441037   97.79%
L2-Store-Misses:          551406    2.21%
L2-Store-Accesses:      24992443  100.00%

L2-Total-Hits:         622768880   99.20%
L2-Total-Misses:         5024305    0.80%
L2-Total-Accesses:     627793185  100.00%

