--------
Total Statistics
--------
Total Instructions: 60533957367
Total Cycles: 88465985857
IPC: 0.684263

--------
Two level Cache hierarchy
--------
  L1-Data Cache:
    Size(KB):          32
    Block Size(B):     32
    Associativity:      4

  L2-Data Cache:
    Size(KB):         256
    Block Size(B):    128
    Associativity:      8

Latencies:    1   15  250
L1-Sets:  256 - LRU - assoc:   4
L2-Sets:  256 - LRU - assoc:   8
Store_allocation: Yes
L2_inclusive: Yes

L1 Cache Stats:
L1-Load-Hits:       13366828052   95.98%
L1-Load-Misses:       559784977    4.02%
L1-Load-Accesses:   13926613029  100.00%

L1-Store-Hits:        3701182262   99.32%
L1-Store-Misses:        25221659    0.68%
L1-Store-Accesses:    3726403921  100.00%

L1-Total-Hits:       17068010314   96.69%
L1-Total-Misses:       585006636    3.31%
L1-Total-Accesses:   17653016950  100.00%

L2 Cache Stats:
L2-Load-Hits:         554692580   99.09%
L2-Load-Misses:         5092397    0.91%
L2-Load-Accesses:     559784977  100.00%

L2-Store-Hits:          24298408   96.34%
L2-Store-Misses:          923251    3.66%
L2-Store-Accesses:      25221659  100.00%

L2-Total-Hits:         578990988   98.97%
L2-Total-Misses:         6015648    1.03%
L2-Total-Accesses:     585006636  100.00%

