--------
Total Statistics
--------
Total Instructions: 60533959434
Total Cycles: 87795782514
IPC: 0.689486

--------
Two level Cache hierarchy
--------
  L1-Data Cache:
    Size(KB):          32
    Block Size(B):     32
    Associativity:      4

  L2-Data Cache:
    Size(KB):         512
    Block Size(B):    256
    Associativity:      4

Latencies:    1   15  250
L1-Sets:  256 - LRU - assoc:   4
L2-Sets:  512 - LRU - assoc:   4
Store_allocation: Yes
L2_inclusive: Yes

L1 Cache Stats:
L1-Load-Hits:       13360895838   95.94%
L1-Load-Misses:       565717541    4.06%
L1-Load-Accesses:   13926613379  100.00%

L1-Store-Hits:        3697193660   99.22%
L1-Store-Misses:        29210261    0.78%
L1-Store-Accesses:    3726403921  100.00%

L1-Total-Hits:       17058089498   96.63%
L1-Total-Misses:       594927802    3.37%
L1-Total-Accesses:   17653017300  100.00%

L2 Cache Stats:
L2-Load-Hits:         563453291   99.60%
L2-Load-Misses:         2264250    0.40%
L2-Load-Accesses:     565717541  100.00%

L2-Store-Hits:          28734956   98.37%
L2-Store-Misses:          475305    1.63%
L2-Store-Accesses:      29210261  100.00%

L2-Total-Hits:         592188247   99.54%
L2-Total-Misses:         2739555    0.46%
L2-Total-Accesses:     594927802  100.00%

