--------
Total Statistics
--------
Total Instructions: 60533960464
Total Cycles: 88020269298
IPC: 0.687728

--------
Two level Cache hierarchy
--------
  L1-Data Cache:
    Size(KB):          32
    Block Size(B):     32
    Associativity:      4

  L2-Data Cache:
    Size(KB):         512
    Block Size(B):    256
    Associativity:      8

Latencies:    1   15  250
L1-Sets:  256 - LIP - assoc:   4
L2-Sets:  256 - LIP - assoc:   8
Store_allocation: Yes
L2_inclusive: Yes

L1 Cache Stats:
L1-Load-Hits:       13343647561   95.81%
L1-Load-Misses:       582965842    4.19%
L1-Load-Accesses:   13926613403  100.00%

L1-Store-Hits:        3700507579   99.31%
L1-Store-Misses:        25896342    0.69%
L1-Store-Accesses:    3726403921  100.00%

L1-Total-Hits:       17044155140   96.55%
L1-Total-Misses:       608862184    3.45%
L1-Total-Accesses:   17653017324  100.00%

L2 Cache Stats:
L2-Load-Hits:         580658945   99.60%
L2-Load-Misses:         2306897    0.40%
L2-Load-Accesses:     582965842  100.00%

L2-Store-Hits:          25401804   98.09%
L2-Store-Misses:          494538    1.91%
L2-Store-Accesses:      25896342  100.00%

L2-Total-Hits:         606060749   99.54%
L2-Total-Misses:         2801435    0.46%
L2-Total-Accesses:     608862184  100.00%

