--------
Total Statistics
--------
Total Instructions: 3184113911
Total Cycles: 10172591834
IPC: 0.313009

--------
Two level Cache hierarchy
--------
  L1-Data Cache:
    Size(KB):          32
    Block Size(B):     32
    Associativity:      4

  L2-Data Cache:
    Size(KB):         256
    Block Size(B):     64
    Associativity:      4

Latencies:    1   15  250
L1-Sets:  256 - LRU - assoc:   4
L2-Sets: 1024 - LRU - assoc:   4
Store_allocation: Yes
L2_inclusive: Yes

L1 Cache Stats:
L1-Load-Hits:         719488397   95.00%
L1-Load-Misses:        37877224    5.00%
L1-Load-Accesses:     757365621  100.00%

L1-Store-Hits:         443344974   93.68%
L1-Store-Misses:        29901498    6.32%
L1-Store-Accesses:     473246472  100.00%

L1-Total-Hits:        1162833371   94.49%
L1-Total-Misses:        67778722    5.51%
L1-Total-Accesses:    1230612093  100.00%

L2 Cache Stats:
L2-Load-Hits:          22015191   58.12%
L2-Load-Misses:        15862033   41.88%
L2-Load-Accesses:      37877224  100.00%

L2-Store-Hits:          26798791   89.62%
L2-Store-Misses:         3102707   10.38%
L2-Store-Accesses:      29901498  100.00%

L2-Total-Hits:          48813982   72.02%
L2-Total-Misses:        18964740   27.98%
L2-Total-Accesses:      67778722  100.00%

