--------
Total Statistics
--------
Total Instructions: 3184304695
Total Cycles: 8369802358
IPC: 0.380452

--------
Two level Cache hierarchy
--------
  L1-Data Cache:
    Size(KB):          32
    Block Size(B):     32
    Associativity:      4

  L2-Data Cache:
    Size(KB):        1024
    Block Size(B):     64
    Associativity:      8

Latencies:    1   15  250
L1-Sets:  256 - LRU - assoc:   4
L2-Sets: 2048 - LRU - assoc:   8
Store_allocation: Yes
L2_inclusive: Yes

L1 Cache Stats:
L1-Load-Hits:         719651785   95.02%
L1-Load-Misses:        37748643    4.98%
L1-Load-Accesses:     757400428  100.00%

L1-Store-Hits:         444012614   93.82%
L1-Store-Misses:        29256061    6.18%
L1-Store-Accesses:     473268675  100.00%

L1-Total-Hits:        1163664399   94.56%
L1-Total-Misses:        67004704    5.44%
L1-Total-Accesses:    1230669103  100.00%

L2 Cache Stats:
L2-Load-Hits:          27764955   73.55%
L2-Load-Misses:         9983688   26.45%
L2-Load-Accesses:      37748643  100.00%

L2-Store-Hits:          27440717   93.79%
L2-Store-Misses:         1815344    6.21%
L2-Store-Accesses:      29256061  100.00%

L2-Total-Hits:          55205672   82.39%
L2-Total-Misses:        11799032   17.61%
L2-Total-Accesses:      67004704  100.00%

