--------
Total Statistics
--------
Total Instructions: 3184100630
Total Cycles: 7106274082
IPC: 0.448069

--------
Two level Cache hierarchy
--------
  L1-Data Cache:
    Size(KB):          32
    Block Size(B):     32
    Associativity:      4

  L2-Data Cache:
    Size(KB):        2048
    Block Size(B):    128
    Associativity:     16

Latencies:    1   15  250
L1-Sets:  256 - LRU - assoc:   4
L2-Sets: 1024 - LRU - assoc:  16
Store_allocation: Yes
L2_inclusive: Yes

L1 Cache Stats:
L1-Load-Hits:         719564302   95.01%
L1-Load-Misses:        37820234    4.99%
L1-Load-Accesses:     757384536  100.00%

L1-Store-Hits:         443496766   93.71%
L1-Store-Misses:        29753415    6.29%
L1-Store-Accesses:     473250181  100.00%

L1-Total-Hits:        1163061068   94.51%
L1-Total-Misses:        67573649    5.49%
L1-Total-Accesses:    1230634717  100.00%

L2 Cache Stats:
L2-Load-Hits:          31978623   84.55%
L2-Load-Misses:         5841611   15.45%
L2-Load-Accesses:      37820234  100.00%

L2-Store-Hits:          28883290   97.08%
L2-Store-Misses:          870125    2.92%
L2-Store-Accesses:      29753415  100.00%

L2-Total-Hits:          60861913   90.07%
L2-Total-Misses:         6711736    9.93%
L2-Total-Accesses:      67573649  100.00%

