--------
Total Statistics
--------
Total Instructions: 3184176059
Total Cycles: 6891147397
IPC: 0.462068

--------
Two level Cache hierarchy
--------
  L1-Data Cache:
    Size(KB):          32
    Block Size(B):     32
    Associativity:      4

  L2-Data Cache:
    Size(KB):        1024
    Block Size(B):    256
    Associativity:     16

Latencies:    1   15  250
L1-Sets:  256 - LRU - assoc:   4
L2-Sets:  256 - LRU - assoc:  16
Store_allocation: Yes
L2_inclusive: Yes

L1 Cache Stats:
L1-Load-Hits:         719552513   95.00%
L1-Load-Misses:        37847619    5.00%
L1-Load-Accesses:     757400132  100.00%

L1-Store-Hits:         443730085   93.76%
L1-Store-Misses:        29520146    6.24%
L1-Store-Accesses:     473250231  100.00%

L1-Total-Hits:        1163282598   94.53%
L1-Total-Misses:        67367765    5.47%
L1-Total-Accesses:    1230650363  100.00%

L2 Cache Stats:
L2-Load-Hits:          32514408   85.91%
L2-Load-Misses:         5333211   14.09%
L2-Load-Accesses:      37847619  100.00%

L2-Store-Hits:          28990139   98.20%
L2-Store-Misses:          530007    1.80%
L2-Store-Accesses:      29520146  100.00%

L2-Total-Hits:          61504547   91.30%
L2-Total-Misses:         5863218    8.70%
L2-Total-Accesses:      67367765  100.00%

