--------
Total Statistics
--------
Total Instructions: 3184105295
Total Cycles: 8029238268
IPC: 0.396564

--------
Two level Cache hierarchy
--------
  L1-Data Cache:
    Size(KB):          32
    Block Size(B):     32
    Associativity:      4

  L2-Data Cache:
    Size(KB):         256
    Block Size(B):    256
    Associativity:      8

Latencies:    1   15  250
L1-Sets:  256 - Random - assoc:   4
L2-Sets:  128 - Random - assoc:   8
Store_allocation: Yes
L2_inclusive: Yes

L1 Cache Stats:
L1-Load-Hits:         717798135   94.77%
L1-Load-Misses:        39578746    5.23%
L1-Load-Accesses:     757376881  100.00%

L1-Store-Hits:         446315650   94.31%
L1-Store-Misses:        26919547    5.69%
L1-Store-Accesses:     473235197  100.00%

L1-Total-Hits:        1164113785   94.60%
L1-Total-Misses:        66498293    5.40%
L1-Total-Accesses:    1230612078  100.00%

L2 Cache Stats:
L2-Load-Hits:          30159272   76.20%
L2-Load-Misses:         9419474   23.80%
L2-Load-Accesses:      39578746  100.00%

L2-Store-Hits:          25870835   96.10%
L2-Store-Misses:         1048712    3.90%
L2-Store-Accesses:      26919547  100.00%

L2-Total-Hits:          56030107   84.26%
L2-Total-Misses:        10468186   15.74%
L2-Total-Accesses:      66498293  100.00%

