--------
Total Statistics
--------
Total Instructions: 3184466963
Total Cycles: 7654075216
IPC: 0.416049

--------
Two level Cache hierarchy
--------
  L1-Data Cache:
    Size(KB):          32
    Block Size(B):     32
    Associativity:      4

  L2-Data Cache:
    Size(KB):        1024
    Block Size(B):    128
    Associativity:     16

Latencies:    1   15  250
L1-Sets:  256 - LRU - assoc:   4
L2-Sets:  512 - LRU - assoc:  16
Store_allocation: Yes
L2_inclusive: Yes

L1 Cache Stats:
L1-Load-Hits:         719661999   95.01%
L1-Load-Misses:        37792995    4.99%
L1-Load-Accesses:     757454994  100.00%

L1-Store-Hits:         444011920   93.81%
L1-Store-Misses:        29281354    6.19%
L1-Store-Accesses:     473293274  100.00%

L1-Total-Hits:        1163673919   94.55%
L1-Total-Misses:        67074349    5.45%
L1-Total-Accesses:    1230748268  100.00%

L2 Cache Stats:
L2-Load-Hits:          29840795   78.96%
L2-Load-Misses:         7952200   21.04%
L2-Load-Accesses:      37792995  100.00%

L2-Store-Hits:          28302575   96.66%
L2-Store-Misses:          978779    3.34%
L2-Store-Accesses:      29281354  100.00%

L2-Total-Hits:          58143370   86.68%
L2-Total-Misses:         8930979   13.32%
L2-Total-Accesses:      67074349  100.00%

