--------
Total Statistics
--------
Total Instructions: 3184093742
Total Cycles: 10169253547
IPC: 0.31311

--------
Two level Cache hierarchy
--------
  L1-Data Cache:
    Size(KB):          32
    Block Size(B):     32
    Associativity:      4

  L2-Data Cache:
    Size(KB):         256
    Block Size(B):     64
    Associativity:      8

Latencies:    1   15  250
L1-Sets:  256 - LRU - assoc:   4
L2-Sets:  512 - LRU - assoc:   8
Store_allocation: Yes
L2_inclusive: Yes

L1 Cache Stats:
L1-Load-Hits:         719452387   94.99%
L1-Load-Misses:        37915908    5.01%
L1-Load-Accesses:     757368295  100.00%

L1-Store-Hits:         443494930   93.71%
L1-Store-Misses:        29752810    6.29%
L1-Store-Accesses:     473247740  100.00%

L1-Total-Hits:        1162947317   94.50%
L1-Total-Misses:        67668718    5.50%
L1-Total-Accesses:    1230616035  100.00%

L2 Cache Stats:
L2-Load-Hits:          22081976   58.24%
L2-Load-Misses:        15833932   41.76%
L2-Load-Accesses:      37915908  100.00%

L2-Store-Hits:          26628690   89.50%
L2-Store-Misses:         3124120   10.50%
L2-Store-Accesses:      29752810  100.00%

L2-Total-Hits:          48710666   71.98%
L2-Total-Misses:        18958052   28.02%
L2-Total-Accesses:      67668718  100.00%

