--------
Total Statistics
--------
Total Instructions: 3184242900
Total Cycles: 7396157086
IPC: 0.430527

--------
Two level Cache hierarchy
--------
  L1-Data Cache:
    Size(KB):          32
    Block Size(B):     32
    Associativity:      4

  L2-Data Cache:
    Size(KB):         512
    Block Size(B):    256
    Associativity:      8

Latencies:    1   15  250
L1-Sets:  256 - LRU - assoc:   4
L2-Sets:  256 - LRU - assoc:   8
Store_allocation: Yes
L2_inclusive: Yes

L1 Cache Stats:
L1-Load-Hits:         719535666   95.00%
L1-Load-Misses:        37881704    5.00%
L1-Load-Accesses:     757417370  100.00%

L1-Store-Hits:         443852188   93.79%
L1-Store-Misses:        29401473    6.21%
L1-Store-Accesses:     473253661  100.00%

L1-Total-Hits:        1163387854   94.53%
L1-Total-Misses:        67283177    5.47%
L1-Total-Accesses:    1230671031  100.00%

L2 Cache Stats:
L2-Load-Hits:          30637654   80.88%
L2-Load-Misses:         7244050   19.12%
L2-Load-Accesses:      37881704  100.00%

L2-Store-Hits:          28757541   97.81%
L2-Store-Misses:          643932    2.19%
L2-Store-Accesses:      29401473  100.00%

L2-Total-Hits:          59395195   88.28%
L2-Total-Misses:         7887982   11.72%
L2-Total-Accesses:      67283177  100.00%

