--------
Total Statistics
--------
Total Instructions: 3184120456
Total Cycles: 7700992789
IPC: 0.413469

--------
Two level Cache hierarchy
--------
  L1-Data Cache:
    Size(KB):          32
    Block Size(B):     32
    Associativity:      4

  L2-Data Cache:
    Size(KB):         512
    Block Size(B):    256
    Associativity:      8

Latencies:    1   15  250
L1-Sets:  256 - LIP - assoc:   4
L2-Sets:  256 - LIP - assoc:   8
Store_allocation: Yes
L2_inclusive: Yes

L1 Cache Stats:
L1-Load-Hits:         718188630   94.83%
L1-Load-Misses:        39194496    5.17%
L1-Load-Accesses:     757383126  100.00%

L1-Store-Hits:         444462677   93.92%
L1-Store-Misses:        28784990    6.08%
L1-Store-Accesses:     473247667  100.00%

L1-Total-Hits:        1162651307   94.48%
L1-Total-Misses:        67979486    5.52%
L1-Total-Accesses:    1230630793  100.00%

L2 Cache Stats:
L2-Load-Hits:          30828563   78.66%
L2-Load-Misses:         8365933   21.34%
L2-Load-Accesses:      39194496  100.00%

L2-Store-Hits:          28084726   97.57%
L2-Store-Misses:          700264    2.43%
L2-Store-Accesses:      28784990  100.00%

L2-Total-Hits:          58913289   86.66%
L2-Total-Misses:         9066197   13.34%
L2-Total-Accesses:      67979486  100.00%

