--------
Total Statistics
--------
Total Instructions: 3183993684
Total Cycles: 6562379978
IPC: 0.485189

--------
Two level Cache hierarchy
--------
  L1-Data Cache:
    Size(KB):          32
    Block Size(B):     32
    Associativity:      4

  L2-Data Cache:
    Size(KB):        2048
    Block Size(B):    256
    Associativity:     16

Latencies:    1   15  250
L1-Sets:  256 - LRU - assoc:   4
L2-Sets:  512 - LRU - assoc:  16
Store_allocation: Yes
L2_inclusive: Yes

L1 Cache Stats:
L1-Load-Hits:         719533317   95.01%
L1-Load-Misses:        37811004    4.99%
L1-Load-Accesses:     757344321  100.00%

L1-Store-Hits:         443569989   93.73%
L1-Store-Misses:        29656714    6.27%
L1-Store-Accesses:     473226703  100.00%

L1-Total-Hits:        1163103306   94.52%
L1-Total-Misses:        67467718    5.48%
L1-Total-Accesses:    1230571024  100.00%

L2 Cache Stats:
L2-Load-Hits:          33727116   89.20%
L2-Load-Misses:         4083888   10.80%
L2-Load-Accesses:      37811004  100.00%

L2-Store-Hits:          29197404   98.45%
L2-Store-Misses:          459310    1.55%
L2-Store-Accesses:      29656714  100.00%

L2-Total-Hits:          62924520   93.27%
L2-Total-Misses:         4543198    6.73%
L2-Total-Accesses:      67467718  100.00%

