--------
Total Statistics
--------
Total Instructions: 3184038772
Total Cycles: 8631055375
IPC: 0.368905

--------
Two level Cache hierarchy
--------
  L1-Data Cache:
    Size(KB):          32
    Block Size(B):     32
    Associativity:      4

  L2-Data Cache:
    Size(KB):         256
    Block Size(B):    256
    Associativity:      8

Latencies:    1   15  250
L1-Sets:  256 - LIP - assoc:   4
L2-Sets:  128 - LIP - assoc:   8
Store_allocation: Yes
L2_inclusive: Yes

L1 Cache Stats:
L1-Load-Hits:         716726833   94.64%
L1-Load-Misses:        40628331    5.36%
L1-Load-Accesses:     757355164  100.00%

L1-Store-Hits:         443704454   93.76%
L1-Store-Misses:        29531470    6.24%
L1-Store-Accesses:     473235924  100.00%

L1-Total-Hits:        1160431287   94.30%
L1-Total-Misses:        70159801    5.70%
L1-Total-Accesses:    1230591088  100.00%

L2 Cache Stats:
L2-Load-Hits:          29081199   71.58%
L2-Load-Misses:        11547132   28.42%
L2-Load-Accesses:      40628331  100.00%

L2-Store-Hits:          28422488   96.24%
L2-Store-Misses:         1108982    3.76%
L2-Store-Accesses:      29531470  100.00%

L2-Total-Hits:          57503687   81.96%
L2-Total-Misses:        12656114   18.04%
L2-Total-Accesses:      70159801  100.00%

