--------
Total Statistics
--------
Total Instructions: 3184292374
Total Cycles: 8207354471
IPC: 0.38798

--------
Two level Cache hierarchy
--------
  L1-Data Cache:
    Size(KB):          32
    Block Size(B):     32
    Associativity:      4

  L2-Data Cache:
    Size(KB):         512
    Block Size(B):    128
    Associativity:      8

Latencies:    1   15  250
L1-Sets:  256 - LRU - assoc:   4
L2-Sets:  512 - LRU - assoc:   8
Store_allocation: Yes
L2_inclusive: Yes

L1 Cache Stats:
L1-Load-Hits:         719517897   95.00%
L1-Load-Misses:        37906874    5.00%
L1-Load-Accesses:     757424771  100.00%

L1-Store-Hits:         443702390   93.75%
L1-Store-Misses:        29569536    6.25%
L1-Store-Accesses:     473271926  100.00%

L1-Total-Hits:        1163220287   94.52%
L1-Total-Misses:        67476410    5.48%
L1-Total-Accesses:    1230696697  100.00%

L2 Cache Stats:
L2-Load-Hits:          27946065   73.72%
L2-Load-Misses:         9960809   26.28%
L2-Load-Accesses:      37906874  100.00%

L2-Store-Hits:          28409468   96.08%
L2-Store-Misses:         1160068    3.92%
L2-Store-Accesses:      29569536  100.00%

L2-Total-Hits:          56355533   83.52%
L2-Total-Misses:        11120877   16.48%
L2-Total-Accesses:      67476410  100.00%

