--------
Total Statistics
--------
Total Instructions: 3184002716
Total Cycles: 7169059083
IPC: 0.444131

--------
Two level Cache hierarchy
--------
  L1-Data Cache:
    Size(KB):          32
    Block Size(B):     32
    Associativity:      4

  L2-Data Cache:
    Size(KB):        1024
    Block Size(B):    256
    Associativity:     16

Latencies:    1   15  250
L1-Sets:  256 - LIP - assoc:   4
L2-Sets:  256 - LIP - assoc:  16
Store_allocation: Yes
L2_inclusive: Yes

L1 Cache Stats:
L1-Load-Hits:         718589868   94.88%
L1-Load-Misses:        38759923    5.12%
L1-Load-Accesses:     757349791  100.00%

L1-Store-Hits:         444265949   93.88%
L1-Store-Misses:        28973002    6.12%
L1-Store-Accesses:     473238951  100.00%

L1-Total-Hits:        1162855817   94.50%
L1-Total-Misses:        67732925    5.50%
L1-Total-Accesses:    1230588742  100.00%

L2 Cache Stats:
L2-Load-Hits:          32368872   83.51%
L2-Load-Misses:         6391051   16.49%
L2-Load-Accesses:      38759923  100.00%

L2-Store-Hits:          28410158   98.06%
L2-Store-Misses:          562844    1.94%
L2-Store-Accesses:      28973002  100.00%

L2-Total-Hits:          60779030   89.73%
L2-Total-Misses:         6953895   10.27%
L2-Total-Accesses:      67732925  100.00%

