--------
Total Statistics
--------
Total Instructions: 3184212341
Total Cycles: 10409914957
IPC: 0.305883

--------
Two level Cache hierarchy
--------
  L1-Data Cache:
    Size(KB):          32
    Block Size(B):     32
    Associativity:      4

  L2-Data Cache:
    Size(KB):         512
    Block Size(B):    256
    Associativity:      8

Latencies:    1   15  250
L1-Sets:  256 - LFU - assoc:   4
L2-Sets:  256 - LFU - assoc:   8
Store_allocation: Yes
L2_inclusive: Yes

L1 Cache Stats:
L1-Load-Hits:         700018048   92.42%
L1-Load-Misses:        57398959    7.58%
L1-Load-Accesses:     757417007  100.00%

L1-Store-Hits:         422976096   89.37%
L1-Store-Misses:        50285133   10.63%
L1-Store-Accesses:     473261229  100.00%

L1-Total-Hits:        1122994144   91.25%
L1-Total-Misses:       107684092    8.75%
L1-Total-Accesses:    1230678236  100.00%

L2 Cache Stats:
L2-Load-Hits:          42358361   73.80%
L2-Load-Misses:        15040598   26.20%
L2-Load-Accesses:      57398959  100.00%

L2-Store-Hits:          47806679   95.07%
L2-Store-Misses:         2478454    4.93%
L2-Store-Accesses:      50285133  100.00%

L2-Total-Hits:          90165040   83.73%
L2-Total-Misses:        17519052   16.27%
L2-Total-Accesses:     107684092  100.00%

