--------
Total Statistics
--------
Total Instructions: 3184164861
Total Cycles: 9116695817
IPC: 0.349267

--------
Two level Cache hierarchy
--------
  L1-Data Cache:
    Size(KB):          32
    Block Size(B):     32
    Associativity:      4

  L2-Data Cache:
    Size(KB):         256
    Block Size(B):    128
    Associativity:      8

Latencies:    1   15  250
L1-Sets:  256 - LRU - assoc:   4
L2-Sets:  256 - LRU - assoc:   8
Store_allocation: Yes
L2_inclusive: Yes

L1 Cache Stats:
L1-Load-Hits:         719431675   94.99%
L1-Load-Misses:        37957975    5.01%
L1-Load-Accesses:     757389650  100.00%

L1-Store-Hits:         443326477   93.68%
L1-Store-Misses:        29916544    6.32%
L1-Store-Accesses:     473243021  100.00%

L1-Total-Hits:        1162758152   94.48%
L1-Total-Misses:        67874519    5.52%
L1-Total-Accesses:    1230632671  100.00%

L2 Cache Stats:
L2-Load-Hits:          24987410   65.83%
L2-Load-Misses:        12970565   34.17%
L2-Load-Accesses:      37957975  100.00%

L2-Store-Hits:          28151987   94.10%
L2-Store-Misses:         1764557    5.90%
L2-Store-Accesses:      29916544  100.00%

L2-Total-Hits:          53139397   78.29%
L2-Total-Misses:        14735122   21.71%
L2-Total-Accesses:      67874519  100.00%

