--------
Total Statistics
--------
Total Instructions: 3184250794
Total Cycles: 6916065940
IPC: 0.460414

--------
Two level Cache hierarchy
--------
  L1-Data Cache:
    Size(KB):          32
    Block Size(B):     32
    Associativity:      4

  L2-Data Cache:
    Size(KB):        1024
    Block Size(B):    256
    Associativity:     16

Latencies:    1   15  250
L1-Sets:  256 - Random - assoc:   4
L2-Sets:  256 - Random - assoc:  16
Store_allocation: Yes
L2_inclusive: Yes

L1 Cache Stats:
L1-Load-Hits:         718064028   94.81%
L1-Load-Misses:        39332924    5.19%
L1-Load-Accesses:     757396952  100.00%

L1-Store-Hits:         446154128   94.27%
L1-Store-Misses:        27122716    5.73%
L1-Store-Accesses:     473276844  100.00%

L1-Total-Hits:        1164218156   94.60%
L1-Total-Misses:        66455640    5.40%
L1-Total-Accesses:    1230673796  100.00%

L2 Cache Stats:
L2-Load-Hits:          33893980   86.17%
L2-Load-Misses:         5438944   13.83%
L2-Load-Accesses:      39332924  100.00%

L2-Store-Hits:          26544433   97.87%
L2-Store-Misses:          578283    2.13%
L2-Store-Accesses:      27122716  100.00%

L2-Total-Hits:          60438413   90.95%
L2-Total-Misses:         6017227    9.05%
L2-Total-Accesses:      66455640  100.00%

