--------
Total Statistics
--------
Total Instructions: 3184229840
Total Cycles: 6459484498
IPC: 0.492954

--------
Two level Cache hierarchy
--------
  L1-Data Cache:
    Size(KB):          32
    Block Size(B):     32
    Associativity:      4

  L2-Data Cache:
    Size(KB):        2048
    Block Size(B):    256
    Associativity:     16

Latencies:    1   15  250
L1-Sets:  256 - Random - assoc:   4
L2-Sets:  512 - Random - assoc:  16
Store_allocation: Yes
L2_inclusive: Yes

L1 Cache Stats:
L1-Load-Hits:         718249634   94.83%
L1-Load-Misses:        39154752    5.17%
L1-Load-Accesses:     757404386  100.00%

L1-Store-Hits:         446767002   94.40%
L1-Store-Misses:        26500390    5.60%
L1-Store-Accesses:     473267392  100.00%

L1-Total-Hits:        1165016636   94.67%
L1-Total-Misses:        65655142    5.33%
L1-Total-Accesses:    1230671778  100.00%

L2 Cache Stats:
L2-Load-Hits:          35399722   90.41%
L2-Load-Misses:         3755030    9.59%
L2-Load-Accesses:      39154752  100.00%

L2-Store-Hits:          26016397   98.17%
L2-Store-Misses:          483993    1.83%
L2-Store-Accesses:      26500390  100.00%

L2-Total-Hits:          61416119   93.54%
L2-Total-Misses:         4239023    6.46%
L2-Total-Accesses:      65655142  100.00%

