--------
Total Statistics
--------
Total Instructions: 3183997644
Total Cycles: 6528056906
IPC: 0.48774

--------
Two level Cache hierarchy
--------
  L1-Data Cache:
    Size(KB):          32
    Block Size(B):     32
    Associativity:      4

  L2-Data Cache:
    Size(KB):        2048
    Block Size(B):    256
    Associativity:     16

Latencies:    1   15  250
L1-Sets:  256 - SRRIP - assoc:   4
L2-Sets:  512 - SRRIP - assoc:  16
Store_allocation: Yes
L2_inclusive: Yes

L1 Cache Stats:
L1-Load-Hits:         719535028   95.00%
L1-Load-Misses:        37840843    5.00%
L1-Load-Accesses:     757375871  100.00%

L1-Store-Hits:         444323682   93.89%
L1-Store-Misses:        28902129    6.11%
L1-Store-Accesses:     473225811  100.00%

L1-Total-Hits:        1163858710   94.58%
L1-Total-Misses:        66742972    5.42%
L1-Total-Accesses:    1230601682  100.00%

L2 Cache Stats:
L2-Load-Hits:          33855463   89.47%
L2-Load-Misses:         3985380   10.53%
L2-Load-Accesses:      37840843  100.00%

L2-Store-Hits:          28438257   98.40%
L2-Store-Misses:          463872    1.60%
L2-Store-Accesses:      28902129  100.00%

L2-Total-Hits:          62293720   93.33%
L2-Total-Misses:         4449252    6.67%
L2-Total-Accesses:      66742972  100.00%

