--------
Total Statistics
--------
Total Instructions: 3184167595
Total Cycles: 8453158020
IPC: 0.376684

--------
Two level Cache hierarchy
--------
  L1-Data Cache:
    Size(KB):          32
    Block Size(B):     32
    Associativity:      4

  L2-Data Cache:
    Size(KB):        2048
    Block Size(B):    256
    Associativity:     16

Latencies:    1   15  250
L1-Sets:  256 - LFU - assoc:   4
L2-Sets:  512 - LFU - assoc:  16
Store_allocation: Yes
L2_inclusive: Yes

L1 Cache Stats:
L1-Load-Hits:         702110636   92.70%
L1-Load-Misses:        55271742    7.30%
L1-Load-Accesses:     757382378  100.00%

L1-Store-Hits:         423957925   89.59%
L1-Store-Misses:        49282062   10.41%
L1-Store-Accesses:     473239987  100.00%

L1-Total-Hits:        1126068561   91.50%
L1-Total-Misses:       104553804    8.50%
L1-Total-Accesses:    1230622365  100.00%

L2 Cache Stats:
L2-Load-Hits:          46417120   83.98%
L2-Load-Misses:         8854622   16.02%
L2-Load-Accesses:      55271742  100.00%

L2-Store-Hits:          48256440   97.92%
L2-Store-Misses:         1025622    2.08%
L2-Store-Accesses:      49282062  100.00%

L2-Total-Hits:          94673560   90.55%
L2-Total-Misses:         9880244    9.45%
L2-Total-Accesses:     104553804  100.00%

