--------
Total Statistics
--------
Total Instructions: 3184236589
Total Cycles: 8260459379
IPC: 0.385479

--------
Two level Cache hierarchy
--------
  L1-Data Cache:
    Size(KB):          32
    Block Size(B):     32
    Associativity:      4

  L2-Data Cache:
    Size(KB):         512
    Block Size(B):    128
    Associativity:      4

Latencies:    1   15  250
L1-Sets:  256 - LRU - assoc:   4
L2-Sets: 1024 - LRU - assoc:   4
Store_allocation: Yes
L2_inclusive: Yes

L1 Cache Stats:
L1-Load-Hits:         719534075   95.00%
L1-Load-Misses:        37865206    5.00%
L1-Load-Accesses:     757399281  100.00%

L1-Store-Hits:         443887887   93.79%
L1-Store-Misses:        29370252    6.21%
L1-Store-Accesses:     473258139  100.00%

L1-Total-Hits:        1163421962   94.54%
L1-Total-Misses:        67235458    5.46%
L1-Total-Accesses:    1230657420  100.00%

L2 Cache Stats:
L2-Load-Hits:          27697942   73.15%
L2-Load-Misses:        10167264   26.85%
L2-Load-Accesses:      37865206  100.00%

L2-Store-Hits:          28189382   95.98%
L2-Store-Misses:         1180870    4.02%
L2-Store-Accesses:      29370252  100.00%

L2-Total-Hits:          55887324   83.12%
L2-Total-Misses:        11348134   16.88%
L2-Total-Accesses:      67235458  100.00%

