--------
Total Statistics
--------
Total Instructions: 3184275677
Total Cycles: 8041842648
IPC: 0.395963

--------
Two level Cache hierarchy
--------
  L1-Data Cache:
    Size(KB):          32
    Block Size(B):     32
    Associativity:      4

  L2-Data Cache:
    Size(KB):         256
    Block Size(B):    256
    Associativity:      8

Latencies:    1   15  250
L1-Sets:  256 - LRU - assoc:   4
L2-Sets:  128 - LRU - assoc:   8
Store_allocation: Yes
L2_inclusive: Yes

L1 Cache Stats:
L1-Load-Hits:         719311098   94.97%
L1-Load-Misses:        38097953    5.03%
L1-Load-Accesses:     757409051  100.00%

L1-Store-Hits:         443529977   93.71%
L1-Store-Misses:        29748978    6.29%
L1-Store-Accesses:     473278955  100.00%

L1-Total-Hits:        1162841075   94.49%
L1-Total-Misses:        67846931    5.51%
L1-Total-Accesses:    1230688006  100.00%

L2 Cache Stats:
L2-Load-Hits:          28676236   75.27%
L2-Load-Misses:         9421717   24.73%
L2-Load-Accesses:      38097953  100.00%

L2-Store-Hits:          28733995   96.59%
L2-Store-Misses:         1014983    3.41%
L2-Store-Accesses:      29748978  100.00%

L2-Total-Hits:          57410231   84.62%
L2-Total-Misses:        10436700   15.38%
L2-Total-Accesses:      67846931  100.00%

