--------
Total Statistics
--------
Total Instructions: 3184063303
Total Cycles: 8058033846
IPC: 0.395141

--------
Two level Cache hierarchy
--------
  L1-Data Cache:
    Size(KB):          32
    Block Size(B):     32
    Associativity:      4

  L2-Data Cache:
    Size(KB):         256
    Block Size(B):    256
    Associativity:      4

Latencies:    1   15  250
L1-Sets:  256 - LRU - assoc:   4
L2-Sets:  256 - LRU - assoc:   4
Store_allocation: Yes
L2_inclusive: Yes

L1 Cache Stats:
L1-Load-Hits:         719275899   94.97%
L1-Load-Misses:        38087288    5.03%
L1-Load-Accesses:     757363187  100.00%

L1-Store-Hits:         443442476   93.71%
L1-Store-Misses:        29783160    6.29%
L1-Store-Accesses:     473225636  100.00%

L1-Total-Hits:        1162718375   94.48%
L1-Total-Misses:        67870448    5.52%
L1-Total-Accesses:    1230588823  100.00%

L2 Cache Stats:
L2-Load-Hits:          28631406   75.17%
L2-Load-Misses:         9455882   24.83%
L2-Load-Accesses:      38087288  100.00%

L2-Store-Hits:          28737742   96.49%
L2-Store-Misses:         1045418    3.51%
L2-Store-Accesses:      29783160  100.00%

L2-Total-Hits:          57369148   84.53%
L2-Total-Misses:        10501300   15.47%
L2-Total-Accesses:      67870448  100.00%

