--------
Total Statistics
--------
Total Instructions: 3184062691
Total Cycles: 9464942468
IPC: 0.336406

--------
Two level Cache hierarchy
--------
  L1-Data Cache:
    Size(KB):          32
    Block Size(B):     32
    Associativity:      4

  L2-Data Cache:
    Size(KB):        1024
    Block Size(B):    256
    Associativity:     16

Latencies:    1   15  250
L1-Sets:  256 - LFU - assoc:   4
L2-Sets:  256 - LFU - assoc:  16
Store_allocation: Yes
L2_inclusive: Yes

L1 Cache Stats:
L1-Load-Hits:         701737764   92.66%
L1-Load-Misses:        55624245    7.34%
L1-Load-Accesses:     757362009  100.00%

L1-Store-Hits:         423898783   89.57%
L1-Store-Misses:        49338785   10.43%
L1-Store-Accesses:     473237568  100.00%

L1-Total-Hits:        1125636547   91.47%
L1-Total-Misses:       104963030    8.53%
L1-Total-Accesses:    1230599577  100.00%

L2 Cache Stats:
L2-Load-Hits:          43577510   78.34%
L2-Load-Misses:        12046735   21.66%
L2-Load-Accesses:      55624245  100.00%

L2-Store-Hits:          47482181   96.24%
L2-Store-Misses:         1856604    3.76%
L2-Store-Accesses:      49338785  100.00%

L2-Total-Hits:          91059691   86.75%
L2-Total-Misses:        13903339   13.25%
L2-Total-Accesses:     104963030  100.00%

