--------
Total Statistics
--------
Total Instructions: 3184111802
Total Cycles: 7408694133
IPC: 0.42978

--------
Two level Cache hierarchy
--------
  L1-Data Cache:
    Size(KB):          32
    Block Size(B):     32
    Associativity:      4

  L2-Data Cache:
    Size(KB):         512
    Block Size(B):    256
    Associativity:      8

Latencies:    1   15  250
L1-Sets:  256 - Random - assoc:   4
L2-Sets:  256 - Random - assoc:   8
Store_allocation: Yes
L2_inclusive: Yes

L1 Cache Stats:
L1-Load-Hits:         717987697   94.80%
L1-Load-Misses:        39388507    5.20%
L1-Load-Accesses:     757376204  100.00%

L1-Store-Hits:         446443014   94.33%
L1-Store-Misses:        26812813    5.67%
L1-Store-Accesses:     473255827  100.00%

L1-Total-Hits:        1164430711   94.62%
L1-Total-Misses:        66201320    5.38%
L1-Total-Accesses:    1230632031  100.00%

L2 Cache Stats:
L2-Load-Hits:          32109114   81.52%
L2-Load-Misses:         7279393   18.48%
L2-Load-Accesses:      39388507  100.00%

L2-Store-Hits:          26088484   97.30%
L2-Store-Misses:          724329    2.70%
L2-Store-Accesses:      26812813  100.00%

L2-Total-Hits:          58197598   87.91%
L2-Total-Misses:         8003722   12.09%
L2-Total-Accesses:      66201320  100.00%

