--------
Total Statistics
--------
Total Instructions: 3184239640
Total Cycles: 9054841186
IPC: 0.351662

--------
Two level Cache hierarchy
--------
  L1-Data Cache:
    Size(KB):          32
    Block Size(B):     32
    Associativity:      4

  L2-Data Cache:
    Size(KB):         512
    Block Size(B):     64
    Associativity:      8

Latencies:    1   15  250
L1-Sets:  256 - LRU - assoc:   4
L2-Sets: 1024 - LRU - assoc:   8
Store_allocation: Yes
L2_inclusive: Yes

L1 Cache Stats:
L1-Load-Hits:         719568345   95.01%
L1-Load-Misses:        37821702    4.99%
L1-Load-Accesses:     757390047  100.00%

L1-Store-Hits:         443671677   93.75%
L1-Store-Misses:        29595612    6.25%
L1-Store-Accesses:     473267289  100.00%

L1-Total-Hits:        1163240022   94.52%
L1-Total-Misses:        67417314    5.48%
L1-Total-Accesses:    1230657336  100.00%

L2 Cache Stats:
L2-Load-Hits:          25382619   67.11%
L2-Load-Misses:        12439083   32.89%
L2-Load-Accesses:      37821702  100.00%

L2-Store-Hits:          27519957   92.99%
L2-Store-Misses:         2075655    7.01%
L2-Store-Accesses:      29595612  100.00%

L2-Total-Hits:          52902576   78.47%
L2-Total-Misses:        14514738   21.53%
L2-Total-Accesses:      67417314  100.00%

