--------
Total Statistics
--------
Total Instructions: 3184155624
Total Cycles: 6632560799
IPC: 0.480079

--------
Two level Cache hierarchy
--------
  L1-Data Cache:
    Size(KB):          32
    Block Size(B):     32
    Associativity:      4

  L2-Data Cache:
    Size(KB):        2048
    Block Size(B):    256
    Associativity:     16

Latencies:    1   15  250
L1-Sets:  256 - LIP - assoc:   4
L2-Sets:  512 - LIP - assoc:  16
Store_allocation: Yes
L2_inclusive: Yes

L1 Cache Stats:
L1-Load-Hits:         718881024   94.91%
L1-Load-Misses:        38515220    5.09%
L1-Load-Accesses:     757396244  100.00%

L1-Store-Hits:         444107019   93.84%
L1-Store-Misses:        29153507    6.16%
L1-Store-Accesses:     473260526  100.00%

L1-Total-Hits:        1162988043   94.50%
L1-Total-Misses:        67668727    5.50%
L1-Total-Accesses:    1230656770  100.00%

L2 Cache Stats:
L2-Load-Hits:          34180049   88.74%
L2-Load-Misses:         4335171   11.26%
L2-Load-Accesses:      38515220  100.00%

L2-Store-Hits:          28677808   98.37%
L2-Store-Misses:          475699    1.63%
L2-Store-Accesses:      29153507  100.00%

L2-Total-Hits:          62857857   92.89%
L2-Total-Misses:         4810870    7.11%
L2-Total-Accesses:      67668727  100.00%

