--------
Total Statistics
--------
Total Instructions: 3184158173
Total Cycles: 7406635675
IPC: 0.429906

--------
Two level Cache hierarchy
--------
  L1-Data Cache:
    Size(KB):          32
    Block Size(B):     32
    Associativity:      4

  L2-Data Cache:
    Size(KB):        2048
    Block Size(B):     64
    Associativity:     16

Latencies:    1   15  250
L1-Sets:  256 - LRU - assoc:   4
L2-Sets: 2048 - LRU - assoc:  16
Store_allocation: Yes
L2_inclusive: Yes

L1 Cache Stats:
L1-Load-Hits:         719524172   95.00%
L1-Load-Misses:        37860748    5.00%
L1-Load-Accesses:     757384920  100.00%

L1-Store-Hits:         443459682   93.70%
L1-Store-Misses:        29802480    6.30%
L1-Store-Accesses:     473262162  100.00%

L1-Total-Hits:        1162983854   94.50%
L1-Total-Misses:        67663228    5.50%
L1-Total-Accesses:    1230647082  100.00%

L2 Cache Stats:
L2-Load-Hits:          31586122   83.43%
L2-Load-Misses:         6274626   16.57%
L2-Load-Accesses:      37860748  100.00%

L2-Store-Hits:          28169578   94.52%
L2-Store-Misses:         1632902    5.48%
L2-Store-Accesses:      29802480  100.00%

L2-Total-Hits:          59755700   88.31%
L2-Total-Misses:         7907528   11.69%
L2-Total-Accesses:      67663228  100.00%

